[+] Containers:
 |- [+] Container: /Game/ThirdPerson/Maps/ThirdPersonMap
 |   |- [+] ActorDescs:
 |   |   |- Guid:0821CF6A45130E2AE016FCB630784B62 BaseClass: NativeClass:/Script/Engine.StaticMeshActor Name:StaticMeshActor_UAID_74563CCA2621FF6802_1949178256 Label:Floorgrate28 SpatiallyLoaded:1 Bounds:IsValid=true, Min=(X=800.000 Y=1100.000 Z=0.000), Max=(X=900.000 Y=1200.000 Z=5.000) RuntimeGrid:None EditorOnly:0 RuntimeOnly:0 HLODRelevant:1
 |   |   |- Guid:08344B9449C2D77F53A0A6A1BD8C8DAA BaseClass: NativeClass:/Script/Engine.StaticMeshActor Name:StaticMeshActor_UAID_74563CCA2621FF6802_1966660288 Label:Floorgrate60 SpatiallyLoaded:1 Bounds:IsValid=true, Min=(X=400.000 Y=1100.000 Z=0.000), Max=(X=500.000 Y=1200.000 Z=5.000) RuntimeGrid:None EditorOnly:0 RuntimeOnly:0 HLODRelevant:1
 |   |   |- Guid:0A0D016C4CC2F40E1B758C9D00379315 BaseClass: NativeClass:/Script/Engine.StaticMeshActor Name:StaticMeshActor_UAID_74563CCA2621FF6802_1966649272 Label:Floorgrate44 SpatiallyLoaded:1 Bounds:IsValid=true, Min=(X=400.000 Y=700.000 Z=0.000), Max=(X=500.000 Y=800.000 Z=5.000) RuntimeGrid:None EditorOnly:0 RuntimeOnly:0 HLODRelevant:1
 |   |   |- Guid:0DA53C6C4B511F5B68460E808373C3D0 BaseClass: NativeClass:/Script/Engine.StaticMeshActor Name:StaticMeshActor_UAID_74563CCA2621FF6802_1966659286 Label:Floorgrate58 SpatiallyLoaded:1 Bounds:IsValid=true, Min=(X=400.000 Y=1000.000 Z=0.000), Max=(X=500.000 Y=1100.000 Z=5.000) RuntimeGrid:None EditorOnly:0 RuntimeOnly:0 HLODRelevant:1
 |   |   |- Guid:117522F0488E4B10831E57B964AAD019 BaseClass: NativeClass:/Script/Engine.StaticMeshActor Name:StaticMeshActor_UAID_74563CCA2621FF6802_1966663292 Label:Floorgrate64 SpatiallyLoaded:1 Bounds:IsValid=true, Min=(X=400.000 Y=1300.000 Z=0.000), Max=(X=500.000 Y=1400.000 Z=5.000) RuntimeGrid:None EditorOnly:0 RuntimeOnly:0 HLODRelevant:1
 |   |   |- Guid:14BDC29942FF37305D4291B53ADDF0C7 BaseClass: NativeClass:/Script/Engine.StaticMeshActor Name:StaticMeshActor_UAID_74563CCA2621FF6802_1966650273 Label:Floorgrate45 SpatiallyLoaded:1 Bounds:IsValid=true, Min=(X=300.000 Y=800.000 Z=0.000), Max=(X=400.000 Y=900.000 Z=5.000) RuntimeGrid:None EditorOnly:0 RuntimeOnly:0 HLODRelevant:1
 |   |   |- Guid:297CE46A4DA7E28E4D4674915CCB9653 BaseClass: NativeClass:/Script/Engine.StaticMeshActor Name:StaticMeshActor_UAID_74563CCA2621FF6802_1949178255 Label:Floorgrate27 SpatiallyLoaded:1 Bounds:IsValid=true, Min=(X=700.000 Y=1100.000 Z=0.000), Max=(X=800.000 Y=1200.000 Z=5.000) RuntimeGrid:None EditorOnly:0 RuntimeOnly:0 HLODRelevant:1
 |   |   |- Guid:29B4F284460460B2C670C88C04C67ADA BaseClass: NativeClass:/Script/Engine.StaticMeshActor Name:StaticMeshActor_UAID_74563CCA2621FF6802_1949179257 Label:Floorgrate29 SpatiallyLoaded:1 Bounds:IsValid=true, Min=(X=700.000 Y=1200.000 Z=0.000), Max=(X=800.000 Y=1300.000 Z=5.000) RuntimeGrid:None EditorOnly:0 RuntimeOnly:0 HLODRelevant:1
 |   |   |- Guid:2C24128C445AE8320F876F981C2F6059 BaseClass: NativeClass:/Script/Engine.StaticMeshActor Name:StaticMeshActor_UAID_74563CCA2621FF6802_1949173248 Label:Floorgrate20 SpatiallyLoaded:1 Bounds:IsValid=true, Min=(X=600.000 Y=1100.000 Z=0.000), Max=(X=700.000 Y=1200.000 Z=5.000) RuntimeGrid:None EditorOnly:0 RuntimeOnly:0 HLODRelevant:1
 |   |   |- Guid:2D63882C45CBD91EB36152B0002F3DB7 BaseClass: NativeClass:/Script/Engine.StaticMeshActor Name:StaticMeshActor_UAID_74563CCA2621FF6802_1753213235 Label:Floorgrate11 SpatiallyLoaded:1 Bounds:IsValid=true, Min=(X=700.000 Y=700.000 Z=0.000), Max=(X=800.000 Y=800.000 Z=5.000) RuntimeGrid:None EditorOnly:0 RuntimeOnly:0 HLODRelevant:1
 |   |   |- Guid:2FB58999456391D349DC0F86DAC136ED BaseClass: NativeClass:/Script/Engine.SkyLight Name:SkyLight_1 Label:SkyLight SpatiallyLoaded:0 Bounds:IsValid=true, Min=(X=0.000 Y=0.000 Z=690.000), Max=(X=0.000 Y=0.000 Z=690.000) RuntimeGrid:None EditorOnly:0 RuntimeOnly:0 HLODRelevant:0 FolderPath:Lighting FolderGuid:963EC3EB4002CCE9759E2EBA541A873A
 |   |   |- Guid:31373F0B419B3CF3D9AF33BF80DC0CD9 BaseClass: NativeClass:/Script/Engine.StaticMeshActor Name:StaticMeshActor_UAID_74563CCA2621FF6802_1966662290 Label:Floorgrate62 SpatiallyLoaded:1 Bounds:IsValid=true, Min=(X=400.000 Y=1200.000 Z=0.000), Max=(X=500.000 Y=1300.000 Z=5.000) RuntimeGrid:None EditorOnly:0 RuntimeOnly:0 HLODRelevant:1
 |   |   |- Guid:316CF2A6494ACA4C0E4180A87D36AB8F BaseClass: NativeClass:/Script/Engine.ExponentialHeightFog Name:ExponentialHeightFog_0 Label:ExponentialHeightFog SpatiallyLoaded:0 Bounds:IsValid=true, Min=(X=-5600.000 Y=-50.000 Z=-6850.000), Max=(X=-5600.000 Y=-50.000 Z=-6850.000) RuntimeGrid:None EditorOnly:0 RuntimeOnly:0 HLODRelevant:0 FolderPath:Lighting FolderGuid:963EC3EB4002CCE9759E2EBA541A873A
 |   |   |- Guid:31D3856A47C3A5F862D254BD7701AA02 BaseClass: NativeClass:/Script/Engine.StaticMeshActor Name:StaticMeshActor_UAID_74563CCA2621FF6802_1966654280 Label:Floorgrate52 SpatiallyLoaded:1 Bounds:IsValid=true, Min=(X=200.000 Y=1100.000 Z=0.000), Max=(X=300.000 Y=1200.000 Z=5.000) RuntimeGrid:None EditorOnly:0 RuntimeOnly:0 HLODRelevant:1
 |   |   |- Guid:37F1582B41F4C8477A5802872A142B97 BaseClass: NativeClass:/Script/Engine.StaticMeshActor Name:StaticMeshActor_UAID_74563CCA2621FF6802_1753215238 Label:Floorgrate14 SpatiallyLoaded:1 Bounds:IsValid=true, Min=(X=800.000 Y=800.000 Z=0.000), Max=(X=900.000 Y=900.000 Z=5.000) RuntimeGrid:None EditorOnly:0 RuntimeOnly:0 HLODRelevant:1
 |   |   |- Guid:3A00AA1C422CE54C0BDB60BAF471BFBB BaseClass: NativeClass:/Script/Engine.PlayerStart Name:PlayerStart_0 Label:PlayerStart SpatiallyLoaded:0 Bounds:IsValid=true, Min=(X=818.356 Y=1594.922 Z=5.013), Max=(X=898.356 Y=1674.922 Z=189.013) RuntimeGrid:None EditorOnly:0 RuntimeOnly:0 HLODRelevant:0
 |   |   |- Guid:3AA9D82143809F49B9FBDF8AA163EFE2 BaseClass: NativeClass:/Script/Engine.StaticMeshActor Name:StaticMeshActor_UAID_74563CCA2621FF6802_1966658285 Label:Floorgrate57 SpatiallyLoaded:1 Bounds:IsValid=true, Min=(X=300.000 Y=1000.000 Z=0.000), Max=(X=400.000 Y=1100.000 Z=5.000) RuntimeGrid:None EditorOnly:0 RuntimeOnly:0 HLODRelevant:1
 |   |   |- Guid:3B06D19B4F472CEA3671D6BB540F6292 BaseClass: NativeClass:/Script/Engine.StaticMeshActor Name:StaticMeshActor_UAID_74563CCA2621FF6802_1742929230 Label:Floorgrate6 SpatiallyLoaded:1 Bounds:IsValid=true, Min=(X=600.000 Y=800.000 Z=0.000), Max=(X=700.000 Y=900.000 Z=5.000) RuntimeGrid:None EditorOnly:0 RuntimeOnly:0 HLODRelevant:1
 |   |   |- Guid:3CC3ED6D4AB16DB6B395F49F2B8B60CA BaseClass: NativeClass:/Script/Engine.StaticMeshActor Name:StaticMeshActor_UAID_74563CCA2621FF6802_1966641262 Label:Floorgrate34 SpatiallyLoaded:1 Bounds:IsValid=true, Min=(X=200.000 Y=600.000 Z=0.000), Max=(X=300.000 Y=700.000 Z=5.000) RuntimeGrid:None EditorOnly:0 RuntimeOnly:0 HLODRelevant:1
 |   |   |- Guid:3DFDF41D4A8A3873E237AB81957EFBA8 BaseClass: NativeClass:/Script/Engine.StaticMeshActor Name:StaticMeshActor_UAID_74563CCA2621FF6802_1949174250 Label:Floorgrate22 SpatiallyLoaded:1 Bounds:IsValid=true, Min=(X=600.000 Y=1200.000 Z=0.000), Max=(X=700.000 Y=1300.000 Z=5.000) RuntimeGrid:None EditorOnly:0 RuntimeOnly:0 HLODRelevant:1
 |   |   |- Guid:426A273640F9337A64013389581762BB BaseClass: NativeClass:/Script/Engine.StaticMeshActor Name:StaticMeshActor_UAID_74563CCA2621FF6802_1966652276 Label:Floorgrate48 SpatiallyLoaded:1 Bounds:IsValid=true, Min=(X=400.000 Y=900.000 Z=0.000), Max=(X=500.000 Y=1000.000 Z=5.000) RuntimeGrid:None EditorOnly:0 RuntimeOnly:0 HLODRelevant:1
 |   |   |- Guid:44E2C1834E1C0EA41212429BE2738770 BaseClass: NativeClass:/Script/Engine.StaticMeshActor Name:StaticMeshActor_UAID_74563CCA2621FF6802_1966646268 Label:Floorgrate40 SpatiallyLoaded:1 Bounds:IsValid=true, Min=(X=200.000 Y=900.000 Z=0.000), Max=(X=300.000 Y=1000.000 Z=5.000) RuntimeGrid:None EditorOnly:0 RuntimeOnly:0 HLODRelevant:1
 |   |   |- Guid:4D3BE93F4146AAAC8BBE79999D96D57F BaseClass: NativeClass:/Script/Engine.VolumetricCloud Name:VolumetricCloud_0 Label:VolumetricCloud SpatiallyLoaded:0 Bounds:IsValid=true, Min=(X=0.000 Y=0.000 Z=820.000), Max=(X=0.000 Y=0.000 Z=820.000) RuntimeGrid:None EditorOnly:0 RuntimeOnly:0 HLODRelevant:0 FolderPath:Lighting FolderGuid:963EC3EB4002CCE9759E2EBA541A873A
 |   |   |- Guid:4F6B98AC4319609535C780B0836C2C7F BaseClass: NativeClass:/Script/Engine.StaticMeshActor Name:StaticMeshActor_UAID_74563CCA2621FF6802_1753216239 Label:Floorgrate15 SpatiallyLoaded:1 Bounds:IsValid=true, Min=(X=700.000 Y=900.000 Z=0.000), Max=(X=800.000 Y=1000.000 Z=5.000) RuntimeGrid:None EditorOnly:0 RuntimeOnly:0 HLODRelevant:1
 |   |   |- Guid:5304CBB9432197B41DF3B3BCD6C439AC BaseClass: NativeClass:/Script/Engine.StaticMeshActor Name:StaticMeshActor_UAID_74563CCA2621FF6802_1949172247 Label:Floorgrate19 SpatiallyLoaded:1 Bounds:IsValid=true, Min=(X=500.000 Y=1100.000 Z=0.000), Max=(X=600.000 Y=1200.000 Z=5.000) RuntimeGrid:None EditorOnly:0 RuntimeOnly:0 HLODRelevant:1
 |   |   |- Guid:53289E5F4D9E363FA55BB985E3FE298D BaseClass: NativeClass:/Script/Engine.StaticMeshActor Name:StaticMeshActor_UAID_74563CCA2621FF6802_1949180258 Label:Floorgrate30 SpatiallyLoaded:1 Bounds:IsValid=true, Min=(X=800.000 Y=1200.000 Z=0.000), Max=(X=900.000 Y=1300.000 Z=5.000) RuntimeGrid:None EditorOnly:0 RuntimeOnly:0 HLODRelevant:1
 |   |   |- Guid:53495B054BA9B54D91515E8B69507823 BaseClass: NativeClass:/Script/Engine.StaticMeshActor Name:StaticMeshActor_UAID_74563CCA2621FF6802_1949175251 Label:Floorgrate23 SpatiallyLoaded:1 Bounds:IsValid=true, Min=(X=500.000 Y=1300.000 Z=0.000), Max=(X=600.000 Y=1400.000 Z=5.000) RuntimeGrid:None EditorOnly:0 RuntimeOnly:0 HLODRelevant:1
 |   |   |- Guid:5420443C48A44C612BF3CFAF5352CB3C BaseClass: NativeClass:/Script/Engine.StaticMeshActor Name:StaticMeshActor_UAID_74563CCA2621FF6802_1742930232 Label:Floorgrate8 SpatiallyLoaded:1 Bounds:IsValid=true, Min=(X=600.000 Y=900.000 Z=0.000), Max=(X=700.000 Y=1000.000 Z=5.000) RuntimeGrid:None EditorOnly:0 RuntimeOnly:0 HLODRelevant:1
 |   |   |- Guid:550A93004D8E3A7754D710AFC7DF3DB4 BaseClass: NativeClass:/Script/Engine.StaticMeshActor Name:StaticMeshActor_UAID_74563CCA2621FF6802_1966647270 Label:Floorgrate42 SpatiallyLoaded:1 Bounds:IsValid=true, Min=(X=400.000 Y=600.000 Z=0.000), Max=(X=500.000 Y=700.000 Z=5.000) RuntimeGrid:None EditorOnly:0 RuntimeOnly:0 HLODRelevant:1
 |   |   |- Guid:59C0B96847D9FB374D464CA5E83522D4 BaseClass: NativeClass:/Script/Engine.StaticMeshActor Name:StaticMeshActor_UAID_74563CCA2621FF6802_1966642263 Label:Floorgrate35 SpatiallyLoaded:1 Bounds:IsValid=true, Min=(X=100.000 Y=700.000 Z=0.000), Max=(X=200.000 Y=800.000 Z=5.000) RuntimeGrid:None EditorOnly:0 RuntimeOnly:0 HLODRelevant:1
 |   |   |- Guid:5B97F4A64FB21F77EFC44386BF705B4C BaseClass: NativeClass:/Script/Engine.TextRenderActor Name:TextRenderActor_1 Label:TextRenderActor SpatiallyLoaded:1 Bounds:IsValid=true, Min=(X=-0.100 Y=1100.000 Z=65.013), Max=(X=-0.100 Y=2392.308 Z=215.013) RuntimeGrid:None EditorOnly:0 RuntimeOnly:0 HLODRelevant:0
 |   |   |- Guid:653021B74DA2CA594467ED8B947ECAB9 BaseClass: NativeClass:/Script/Engine.StaticMeshActor Name:StaticMeshActor_UAID_74563CCA2621FF6802_1753211233 Label:Floorgrate9 SpatiallyLoaded:1 Bounds:IsValid=true, Min=(X=700.000 Y=600.000 Z=0.000), Max=(X=800.000 Y=700.000 Z=5.000) RuntimeGrid:None EditorOnly:0 RuntimeOnly:0 HLODRelevant:1
 |   |   |- Guid:6556D3864D65D267E3F3589177EAF516 BaseClass: NativeClass:/Script/Engine.StaticMeshActor Name:StaticMeshActor_UAID_74563CCA2621FF6802_1949176252 Label:Floorgrate24 SpatiallyLoaded:1 Bounds:IsValid=true, Min=(X=600.000 Y=1300.000 Z=0.000), Max=(X=700.000 Y=1400.000 Z=5.000) RuntimeGrid:None EditorOnly:0 RuntimeOnly:0 HLODRelevant:1
 |   |   |- Guid:66895FFD40D9CBE93184DE9BC0105024 BaseClass: NativeClass:/Script/Engine.StaticMeshActor Name:StaticMeshActor_UAID_74563CCA2621FF6802_1966650274 Label:Floorgrate46 SpatiallyLoaded:1 Bounds:IsValid=true, Min=(X=400.000 Y=800.000 Z=0.000), Max=(X=500.000 Y=900.000 Z=5.000) RuntimeGrid:None EditorOnly:0 RuntimeOnly:0 HLODRelevant:1
 |   |   |- Guid:6777BBDF4135B526C9BA778232291D17 BaseClass: NativeClass:/Script/Engine.StaticMeshActor Name:StaticMeshActor_UAID_74563CCA2621FF6802_1739826227 Label:Floorgrate3 SpatiallyLoaded:1 Bounds:IsValid=true, Min=(X=500.000 Y=700.000 Z=0.000), Max=(X=600.000 Y=800.000 Z=5.000) RuntimeGrid:None EditorOnly:0 RuntimeOnly:0 HLODRelevant:1
 |   |   |- Guid:6BAF4DDD444C60371492D3919DB42C97 BaseClass: NativeClass:/Script/Engine.WorldDataLayers Name:WorldDataLayers Label:WorldDataLayers SpatiallyLoaded:0 Bounds:IsValid=true, Min=(X=0.000 Y=0.000 Z=0.000), Max=(X=0.000 Y=0.000 Z=0.000) RuntimeGrid:None EditorOnly:0 RuntimeOnly:0 HLODRelevant:0
 |   |   |- Guid:6BEE83054CB4225AE3DC7D960A7AA608 BaseClass: NativeClass:/Script/Engine.StaticMeshActor Name:StaticMeshActor_UAID_74563CCA2621FF6802_1966644265 Label:Floorgrate37 SpatiallyLoaded:1 Bounds:IsValid=true, Min=(X=100.000 Y=800.000 Z=0.000), Max=(X=200.000 Y=900.000 Z=5.000) RuntimeGrid:None EditorOnly:0 RuntimeOnly:0 HLODRelevant:1
 |   |   |- Guid:6D17D9294DAD6CD42A7673A2AD9D0F9D BaseClass: NativeClass:/Script/Engine.StaticMeshActor Name:StaticMeshActor_UAID_74563CCA2621FF6802_1966652277 Label:Floorgrate49 SpatiallyLoaded:1 Bounds:IsValid=true, Min=(X=100.000 Y=1000.000 Z=0.000), Max=(X=200.000 Y=1100.000 Z=5.000) RuntimeGrid:None EditorOnly:0 RuntimeOnly:0 HLODRelevant:1
 |   |   |- Guid:6D6AF75F43B0C4539FD3529284D8FDBD BaseClass: NativeClass:/Script/Engine.StaticMeshActor Name:StaticMeshActor_UAID_74563CCA2621FF6802_1949176253 Label:Floorgrate25 SpatiallyLoaded:1 Bounds:IsValid=true, Min=(X=700.000 Y=1000.000 Z=0.000), Max=(X=800.000 Y=1100.000 Z=5.000) RuntimeGrid:None EditorOnly:0 RuntimeOnly:0 HLODRelevant:1
 |   |   |- Guid:6F87C92849C3D8C5025249A82CF65EB3 BaseClass: NativeClass:/Script/Engine.StaticMeshActor Name:StaticMeshActor_UAID_74563CCA2621FF6802_1949181260 Label:Floorgrate32 SpatiallyLoaded:1 Bounds:IsValid=true, Min=(X=800.000 Y=1300.000 Z=0.000), Max=(X=900.000 Y=1400.000 Z=5.000) RuntimeGrid:None EditorOnly:0 RuntimeOnly:0 HLODRelevant:1
 |   |   |- Guid:7090DBF844DC333FDCC55E862711A6C1 BaseClass:/Game/ThirdPerson/Blueprints/BP_Ship.BP_Ship_C NativeClass:/Script/ChaosVehicles.WheeledVehiclePawn Name:BP_Ship_C_UAID_74563CCA2621996902_1640819307 Label:BP_Ship SpatiallyLoaded:1 Bounds:IsValid=true, Min=(X=1226.792 Y=1313.454 Z=-274.338), Max=(X=2457.621 Y=2118.333 Z=519.207) RuntimeGrid:None EditorOnly:0 RuntimeOnly:0 HLODRelevant:0
 |   |   |- Guid:725378F648A24DDC12871385F6AC50ED BaseClass: NativeClass:/Script/Engine.StaticMeshActor Name:StaticMeshActor_UAID_74563CCA2621FF6802_1734647226 Label:Floorgrate2 SpatiallyLoaded:1 Bounds:IsValid=true, Min=(X=600.000 Y=600.000 Z=0.000), Max=(X=700.000 Y=700.000 Z=5.000) RuntimeGrid:None EditorOnly:0 RuntimeOnly:0 HLODRelevant:1
 |   |   |- Guid:79C618034E9DA183AF9A6B94038718FF BaseClass: NativeClass:/Script/Engine.StaticMeshActor Name:StaticMeshActor_UAID_74563CCA2621FF6802_1739827228 Label:Floorgrate4 SpatiallyLoaded:1 Bounds:IsValid=true, Min=(X=600.000 Y=700.000 Z=0.000), Max=(X=700.000 Y=800.000 Z=5.000) RuntimeGrid:None EditorOnly:0 RuntimeOnly:0 HLODRelevant:1
 |   |   |- Guid:7D5E06B849269423DA98C184154CDB9B BaseClass: NativeClass:/Script/Engine.StaticMeshActor Name:StaticMeshActor_UAID_74563CCA2621FF6802_1966647269 Label:Floorgrate41 SpatiallyLoaded:1 Bounds:IsValid=true, Min=(X=300.000 Y=600.000 Z=0.000), Max=(X=400.000 Y=700.000 Z=5.000) RuntimeGrid:None EditorOnly:0 RuntimeOnly:0 HLODRelevant:1
 |   |   |- Guid:87163B2A4D11D64AC8B719B0C97A6A75 BaseClass: NativeClass:/Script/Engine.StaticMeshActor Name:StaticMeshActor_UAID_74563CCA2621FF6802_1966655281 Label:Floorgrate53 SpatiallyLoaded:1 Bounds:IsValid=true, Min=(X=100.000 Y=1200.000 Z=0.000), Max=(X=200.000 Y=1300.000 Z=5.000) RuntimeGrid:None EditorOnly:0 RuntimeOnly:0 HLODRelevant:1
 |   |   |- Guid:894D31D44776AA5B09EB5DB563BFEF8C BaseClass: NativeClass:/Script/Engine.StaticMeshActor Name:StaticMeshActor_UAID_74563CCA2621FF6802_1878417241 Label:Railings_Space SpatiallyLoaded:1 Bounds:IsValid=true, Min=(X=560.757 Y=906.109 Z=5.250), Max=(X=569.421 Y=923.866 Z=108.173) RuntimeGrid:None EditorOnly:0 RuntimeOnly:0 HLODRelevant:1
 |   |   |- Guid:8DC0298D4567DA3F4B3708A9C37E22A5 BaseClass: NativeClass:/Script/Engine.StaticMeshActor Name:StaticMeshActor_UAID_74563CCA2621FF6802_1949177254 Label:Floorgrate26 SpatiallyLoaded:1 Bounds:IsValid=true, Min=(X=800.000 Y=1000.000 Z=0.000), Max=(X=900.000 Y=1100.000 Z=5.000) RuntimeGrid:None EditorOnly:0 RuntimeOnly:0 HLODRelevant:1
 |   |   |- Guid:90E6A21240134D63652A218075E1CDC9 BaseClass: NativeClass:/Script/Engine.StaticMeshActor Name:StaticMeshActor_UAID_74563CCA2621FF6802_1742929231 Label:Floorgrate7 SpatiallyLoaded:1 Bounds:IsValid=true, Min=(X=500.000 Y=900.000 Z=0.000), Max=(X=600.000 Y=1000.000 Z=5.000) RuntimeGrid:None EditorOnly:0 RuntimeOnly:0 HLODRelevant:1
 |   |   |- Guid:951D1EA342055F661EF43FB953358D9E BaseClass: NativeClass:/Script/Engine.StaticMeshActor Name:StaticMeshActor_UAID_74563CCA2621FF6802_1753214237 Label:Floorgrate13 SpatiallyLoaded:1 Bounds:IsValid=true, Min=(X=700.000 Y=800.000 Z=0.000), Max=(X=800.000 Y=900.000 Z=5.000) RuntimeGrid:None EditorOnly:0 RuntimeOnly:0 HLODRelevant:1
 |   |   |- Guid:99A713A642F72D7B051953872AF4BE16 BaseClass: NativeClass:/Script/Engine.StaticMeshActor Name:StaticMeshActor_UAID_74563CCA2621FF6802_1936951244 Label:Railings_Railing2 SpatiallyLoaded:1 Bounds:IsValid=true, Min=(X=560.668 Y=973.878 Z=5.000), Max=(X=569.332 Y=1023.878 Z=107.923) RuntimeGrid:None EditorOnly:0 RuntimeOnly:0 HLODRelevant:1
 |   |   |- Guid:9A8517774EA1EC40F6EE3A828EAF3CB1 BaseClass: NativeClass:/Script/Engine.StaticMeshActor Name:StaticMeshActor_UAID_74563CCA2621FF6802_1949180259 Label:Floorgrate31 SpatiallyLoaded:1 Bounds:IsValid=true, Min=(X=700.000 Y=1300.000 Z=0.000), Max=(X=800.000 Y=1400.000 Z=5.000) RuntimeGrid:None EditorOnly:0 RuntimeOnly:0 HLODRelevant:1
 |   |   |- Guid:9C287B844BC012375254CD8D86483EC7 BaseClass: NativeClass:/Script/Engine.StaticMeshActor Name:StaticMeshActor_UAID_74563CCA2621FF6802_1949174249 Label:Floorgrate21 SpatiallyLoaded:1 Bounds:IsValid=true, Min=(X=500.000 Y=1200.000 Z=0.000), Max=(X=600.000 Y=1300.000 Z=5.000) RuntimeGrid:None EditorOnly:0 RuntimeOnly:0 HLODRelevant:1
 |   |   |- Guid:A0220D964032CCA929A81D994F1599D4 BaseClass: NativeClass:/Script/Engine.StaticMeshActor Name:StaticMeshActor_UAID_74563CCA2621FF6802_1966661289 Label:Floorgrate61 SpatiallyLoaded:1 Bounds:IsValid=true, Min=(X=300.000 Y=1200.000 Z=0.000), Max=(X=400.000 Y=1300.000 Z=5.000) RuntimeGrid:None EditorOnly:0 RuntimeOnly:0 HLODRelevant:1
 |   |   |- Guid:A0BDF1034536A2FDFC9AB9A0EC4D37CE BaseClass: NativeClass:/Script/Engine.StaticMeshActor Name:StaticMeshActor_UAID_74563CCA2621FF6802_1753212234 Label:Floorgrate10 SpatiallyLoaded:1 Bounds:IsValid=true, Min=(X=800.000 Y=600.000 Z=0.000), Max=(X=900.000 Y=700.000 Z=5.000) RuntimeGrid:None EditorOnly:0 RuntimeOnly:0 HLODRelevant:1
 |   |   |- Guid:A56216954B2165CF0F35A886B537D536 BaseClass: NativeClass:/Script/Engine.StaticMeshActor Name:StaticMeshActor_0 Label:SM_Cube5 SpatiallyLoaded:1 Bounds:IsValid=true, Min=(X=-0.000 Y=100.000 Z=0.000), Max=(X=100.000 Y=3400.000 Z=400.000) RuntimeGrid:None EditorOnly:0 RuntimeOnly:0 HLODRelevant:1 FolderPath:Playground FolderGuid:C73F09FC4215536B1DCE2A9E0A830C70
 |   |   |- Guid:ADB52F554C683DFDFD2D34AD06CBDB7E BaseClass: NativeClass:/Script/Engine.StaticMeshActor Name:StaticMeshActor_UAID_74563CCA2621FF6802_1966653278 Label:Floorgrate50 SpatiallyLoaded:1 Bounds:IsValid=true, Min=(X=200.000 Y=1000.000 Z=0.000), Max=(X=300.000 Y=1100.000 Z=5.000) RuntimeGrid:None EditorOnly:0 RuntimeOnly:0 HLODRelevant:1
 |   |   |- Guid:B16C841B467A4809D47DC5BE57514CAD BaseClass:/Game/ThirdPerson/Blueprints/BP_Fish.BP_Fish_C NativeClass:/Script/Engine.Pawn Name:BP_Fish_C_UAID_74563CCA26210B4B02_1950236632 Label:BP_Fish SpatiallyLoaded:1 Bounds:IsValid=true, Min=(X=1122.990 Y=1689.662 Z=149.063), Max=(X=1918.580 Y=2169.662 Z=629.063) RuntimeGrid:None EditorOnly:0 RuntimeOnly:0 HLODRelevant:0
 |   |   |- Guid:B4FBB2B841E66DEFCA76F0906CB88228 BaseClass: NativeClass:/Script/Engine.StaticMeshActor Name:StaticMeshActor_UAID_74563CCA2621FF6802_1966645267 Label:Floorgrate39 SpatiallyLoaded:1 Bounds:IsValid=true, Min=(X=100.000 Y=900.000 Z=0.000), Max=(X=200.000 Y=1000.000 Z=5.000) RuntimeGrid:None EditorOnly:0 RuntimeOnly:0 HLODRelevant:1
 |   |   |- Guid:B5B3356C48069D4C69A7C889F9CAC2D5 BaseClass: NativeClass:/Script/Engine.StaticMeshActor Name:StaticMeshActor_UAID_74563CCA2621FF6802_1966660287 Label:Floorgrate59 SpatiallyLoaded:1 Bounds:IsValid=true, Min=(X=300.000 Y=1100.000 Z=0.000), Max=(X=400.000 Y=1200.000 Z=5.000) RuntimeGrid:None EditorOnly:0 RuntimeOnly:0 HLODRelevant:1
 |   |   |- Guid:B6A5DE7846E1F0CF293C4AABE84D22B7 BaseClass: NativeClass:/Script/Engine.StaticMeshActor Name:StaticMeshActor_UAID_74563CCA2621FF6802_1966648271 Label:Floorgrate43 SpatiallyLoaded:1 Bounds:IsValid=true, Min=(X=300.000 Y=700.000 Z=0.000), Max=(X=400.000 Y=800.000 Z=5.000) RuntimeGrid:None EditorOnly:0 RuntimeOnly:0 HLODRelevant:1
 |   |   |- Guid:B785ED2844B84CFB91E7F39FE661CD99 BaseClass: NativeClass:/Script/Engine.DirectionalLight Name:DirectionalLight_0 Label:DirectionalLight SpatiallyLoaded:0 Bounds:IsValid=true, Min=(X=-1048576.000 Y=-1048576.000 Z=-1048576.000), Max=(X=1048576.000 Y=1048576.000 Z=1048576.000) RuntimeGrid:None EditorOnly:0 RuntimeOnly:0 HLODRelevant:0 FolderPath:Lighting FolderGuid:963EC3EB4002CCE9759E2EBA541A873A
 |   |   |- Guid:BA5CE8734B719F6112CB36BEEB1697CC BaseClass: NativeClass:/Script/Engine.StaticMeshActor Name:StaticMeshActor_UAID_74563CCA2621FF6802_1966656282 Label:Floorgrate54 SpatiallyLoaded:1 Bounds:IsValid=true, Min=(X=200.000 Y=1200.000 Z=0.000), Max=(X=300.000 Y=1300.000 Z=5.000) RuntimeGrid:None EditorOnly:0 RuntimeOnly:0 HLODRelevant:1
 |   |   |- Guid:BC08B79C4EA3C961CFF75EBBE83B367D BaseClass: NativeClass:/Script/Engine.StaticMeshActor Name:StaticMeshActor_5 Label:SM_Cube2 SpatiallyLoaded:1 Bounds:IsValid=true, Min=(X=0.000 Y=0.000 Z=0.000), Max=(X=3000.000 Y=100.000 Z=400.000) RuntimeGrid:None EditorOnly:0 RuntimeOnly:0 HLODRelevant:1 FolderPath:Playground FolderGuid:C73F09FC4215536B1DCE2A9E0A830C70
 |   |   |- Guid:BDC11732432C9ED578CBF5989EBEFB13 BaseClass: NativeClass:/Script/Engine.StaticMeshActor Name:StaticMeshActor_UAID_74563CCA2621FF6802_1883193242 Label:Railings_Railing SpatiallyLoaded:1 Bounds:IsValid=true, Min=(X=560.668 Y=923.878 Z=5.000), Max=(X=569.332 Y=973.878 Z=107.923) RuntimeGrid:None EditorOnly:0 RuntimeOnly:0 HLODRelevant:1
 |   |   |- Guid:BF22261F4EF5E84F255BB2B9FDDFD1E0 BaseClass: NativeClass:/Script/Engine.StaticMeshActor Name:StaticMeshActor_UAID_74563CCA2621FF6802_1949171246 Label:Floorgrate18 SpatiallyLoaded:1 Bounds:IsValid=true, Min=(X=600.000 Y=1000.000 Z=0.000), Max=(X=700.000 Y=1100.000 Z=5.000) RuntimeGrid:None EditorOnly:0 RuntimeOnly:0 HLODRelevant:1
 |   |   |- Guid:C7F2FF0E437CC86CFA429B80F0138389 BaseClass: NativeClass:/Script/Engine.StaticMeshActor Name:StaticMeshActor_UAID_74563CCA2621FF6802_1966662291 Label:Floorgrate63 SpatiallyLoaded:1 Bounds:IsValid=true, Min=(X=300.000 Y=1300.000 Z=0.000), Max=(X=400.000 Y=1400.000 Z=5.000) RuntimeGrid:None EditorOnly:0 RuntimeOnly:0 HLODRelevant:1
 |   |   |- Guid:CB33011E40C50AF36051BDAE82E0EB53 BaseClass: NativeClass:/Script/Engine.StaticMeshActor Name:StaticMeshActor_UAID_74563CCA2621FF6802_1966651275 Label:Floorgrate47 SpatiallyLoaded:1 Bounds:IsValid=true, Min=(X=300.000 Y=900.000 Z=0.000), Max=(X=400.000 Y=1000.000 Z=5.000) RuntimeGrid:None EditorOnly:0 RuntimeOnly:0 HLODRelevant:1
 |   |   |- Guid:CC1AA2BB464DF59A062546A2629CE379 BaseClass: NativeClass:/Script/Engine.StaticMeshActor Name:StaticMeshActor_UAID_74563CCA2621FF6802_1966640261 Label:Floorgrate33 SpatiallyLoaded:1 Bounds:IsValid=true, Min=(X=100.000 Y=600.000 Z=0.000), Max=(X=200.000 Y=700.000 Z=5.000) RuntimeGrid:None EditorOnly:0 RuntimeOnly:0 HLODRelevant:1
 |   |   |- Guid:CCFF262C46EEFFDF319E7F9539CE697E BaseClass: NativeClass:/Script/Engine.SkyAtmosphere Name:SkyAtmosphere_0 Label:SkyAtmosphere SpatiallyLoaded:0 Bounds:IsValid=true, Min=(X=0.000 Y=0.000 Z=1020.000), Max=(X=0.000 Y=0.000 Z=1020.000) RuntimeGrid:None EditorOnly:0 RuntimeOnly:0 HLODRelevant:0 FolderPath:Lighting FolderGuid:963EC3EB4002CCE9759E2EBA541A873A
 |   |   |- Guid:CD73B8D8494C9CFE9137D18BF87CBA69 BaseClass: NativeClass:/Script/Engine.StaticMeshActor Name:StaticMeshActor_UAID_74563CCA2621FF6802_1966657283 Label:Floorgrate55 SpatiallyLoaded:1 Bounds:IsValid=true, Min=(X=100.000 Y=1300.000 Z=0.000), Max=(X=200.000 Y=1400.000 Z=5.000) RuntimeGrid:None EditorOnly:0 RuntimeOnly:0 HLODRelevant:1
 |   |   |- Guid:D18412424BB33CF53E9C88865FBA6A20 BaseClass: NativeClass:/Script/Engine.StaticMeshActor Name:StaticMeshActor_UAID_74563CCA2621FF6802_1966654279 Label:Floorgrate51 SpatiallyLoaded:1 Bounds:IsValid=true, Min=(X=100.000 Y=1100.000 Z=0.000), Max=(X=200.000 Y=1200.000 Z=5.000) RuntimeGrid:None EditorOnly:0 RuntimeOnly:0 HLODRelevant:1
 |   |   |- Guid:D3FD71984D5242B17181CEADEC719FA2 BaseClass: NativeClass:/Script/Engine.StaticMeshActor Name:StaticMeshActor_UAID_74563CCA2621FF6802_1753214236 Label:Floorgrate12 SpatiallyLoaded:1 Bounds:IsValid=true, Min=(X=800.000 Y=700.000 Z=0.000), Max=(X=900.000 Y=800.000 Z=5.000) RuntimeGrid:None EditorOnly:0 RuntimeOnly:0 HLODRelevant:1
 |   |   |- Guid:D8EEE0A0467798D29BFFC7A09321C814 BaseClass: NativeClass:/Script/Engine.StaticMeshActor Name:StaticMeshActor_UAID_74563CCA2621FF6802_1753216240 Label:Floorgrate16 SpatiallyLoaded:1 Bounds:IsValid=true, Min=(X=800.000 Y=900.000 Z=0.000), Max=(X=900.000 Y=1000.000 Z=5.000) RuntimeGrid:None EditorOnly:0 RuntimeOnly:0 HLODRelevant:1
 |   |   |- Guid:DDFE93D9418078712DE9C1B447203522 BaseClass: NativeClass:/Script/Engine.StaticMeshActor Name:StaticMeshActor_UAID_74563CCA2621FF6802_1742927229 Label:Floorgrate5 SpatiallyLoaded:1 Bounds:IsValid=true, Min=(X=500.000 Y=800.000 Z=0.000), Max=(X=600.000 Y=900.000 Z=5.000) RuntimeGrid:None EditorOnly:0 RuntimeOnly:0 HLODRelevant:1
 |   |   |- Guid:E463FF944A83696104B66E8A098B67C2 BaseClass: NativeClass:/Script/Engine.StaticMeshActor Name:StaticMeshActor_UAID_74563CCA2621FF6802_1966657284 Label:Floorgrate56 SpatiallyLoaded:1 Bounds:IsValid=true, Min=(X=200.000 Y=1300.000 Z=0.000), Max=(X=300.000 Y=1400.000 Z=5.000) RuntimeGrid:None EditorOnly:0 RuntimeOnly:0 HLODRelevant:1
 |   |   |- Guid:E7B57C174D2C064A5D6EC49175886C22 BaseClass: NativeClass:/Script/Engine.StaticMeshActor Name:StaticMeshActor_UAID_74563CCA2621FF6802_1966645266 Label:Floorgrate38 SpatiallyLoaded:1 Bounds:IsValid=true, Min=(X=200.000 Y=800.000 Z=0.000), Max=(X=300.000 Y=900.000 Z=5.000) RuntimeGrid:None EditorOnly:0 RuntimeOnly:0 HLODRelevant:1
 |   |   |- Guid:E88933B542072EFA4F077680D231F6EA BaseClass: NativeClass:/Script/Engine.StaticMeshActor Name:StaticMeshActor_UAID_74563CCA2621FF6802_1949170245 Label:Floorgrate17 SpatiallyLoaded:1 Bounds:IsValid=true, Min=(X=500.000 Y=1000.000 Z=0.000), Max=(X=600.000 Y=1100.000 Z=5.000) RuntimeGrid:None EditorOnly:0 RuntimeOnly:0 HLODRelevant:1
 |   |   |- Guid:EAA0208B42EB9D78A43A86BEF7898934 BaseClass: NativeClass:/Script/Engine.StaticMeshActor Name:StaticMeshActor_UAID_74563CCA2621FF6802_1966643264 Label:Floorgrate36 SpatiallyLoaded:1 Bounds:IsValid=true, Min=(X=200.000 Y=700.000 Z=0.000), Max=(X=300.000 Y=800.000 Z=5.000) RuntimeGrid:None EditorOnly:0 RuntimeOnly:0 HLODRelevant:1
 |   |   |- Guid:EC4E0C944CE6AC6E784BC6BB2916EA13 BaseClass: NativeClass:/Script/Engine.StaticMeshActor Name:StaticMeshActor_UAID_A4AE111137DC5EFB00_1110535423 Label:SM_SkySphere SpatiallyLoaded:0 Bounds:IsValid=true, Min=(X=-1638400.000 Y=-1638400.000 Z=-1638400.000), Max=(X=1638400.000 Y=1638400.000 Z=1638400.000) RuntimeGrid:None EditorOnly:0 RuntimeOnly:0 HLODRelevant:1 FolderPath:Lighting FolderGuid:963EC3EB4002CCE9759E2EBA541A873A
 |   |   |- Guid:ECB805A14CED2A8DAB26F3963F08DE5A BaseClass: NativeClass:/Script/Engine.StaticMeshActor Name:StaticMeshActor_UAID_74563CCA2621FF6802_1914929243 Label:Railings_Ending SpatiallyLoaded:1 Bounds:IsValid=true, Min=(X=560.578 Y=885.668 Z=5.250), Max=(X=569.243 Y=906.122 Z=105.232) RuntimeGrid:None EditorOnly:0 RuntimeOnly:0 HLODRelevant:1
 |   |   |- Guid:F1924B8D48954B30891B2DB6A694F9CC BaseClass: NativeClass:/Script/Engine.StaticMeshActor Name:StaticMeshActor_1 Label:SM_Cube SpatiallyLoaded:1 Bounds:IsValid=true, Min=(X=0.000 Y=0.000 Z=-50.000), Max=(X=3000.000 Y=3500.000 Z=0.000) RuntimeGrid:None EditorOnly:0 RuntimeOnly:0 HLODRelevant:1 FolderPath:Playground FolderGuid:C73F09FC4215536B1DCE2A9E0A830C70
 |   |   |- Guid:F5E3FEB3450C49844FD93DA8E083C8AD BaseClass: NativeClass:/Script/Engine.PostProcessVolume Name:PostProcessVolume_0 Label:PostProcessVolume SpatiallyLoaded:0 Bounds:IsValid=true, Min=(X=0.000 Y=0.000 Z=400.000), Max=(X=200.000 Y=200.000 Z=600.000) RuntimeGrid:None EditorOnly:0 RuntimeOnly:0 HLODRelevant:0 FolderPath:Lighting FolderGuid:963EC3EB4002CCE9759E2EBA541A873A
 |   |   |- Guid:FC7DDA7248F313767D4F8EB0BF5F3877 BaseClass: NativeClass:/Script/Engine.StaticMeshActor Name:StaticMeshActor_UAID_74563CCA2621FF6802_1724969225 Label:Floorgrate SpatiallyLoaded:1 Bounds:IsValid=true, Min=(X=500.000 Y=600.000 Z=0.000), Max=(X=600.000 Y=700.000 Z=5.000) RuntimeGrid:None EditorOnly:0 RuntimeOnly:0 HLODRelevant:1
 |   |   |- Guid:FF698C67459ADB4982D7759C0905EE9F BaseClass: NativeClass:/Script/Engine.StaticMeshActor Name:StaticMeshActor_6 Label:SM_Cube3 SpatiallyLoaded:1 Bounds:IsValid=true, Min=(X=0.000 Y=3400.000 Z=0.000), Max=(X=3000.000 Y=3500.000 Z=400.000) RuntimeGrid:None EditorOnly:0 RuntimeOnly:0 HLODRelevant:1 FolderPath:Playground FolderGuid:C73F09FC4215536B1DCE2A9E0A830C70
 |   |- [+] Clusters:
 |   |   |- [+] [  0]
 |   |   |   |- Guid:6BAF4DDD444C60371492D3919DB42C97 BaseClass: NativeClass:/Script/Engine.WorldDataLayers Name:WorldDataLayers Label:WorldDataLayers SpatiallyLoaded:0 Bounds:IsValid=true, Min=(X=0.000 Y=0.000 Z=0.000), Max=(X=0.000 Y=0.000 Z=0.000) RuntimeGrid:None EditorOnly:0 RuntimeOnly:0 HLODRelevant:0
 |   |   |- [+] [  1]
 |   |   |   |- Guid:CC1AA2BB464DF59A062546A2629CE379 BaseClass: NativeClass:/Script/Engine.StaticMeshActor Name:StaticMeshActor_UAID_74563CCA2621FF6802_1966640261 Label:Floorgrate33 SpatiallyLoaded:1 Bounds:IsValid=true, Min=(X=100.000 Y=600.000 Z=0.000), Max=(X=200.000 Y=700.000 Z=5.000) RuntimeGrid:None EditorOnly:0 RuntimeOnly:0 HLODRelevant:1
 |   |   |- [+] [  2]
 |   |   |   |- Guid:BDC11732432C9ED578CBF5989EBEFB13 BaseClass: NativeClass:/Script/Engine.StaticMeshActor Name:StaticMeshActor_UAID_74563CCA2621FF6802_1883193242 Label:Railings_Railing SpatiallyLoaded:1 Bounds:IsValid=true, Min=(X=560.668 Y=923.878 Z=5.000), Max=(X=569.332 Y=973.878 Z=107.923) RuntimeGrid:None EditorOnly:0 RuntimeOnly:0 HLODRelevant:1
 |   |   |- [+] [  3]
 |   |   |   |- Guid:EAA0208B42EB9D78A43A86BEF7898934 BaseClass: NativeClass:/Script/Engine.StaticMeshActor Name:StaticMeshActor_UAID_74563CCA2621FF6802_1966643264 Label:Floorgrate36 SpatiallyLoaded:1 Bounds:IsValid=true, Min=(X=200.000 Y=700.000 Z=0.000), Max=(X=300.000 Y=800.000 Z=5.000) RuntimeGrid:None EditorOnly:0 RuntimeOnly:0 HLODRelevant:1
 |   |   |- [+] [  4]
 |   |   |   |- Guid:ECB805A14CED2A8DAB26F3963F08DE5A BaseClass: NativeClass:/Script/Engine.StaticMeshActor Name:StaticMeshActor_UAID_74563CCA2621FF6802_1914929243 Label:Railings_Ending SpatiallyLoaded:1 Bounds:IsValid=true, Min=(X=560.578 Y=885.668 Z=5.250), Max=(X=569.243 Y=906.122 Z=105.232) RuntimeGrid:None EditorOnly:0 RuntimeOnly:0 HLODRelevant:1
 |   |   |- [+] [  5]
 |   |   |   |- Guid:ADB52F554C683DFDFD2D34AD06CBDB7E BaseClass: NativeClass:/Script/Engine.StaticMeshActor Name:StaticMeshActor_UAID_74563CCA2621FF6802_1966653278 Label:Floorgrate50 SpatiallyLoaded:1 Bounds:IsValid=true, Min=(X=200.000 Y=1000.000 Z=0.000), Max=(X=300.000 Y=1100.000 Z=5.000) RuntimeGrid:None EditorOnly:0 RuntimeOnly:0 HLODRelevant:1
 |   |   |- [+] [  6]
 |   |   |   |- Guid:F5E3FEB3450C49844FD93DA8E083C8AD BaseClass: NativeClass:/Script/Engine.PostProcessVolume Name:PostProcessVolume_0 Label:PostProcessVolume SpatiallyLoaded:0 Bounds:IsValid=true, Min=(X=0.000 Y=0.000 Z=400.000), Max=(X=200.000 Y=200.000 Z=600.000) RuntimeGrid:None EditorOnly:0 RuntimeOnly:0 HLODRelevant:0 FolderPath:Lighting FolderGuid:963EC3EB4002CCE9759E2EBA541A873A
 |   |   |- [+] [  7]
 |   |   |   |- Guid:E463FF944A83696104B66E8A098B67C2 BaseClass: NativeClass:/Script/Engine.StaticMeshActor Name:StaticMeshActor_UAID_74563CCA2621FF6802_1966657284 Label:Floorgrate56 SpatiallyLoaded:1 Bounds:IsValid=true, Min=(X=200.000 Y=1300.000 Z=0.000), Max=(X=300.000 Y=1400.000 Z=5.000) RuntimeGrid:None EditorOnly:0 RuntimeOnly:0 HLODRelevant:1
 |   |   |- [+] [  8]
 |   |   |   |- Guid:99A713A642F72D7B051953872AF4BE16 BaseClass: NativeClass:/Script/Engine.StaticMeshActor Name:StaticMeshActor_UAID_74563CCA2621FF6802_1936951244 Label:Railings_Railing2 SpatiallyLoaded:1 Bounds:IsValid=true, Min=(X=560.668 Y=973.878 Z=5.000), Max=(X=569.332 Y=1023.878 Z=107.923) RuntimeGrid:None EditorOnly:0 RuntimeOnly:0 HLODRelevant:1
 |   |   |- [+] [  9]
 |   |   |   |- Guid:CD73B8D8494C9CFE9137D18BF87CBA69 BaseClass: NativeClass:/Script/Engine.StaticMeshActor Name:StaticMeshActor_UAID_74563CCA2621FF6802_1966657283 Label:Floorgrate55 SpatiallyLoaded:1 Bounds:IsValid=true, Min=(X=100.000 Y=1300.000 Z=0.000), Max=(X=200.000 Y=1400.000 Z=5.000) RuntimeGrid:None EditorOnly:0 RuntimeOnly:0 HLODRelevant:1
 |   |   |- [+] [ 10]
 |   |   |   |- Guid:BA5CE8734B719F6112CB36BEEB1697CC BaseClass: NativeClass:/Script/Engine.StaticMeshActor Name:StaticMeshActor_UAID_74563CCA2621FF6802_1966656282 Label:Floorgrate54 SpatiallyLoaded:1 Bounds:IsValid=true, Min=(X=200.000 Y=1200.000 Z=0.000), Max=(X=300.000 Y=1300.000 Z=5.000) RuntimeGrid:None EditorOnly:0 RuntimeOnly:0 HLODRelevant:1
 |   |   |- [+] [ 11]
 |   |   |   |- Guid:D3FD71984D5242B17181CEADEC719FA2 BaseClass: NativeClass:/Script/Engine.StaticMeshActor Name:StaticMeshActor_UAID_74563CCA2621FF6802_1753214236 Label:Floorgrate12 SpatiallyLoaded:1 Bounds:IsValid=true, Min=(X=800.000 Y=700.000 Z=0.000), Max=(X=900.000 Y=800.000 Z=5.000) RuntimeGrid:None EditorOnly:0 RuntimeOnly:0 HLODRelevant:1
 |   |   |- [+] [ 12]
 |   |   |   |- Guid:5B97F4A64FB21F77EFC44386BF705B4C BaseClass: NativeClass:/Script/Engine.TextRenderActor Name:TextRenderActor_1 Label:TextRenderActor SpatiallyLoaded:1 Bounds:IsValid=true, Min=(X=-0.100 Y=1100.000 Z=65.013), Max=(X=-0.100 Y=2392.308 Z=215.013) RuntimeGrid:None EditorOnly:0 RuntimeOnly:0 HLODRelevant:0
 |   |   |- [+] [ 13]
 |   |   |   |- Guid:53289E5F4D9E363FA55BB985E3FE298D BaseClass: NativeClass:/Script/Engine.StaticMeshActor Name:StaticMeshActor_UAID_74563CCA2621FF6802_1949180258 Label:Floorgrate30 SpatiallyLoaded:1 Bounds:IsValid=true, Min=(X=800.000 Y=1200.000 Z=0.000), Max=(X=900.000 Y=1300.000 Z=5.000) RuntimeGrid:None EditorOnly:0 RuntimeOnly:0 HLODRelevant:1
 |   |   |- [+] [ 14]
 |   |   |   |- Guid:90E6A21240134D63652A218075E1CDC9 BaseClass: NativeClass:/Script/Engine.StaticMeshActor Name:StaticMeshActor_UAID_74563CCA2621FF6802_1742929231 Label:Floorgrate7 SpatiallyLoaded:1 Bounds:IsValid=true, Min=(X=500.000 Y=900.000 Z=0.000), Max=(X=600.000 Y=1000.000 Z=5.000) RuntimeGrid:None EditorOnly:0 RuntimeOnly:0 HLODRelevant:1
 |   |   |- [+] [ 15]
 |   |   |   |- Guid:B5B3356C48069D4C69A7C889F9CAC2D5 BaseClass: NativeClass:/Script/Engine.StaticMeshActor Name:StaticMeshActor_UAID_74563CCA2621FF6802_1966660287 Label:Floorgrate59 SpatiallyLoaded:1 Bounds:IsValid=true, Min=(X=300.000 Y=1100.000 Z=0.000), Max=(X=400.000 Y=1200.000 Z=5.000) RuntimeGrid:None EditorOnly:0 RuntimeOnly:0 HLODRelevant:1
 |   |   |- [+] [ 16]
 |   |   |   |- Guid:D18412424BB33CF53E9C88865FBA6A20 BaseClass: NativeClass:/Script/Engine.StaticMeshActor Name:StaticMeshActor_UAID_74563CCA2621FF6802_1966654279 Label:Floorgrate51 SpatiallyLoaded:1 Bounds:IsValid=true, Min=(X=100.000 Y=1100.000 Z=0.000), Max=(X=200.000 Y=1200.000 Z=5.000) RuntimeGrid:None EditorOnly:0 RuntimeOnly:0 HLODRelevant:1
 |   |   |- [+] [ 17]
 |   |   |   |- Guid:6D6AF75F43B0C4539FD3529284D8FDBD BaseClass: NativeClass:/Script/Engine.StaticMeshActor Name:StaticMeshActor_UAID_74563CCA2621FF6802_1949176253 Label:Floorgrate25 SpatiallyLoaded:1 Bounds:IsValid=true, Min=(X=700.000 Y=1000.000 Z=0.000), Max=(X=800.000 Y=1100.000 Z=5.000) RuntimeGrid:None EditorOnly:0 RuntimeOnly:0 HLODRelevant:1
 |   |   |- [+] [ 18]
 |   |   |   |- Guid:4F6B98AC4319609535C780B0836C2C7F BaseClass: NativeClass:/Script/Engine.StaticMeshActor Name:StaticMeshActor_UAID_74563CCA2621FF6802_1753216239 Label:Floorgrate15 SpatiallyLoaded:1 Bounds:IsValid=true, Min=(X=700.000 Y=900.000 Z=0.000), Max=(X=800.000 Y=1000.000 Z=5.000) RuntimeGrid:None EditorOnly:0 RuntimeOnly:0 HLODRelevant:1
 |   |   |- [+] [ 19]
 |   |   |   |- Guid:3DFDF41D4A8A3873E237AB81957EFBA8 BaseClass: NativeClass:/Script/Engine.StaticMeshActor Name:StaticMeshActor_UAID_74563CCA2621FF6802_1949174250 Label:Floorgrate22 SpatiallyLoaded:1 Bounds:IsValid=true, Min=(X=600.000 Y=1200.000 Z=0.000), Max=(X=700.000 Y=1300.000 Z=5.000) RuntimeGrid:None EditorOnly:0 RuntimeOnly:0 HLODRelevant:1
 |   |   |- [+] [ 20]
 |   |   |   |- Guid:FC7DDA7248F313767D4F8EB0BF5F3877 BaseClass: NativeClass:/Script/Engine.StaticMeshActor Name:StaticMeshActor_UAID_74563CCA2621FF6802_1724969225 Label:Floorgrate SpatiallyLoaded:1 Bounds:IsValid=true, Min=(X=500.000 Y=600.000 Z=0.000), Max=(X=600.000 Y=700.000 Z=5.000) RuntimeGrid:None EditorOnly:0 RuntimeOnly:0 HLODRelevant:1
 |   |   |- [+] [ 21]
 |   |   |   |- Guid:6D17D9294DAD6CD42A7673A2AD9D0F9D BaseClass: NativeClass:/Script/Engine.StaticMeshActor Name:StaticMeshActor_UAID_74563CCA2621FF6802_1966652277 Label:Floorgrate49 SpatiallyLoaded:1 Bounds:IsValid=true, Min=(X=100.000 Y=1000.000 Z=0.000), Max=(X=200.000 Y=1100.000 Z=5.000) RuntimeGrid:None EditorOnly:0 RuntimeOnly:0 HLODRelevant:1
 |   |   |- [+] [ 22]
 |   |   |   |- Guid:4D3BE93F4146AAAC8BBE79999D96D57F BaseClass: NativeClass:/Script/Engine.VolumetricCloud Name:VolumetricCloud_0 Label:VolumetricCloud SpatiallyLoaded:0 Bounds:IsValid=true, Min=(X=0.000 Y=0.000 Z=820.000), Max=(X=0.000 Y=0.000 Z=820.000) RuntimeGrid:None EditorOnly:0 RuntimeOnly:0 HLODRelevant:0 FolderPath:Lighting FolderGuid:963EC3EB4002CCE9759E2EBA541A873A
 |   |   |- [+] [ 23]
 |   |   |   |- Guid:A0BDF1034536A2FDFC9AB9A0EC4D37CE BaseClass: NativeClass:/Script/Engine.StaticMeshActor Name:StaticMeshActor_UAID_74563CCA2621FF6802_1753212234 Label:Floorgrate10 SpatiallyLoaded:1 Bounds:IsValid=true, Min=(X=800.000 Y=600.000 Z=0.000), Max=(X=900.000 Y=700.000 Z=5.000) RuntimeGrid:None EditorOnly:0 RuntimeOnly:0 HLODRelevant:1
 |   |   |- [+] [ 24]
 |   |   |   |- Guid:14BDC29942FF37305D4291B53ADDF0C7 BaseClass: NativeClass:/Script/Engine.StaticMeshActor Name:StaticMeshActor_UAID_74563CCA2621FF6802_1966650273 Label:Floorgrate45 SpatiallyLoaded:1 Bounds:IsValid=true, Min=(X=300.000 Y=800.000 Z=0.000), Max=(X=400.000 Y=900.000 Z=5.000) RuntimeGrid:None EditorOnly:0 RuntimeOnly:0 HLODRelevant:1
 |   |   |- [+] [ 25]
 |   |   |   |- Guid:29B4F284460460B2C670C88C04C67ADA BaseClass: NativeClass:/Script/Engine.StaticMeshActor Name:StaticMeshActor_UAID_74563CCA2621FF6802_1949179257 Label:Floorgrate29 SpatiallyLoaded:1 Bounds:IsValid=true, Min=(X=700.000 Y=1200.000 Z=0.000), Max=(X=800.000 Y=1300.000 Z=5.000) RuntimeGrid:None EditorOnly:0 RuntimeOnly:0 HLODRelevant:1
 |   |   |- [+] [ 26]
 |   |   |   |- Guid:B16C841B467A4809D47DC5BE57514CAD BaseClass:/Game/ThirdPerson/Blueprints/BP_Fish.BP_Fish_C NativeClass:/Script/Engine.Pawn Name:BP_Fish_C_UAID_74563CCA26210B4B02_1950236632 Label:BP_Fish SpatiallyLoaded:1 Bounds:IsValid=true, Min=(X=1122.990 Y=1689.662 Z=149.063), Max=(X=1918.580 Y=2169.662 Z=629.063) RuntimeGrid:None EditorOnly:0 RuntimeOnly:0 HLODRelevant:0
 |   |   |- [+] [ 27]
 |   |   |   |- Guid:87163B2A4D11D64AC8B719B0C97A6A75 BaseClass: NativeClass:/Script/Engine.StaticMeshActor Name:StaticMeshActor_UAID_74563CCA2621FF6802_1966655281 Label:Floorgrate53 SpatiallyLoaded:1 Bounds:IsValid=true, Min=(X=100.000 Y=1200.000 Z=0.000), Max=(X=200.000 Y=1300.000 Z=5.000) RuntimeGrid:None EditorOnly:0 RuntimeOnly:0 HLODRelevant:1
 |   |   |- [+] [ 28]
 |   |   |   |- Guid:53495B054BA9B54D91515E8B69507823 BaseClass: NativeClass:/Script/Engine.StaticMeshActor Name:StaticMeshActor_UAID_74563CCA2621FF6802_1949175251 Label:Floorgrate23 SpatiallyLoaded:1 Bounds:IsValid=true, Min=(X=500.000 Y=1300.000 Z=0.000), Max=(X=600.000 Y=1400.000 Z=5.000) RuntimeGrid:None EditorOnly:0 RuntimeOnly:0 HLODRelevant:1
 |   |   |- [+] [ 29]
 |   |   |   |- Guid:37F1582B41F4C8477A5802872A142B97 BaseClass: NativeClass:/Script/Engine.StaticMeshActor Name:StaticMeshActor_UAID_74563CCA2621FF6802_1753215238 Label:Floorgrate14 SpatiallyLoaded:1 Bounds:IsValid=true, Min=(X=800.000 Y=800.000 Z=0.000), Max=(X=900.000 Y=900.000 Z=5.000) RuntimeGrid:None EditorOnly:0 RuntimeOnly:0 HLODRelevant:1
 |   |   |- [+] [ 30]
 |   |   |   |- Guid:DDFE93D9418078712DE9C1B447203522 BaseClass: NativeClass:/Script/Engine.StaticMeshActor Name:StaticMeshActor_UAID_74563CCA2621FF6802_1742927229 Label:Floorgrate5 SpatiallyLoaded:1 Bounds:IsValid=true, Min=(X=500.000 Y=800.000 Z=0.000), Max=(X=600.000 Y=900.000 Z=5.000) RuntimeGrid:None EditorOnly:0 RuntimeOnly:0 HLODRelevant:1
 |   |   |- [+] [ 31]
 |   |   |   |- Guid:CCFF262C46EEFFDF319E7F9539CE697E BaseClass: NativeClass:/Script/Engine.SkyAtmosphere Name:SkyAtmosphere_0 Label:SkyAtmosphere SpatiallyLoaded:0 Bounds:IsValid=true, Min=(X=0.000 Y=0.000 Z=1020.000), Max=(X=0.000 Y=0.000 Z=1020.000) RuntimeGrid:None EditorOnly:0 RuntimeOnly:0 HLODRelevant:0 FolderPath:Lighting FolderGuid:963EC3EB4002CCE9759E2EBA541A873A
 |   |   |- [+] [ 32]
 |   |   |   |- Guid:EC4E0C944CE6AC6E784BC6BB2916EA13 BaseClass: NativeClass:/Script/Engine.StaticMeshActor Name:StaticMeshActor_UAID_A4AE111137DC5EFB00_1110535423 Label:SM_SkySphere SpatiallyLoaded:0 Bounds:IsValid=true, Min=(X=-1638400.000 Y=-1638400.000 Z=-1638400.000), Max=(X=1638400.000 Y=1638400.000 Z=1638400.000) RuntimeGrid:None EditorOnly:0 RuntimeOnly:0 HLODRelevant:1 FolderPath:Lighting FolderGuid:963EC3EB4002CCE9759E2EBA541A873A
 |   |   |- [+] [ 33]
 |   |   |   |- Guid:31D3856A47C3A5F862D254BD7701AA02 BaseClass: NativeClass:/Script/Engine.StaticMeshActor Name:StaticMeshActor_UAID_74563CCA2621FF6802_1966654280 Label:Floorgrate52 SpatiallyLoaded:1 Bounds:IsValid=true, Min=(X=200.000 Y=1100.000 Z=0.000), Max=(X=300.000 Y=1200.000 Z=5.000) RuntimeGrid:None EditorOnly:0 RuntimeOnly:0 HLODRelevant:1
 |   |   |- [+] [ 34]
 |   |   |   |- Guid:E7B57C174D2C064A5D6EC49175886C22 BaseClass: NativeClass:/Script/Engine.StaticMeshActor Name:StaticMeshActor_UAID_74563CCA2621FF6802_1966645266 Label:Floorgrate38 SpatiallyLoaded:1 Bounds:IsValid=true, Min=(X=200.000 Y=800.000 Z=0.000), Max=(X=300.000 Y=900.000 Z=5.000) RuntimeGrid:None EditorOnly:0 RuntimeOnly:0 HLODRelevant:1
 |   |   |- [+] [ 35]
 |   |   |   |- Guid:6777BBDF4135B526C9BA778232291D17 BaseClass: NativeClass:/Script/Engine.StaticMeshActor Name:StaticMeshActor_UAID_74563CCA2621FF6802_1739826227 Label:Floorgrate3 SpatiallyLoaded:1 Bounds:IsValid=true, Min=(X=500.000 Y=700.000 Z=0.000), Max=(X=600.000 Y=800.000 Z=5.000) RuntimeGrid:None EditorOnly:0 RuntimeOnly:0 HLODRelevant:1
 |   |   |- [+] [ 36]
 |   |   |   |- Guid:0A0D016C4CC2F40E1B758C9D00379315 BaseClass: NativeClass:/Script/Engine.StaticMeshActor Name:StaticMeshActor_UAID_74563CCA2621FF6802_1966649272 Label:Floorgrate44 SpatiallyLoaded:1 Bounds:IsValid=true, Min=(X=400.000 Y=700.000 Z=0.000), Max=(X=500.000 Y=800.000 Z=5.000) RuntimeGrid:None EditorOnly:0 RuntimeOnly:0 HLODRelevant:1
 |   |   |- [+] [ 37]
 |   |   |   |- Guid:B785ED2844B84CFB91E7F39FE661CD99 BaseClass: NativeClass:/Script/Engine.DirectionalLight Name:DirectionalLight_0 Label:DirectionalLight SpatiallyLoaded:0 Bounds:IsValid=true, Min=(X=-1048576.000 Y=-1048576.000 Z=-1048576.000), Max=(X=1048576.000 Y=1048576.000 Z=1048576.000) RuntimeGrid:None EditorOnly:0 RuntimeOnly:0 HLODRelevant:0 FolderPath:Lighting FolderGuid:963EC3EB4002CCE9759E2EBA541A873A
 |   |   |- [+] [ 38]
 |   |   |   |- Guid:8DC0298D4567DA3F4B3708A9C37E22A5 BaseClass: NativeClass:/Script/Engine.StaticMeshActor Name:StaticMeshActor_UAID_74563CCA2621FF6802_1949177254 Label:Floorgrate26 SpatiallyLoaded:1 Bounds:IsValid=true, Min=(X=800.000 Y=1000.000 Z=0.000), Max=(X=900.000 Y=1100.000 Z=5.000) RuntimeGrid:None EditorOnly:0 RuntimeOnly:0 HLODRelevant:1
 |   |   |- [+] [ 39]
 |   |   |   |- Guid:316CF2A6494ACA4C0E4180A87D36AB8F BaseClass: NativeClass:/Script/Engine.ExponentialHeightFog Name:ExponentialHeightFog_0 Label:ExponentialHeightFog SpatiallyLoaded:0 Bounds:IsValid=true, Min=(X=-5600.000 Y=-50.000 Z=-6850.000), Max=(X=-5600.000 Y=-50.000 Z=-6850.000) RuntimeGrid:None EditorOnly:0 RuntimeOnly:0 HLODRelevant:0 FolderPath:Lighting FolderGuid:963EC3EB4002CCE9759E2EBA541A873A
 |   |   |- [+] [ 40]
 |   |   |   |- Guid:725378F648A24DDC12871385F6AC50ED BaseClass: NativeClass:/Script/Engine.StaticMeshActor Name:StaticMeshActor_UAID_74563CCA2621FF6802_1734647226 Label:Floorgrate2 SpatiallyLoaded:1 Bounds:IsValid=true, Min=(X=600.000 Y=600.000 Z=0.000), Max=(X=700.000 Y=700.000 Z=5.000) RuntimeGrid:None EditorOnly:0 RuntimeOnly:0 HLODRelevant:1
 |   |   |- [+] [ 41]
 |   |   |   |- Guid:F1924B8D48954B30891B2DB6A694F9CC BaseClass: NativeClass:/Script/Engine.StaticMeshActor Name:StaticMeshActor_1 Label:SM_Cube SpatiallyLoaded:1 Bounds:IsValid=true, Min=(X=0.000 Y=0.000 Z=-50.000), Max=(X=3000.000 Y=3500.000 Z=0.000) RuntimeGrid:None EditorOnly:0 RuntimeOnly:0 HLODRelevant:1 FolderPath:Playground FolderGuid:C73F09FC4215536B1DCE2A9E0A830C70
 |   |   |- [+] [ 42]
 |   |   |   |- Guid:426A273640F9337A64013389581762BB BaseClass: NativeClass:/Script/Engine.StaticMeshActor Name:StaticMeshActor_UAID_74563CCA2621FF6802_1966652276 Label:Floorgrate48 SpatiallyLoaded:1 Bounds:IsValid=true, Min=(X=400.000 Y=900.000 Z=0.000), Max=(X=500.000 Y=1000.000 Z=5.000) RuntimeGrid:None EditorOnly:0 RuntimeOnly:0 HLODRelevant:1
 |   |   |- [+] [ 43]
 |   |   |   |- Guid:2C24128C445AE8320F876F981C2F6059 BaseClass: NativeClass:/Script/Engine.StaticMeshActor Name:StaticMeshActor_UAID_74563CCA2621FF6802_1949173248 Label:Floorgrate20 SpatiallyLoaded:1 Bounds:IsValid=true, Min=(X=600.000 Y=1100.000 Z=0.000), Max=(X=700.000 Y=1200.000 Z=5.000) RuntimeGrid:None EditorOnly:0 RuntimeOnly:0 HLODRelevant:1
 |   |   |- [+] [ 44]
 |   |   |   |- Guid:5304CBB9432197B41DF3B3BCD6C439AC BaseClass: NativeClass:/Script/Engine.StaticMeshActor Name:StaticMeshActor_UAID_74563CCA2621FF6802_1949172247 Label:Floorgrate19 SpatiallyLoaded:1 Bounds:IsValid=true, Min=(X=500.000 Y=1100.000 Z=0.000), Max=(X=600.000 Y=1200.000 Z=5.000) RuntimeGrid:None EditorOnly:0 RuntimeOnly:0 HLODRelevant:1
 |   |   |- [+] [ 45]
 |   |   |   |- Guid:6F87C92849C3D8C5025249A82CF65EB3 BaseClass: NativeClass:/Script/Engine.StaticMeshActor Name:StaticMeshActor_UAID_74563CCA2621FF6802_1949181260 Label:Floorgrate32 SpatiallyLoaded:1 Bounds:IsValid=true, Min=(X=800.000 Y=1300.000 Z=0.000), Max=(X=900.000 Y=1400.000 Z=5.000) RuntimeGrid:None EditorOnly:0 RuntimeOnly:0 HLODRelevant:1
 |   |   |- [+] [ 46]
 |   |   |   |- Guid:5420443C48A44C612BF3CFAF5352CB3C BaseClass: NativeClass:/Script/Engine.StaticMeshActor Name:StaticMeshActor_UAID_74563CCA2621FF6802_1742930232 Label:Floorgrate8 SpatiallyLoaded:1 Bounds:IsValid=true, Min=(X=600.000 Y=900.000 Z=0.000), Max=(X=700.000 Y=1000.000 Z=5.000) RuntimeGrid:None EditorOnly:0 RuntimeOnly:0 HLODRelevant:1
 |   |   |- [+] [ 47]
 |   |   |   |- Guid:C7F2FF0E437CC86CFA429B80F0138389 BaseClass: NativeClass:/Script/Engine.StaticMeshActor Name:StaticMeshActor_UAID_74563CCA2621FF6802_1966662291 Label:Floorgrate63 SpatiallyLoaded:1 Bounds:IsValid=true, Min=(X=300.000 Y=1300.000 Z=0.000), Max=(X=400.000 Y=1400.000 Z=5.000) RuntimeGrid:None EditorOnly:0 RuntimeOnly:0 HLODRelevant:1
 |   |   |- [+] [ 48]
 |   |   |   |- Guid:BF22261F4EF5E84F255BB2B9FDDFD1E0 BaseClass: NativeClass:/Script/Engine.StaticMeshActor Name:StaticMeshActor_UAID_74563CCA2621FF6802_1949171246 Label:Floorgrate18 SpatiallyLoaded:1 Bounds:IsValid=true, Min=(X=600.000 Y=1000.000 Z=0.000), Max=(X=700.000 Y=1100.000 Z=5.000) RuntimeGrid:None EditorOnly:0 RuntimeOnly:0 HLODRelevant:1
 |   |   |- [+] [ 49]
 |   |   |   |- Guid:894D31D44776AA5B09EB5DB563BFEF8C BaseClass: NativeClass:/Script/Engine.StaticMeshActor Name:StaticMeshActor_UAID_74563CCA2621FF6802_1878417241 Label:Railings_Space SpatiallyLoaded:1 Bounds:IsValid=true, Min=(X=560.757 Y=906.109 Z=5.250), Max=(X=569.421 Y=923.866 Z=108.173) RuntimeGrid:None EditorOnly:0 RuntimeOnly:0 HLODRelevant:1
 |   |   |- [+] [ 50]
 |   |   |   |- Guid:E88933B542072EFA4F077680D231F6EA BaseClass: NativeClass:/Script/Engine.StaticMeshActor Name:StaticMeshActor_UAID_74563CCA2621FF6802_1949170245 Label:Floorgrate17 SpatiallyLoaded:1 Bounds:IsValid=true, Min=(X=500.000 Y=1000.000 Z=0.000), Max=(X=600.000 Y=1100.000 Z=5.000) RuntimeGrid:None EditorOnly:0 RuntimeOnly:0 HLODRelevant:1
 |   |   |- [+] [ 51]
 |   |   |   |- Guid:117522F0488E4B10831E57B964AAD019 BaseClass: NativeClass:/Script/Engine.StaticMeshActor Name:StaticMeshActor_UAID_74563CCA2621FF6802_1966663292 Label:Floorgrate64 SpatiallyLoaded:1 Bounds:IsValid=true, Min=(X=400.000 Y=1300.000 Z=0.000), Max=(X=500.000 Y=1400.000 Z=5.000) RuntimeGrid:None EditorOnly:0 RuntimeOnly:0 HLODRelevant:1
 |   |   |- [+] [ 52]
 |   |   |   |- Guid:9A8517774EA1EC40F6EE3A828EAF3CB1 BaseClass: NativeClass:/Script/Engine.StaticMeshActor Name:StaticMeshActor_UAID_74563CCA2621FF6802_1949180259 Label:Floorgrate31 SpatiallyLoaded:1 Bounds:IsValid=true, Min=(X=700.000 Y=1300.000 Z=0.000), Max=(X=800.000 Y=1400.000 Z=5.000) RuntimeGrid:None EditorOnly:0 RuntimeOnly:0 HLODRelevant:1
 |   |   |- [+] [ 53]
 |   |   |   |- Guid:B4FBB2B841E66DEFCA76F0906CB88228 BaseClass: NativeClass:/Script/Engine.StaticMeshActor Name:StaticMeshActor_UAID_74563CCA2621FF6802_1966645267 Label:Floorgrate39 SpatiallyLoaded:1 Bounds:IsValid=true, Min=(X=100.000 Y=900.000 Z=0.000), Max=(X=200.000 Y=1000.000 Z=5.000) RuntimeGrid:None EditorOnly:0 RuntimeOnly:0 HLODRelevant:1
 |   |   |- [+] [ 54]
 |   |   |   |- Guid:3AA9D82143809F49B9FBDF8AA163EFE2 BaseClass: NativeClass:/Script/Engine.StaticMeshActor Name:StaticMeshActor_UAID_74563CCA2621FF6802_1966658285 Label:Floorgrate57 SpatiallyLoaded:1 Bounds:IsValid=true, Min=(X=300.000 Y=1000.000 Z=0.000), Max=(X=400.000 Y=1100.000 Z=5.000) RuntimeGrid:None EditorOnly:0 RuntimeOnly:0 HLODRelevant:1
 |   |   |- [+] [ 55]
 |   |   |   |- Guid:2FB58999456391D349DC0F86DAC136ED BaseClass: NativeClass:/Script/Engine.SkyLight Name:SkyLight_1 Label:SkyLight SpatiallyLoaded:0 Bounds:IsValid=true, Min=(X=0.000 Y=0.000 Z=690.000), Max=(X=0.000 Y=0.000 Z=690.000) RuntimeGrid:None EditorOnly:0 RuntimeOnly:0 HLODRelevant:0 FolderPath:Lighting FolderGuid:963EC3EB4002CCE9759E2EBA541A873A
 |   |   |- [+] [ 56]
 |   |   |   |- Guid:31373F0B419B3CF3D9AF33BF80DC0CD9 BaseClass: NativeClass:/Script/Engine.StaticMeshActor Name:StaticMeshActor_UAID_74563CCA2621FF6802_1966662290 Label:Floorgrate62 SpatiallyLoaded:1 Bounds:IsValid=true, Min=(X=400.000 Y=1200.000 Z=0.000), Max=(X=500.000 Y=1300.000 Z=5.000) RuntimeGrid:None EditorOnly:0 RuntimeOnly:0 HLODRelevant:1
 |   |   |- [+] [ 57]
 |   |   |   |- Guid:08344B9449C2D77F53A0A6A1BD8C8DAA BaseClass: NativeClass:/Script/Engine.StaticMeshActor Name:StaticMeshActor_UAID_74563CCA2621FF6802_1966660288 Label:Floorgrate60 SpatiallyLoaded:1 Bounds:IsValid=true, Min=(X=400.000 Y=1100.000 Z=0.000), Max=(X=500.000 Y=1200.000 Z=5.000) RuntimeGrid:None EditorOnly:0 RuntimeOnly:0 HLODRelevant:1
 |   |   |- [+] [ 58]
 |   |   |   |- Guid:6556D3864D65D267E3F3589177EAF516 BaseClass: NativeClass:/Script/Engine.StaticMeshActor Name:StaticMeshActor_UAID_74563CCA2621FF6802_1949176252 Label:Floorgrate24 SpatiallyLoaded:1 Bounds:IsValid=true, Min=(X=600.000 Y=1300.000 Z=0.000), Max=(X=700.000 Y=1400.000 Z=5.000) RuntimeGrid:None EditorOnly:0 RuntimeOnly:0 HLODRelevant:1
 |   |   |- [+] [ 59]
 |   |   |   |- Guid:9C287B844BC012375254CD8D86483EC7 BaseClass: NativeClass:/Script/Engine.StaticMeshActor Name:StaticMeshActor_UAID_74563CCA2621FF6802_1949174249 Label:Floorgrate21 SpatiallyLoaded:1 Bounds:IsValid=true, Min=(X=500.000 Y=1200.000 Z=0.000), Max=(X=600.000 Y=1300.000 Z=5.000) RuntimeGrid:None EditorOnly:0 RuntimeOnly:0 HLODRelevant:1
 |   |   |- [+] [ 60]
 |   |   |   |- Guid:A56216954B2165CF0F35A886B537D536 BaseClass: NativeClass:/Script/Engine.StaticMeshActor Name:StaticMeshActor_0 Label:SM_Cube5 SpatiallyLoaded:1 Bounds:IsValid=true, Min=(X=-0.000 Y=100.000 Z=0.000), Max=(X=100.000 Y=3400.000 Z=400.000) RuntimeGrid:None EditorOnly:0 RuntimeOnly:0 HLODRelevant:1 FolderPath:Playground FolderGuid:C73F09FC4215536B1DCE2A9E0A830C70
 |   |   |- [+] [ 61]
 |   |   |   |- Guid:0DA53C6C4B511F5B68460E808373C3D0 BaseClass: NativeClass:/Script/Engine.StaticMeshActor Name:StaticMeshActor_UAID_74563CCA2621FF6802_1966659286 Label:Floorgrate58 SpatiallyLoaded:1 Bounds:IsValid=true, Min=(X=400.000 Y=1000.000 Z=0.000), Max=(X=500.000 Y=1100.000 Z=5.000) RuntimeGrid:None EditorOnly:0 RuntimeOnly:0 HLODRelevant:1
 |   |   |- [+] [ 62]
 |   |   |   |- Guid:D8EEE0A0467798D29BFFC7A09321C814 BaseClass: NativeClass:/Script/Engine.StaticMeshActor Name:StaticMeshActor_UAID_74563CCA2621FF6802_1753216240 Label:Floorgrate16 SpatiallyLoaded:1 Bounds:IsValid=true, Min=(X=800.000 Y=900.000 Z=0.000), Max=(X=900.000 Y=1000.000 Z=5.000) RuntimeGrid:None EditorOnly:0 RuntimeOnly:0 HLODRelevant:1
 |   |   |- [+] [ 63]
 |   |   |   |- Guid:7090DBF844DC333FDCC55E862711A6C1 BaseClass:/Game/ThirdPerson/Blueprints/BP_Ship.BP_Ship_C NativeClass:/Script/ChaosVehicles.WheeledVehiclePawn Name:BP_Ship_C_UAID_74563CCA2621996902_1640819307 Label:BP_Ship SpatiallyLoaded:1 Bounds:IsValid=true, Min=(X=1226.792 Y=1313.454 Z=-274.338), Max=(X=2457.621 Y=2118.333 Z=519.207) RuntimeGrid:None EditorOnly:0 RuntimeOnly:0 HLODRelevant:0
 |   |   |- [+] [ 64]
 |   |   |   |- Guid:2D63882C45CBD91EB36152B0002F3DB7 BaseClass: NativeClass:/Script/Engine.StaticMeshActor Name:StaticMeshActor_UAID_74563CCA2621FF6802_1753213235 Label:Floorgrate11 SpatiallyLoaded:1 Bounds:IsValid=true, Min=(X=700.000 Y=700.000 Z=0.000), Max=(X=800.000 Y=800.000 Z=5.000) RuntimeGrid:None EditorOnly:0 RuntimeOnly:0 HLODRelevant:1
 |   |   |- [+] [ 65]
 |   |   |   |- Guid:79C618034E9DA183AF9A6B94038718FF BaseClass: NativeClass:/Script/Engine.StaticMeshActor Name:StaticMeshActor_UAID_74563CCA2621FF6802_1739827228 Label:Floorgrate4 SpatiallyLoaded:1 Bounds:IsValid=true, Min=(X=600.000 Y=700.000 Z=0.000), Max=(X=700.000 Y=800.000 Z=5.000) RuntimeGrid:None EditorOnly:0 RuntimeOnly:0 HLODRelevant:1
 |   |   |- [+] [ 66]
 |   |   |   |- Guid:0821CF6A45130E2AE016FCB630784B62 BaseClass: NativeClass:/Script/Engine.StaticMeshActor Name:StaticMeshActor_UAID_74563CCA2621FF6802_1949178256 Label:Floorgrate28 SpatiallyLoaded:1 Bounds:IsValid=true, Min=(X=800.000 Y=1100.000 Z=0.000), Max=(X=900.000 Y=1200.000 Z=5.000) RuntimeGrid:None EditorOnly:0 RuntimeOnly:0 HLODRelevant:1
 |   |   |- [+] [ 67]
 |   |   |   |- Guid:CB33011E40C50AF36051BDAE82E0EB53 BaseClass: NativeClass:/Script/Engine.StaticMeshActor Name:StaticMeshActor_UAID_74563CCA2621FF6802_1966651275 Label:Floorgrate47 SpatiallyLoaded:1 Bounds:IsValid=true, Min=(X=300.000 Y=900.000 Z=0.000), Max=(X=400.000 Y=1000.000 Z=5.000) RuntimeGrid:None EditorOnly:0 RuntimeOnly:0 HLODRelevant:1
 |   |   |- [+] [ 68]
 |   |   |   |- Guid:3B06D19B4F472CEA3671D6BB540F6292 BaseClass: NativeClass:/Script/Engine.StaticMeshActor Name:StaticMeshActor_UAID_74563CCA2621FF6802_1742929230 Label:Floorgrate6 SpatiallyLoaded:1 Bounds:IsValid=true, Min=(X=600.000 Y=800.000 Z=0.000), Max=(X=700.000 Y=900.000 Z=5.000) RuntimeGrid:None EditorOnly:0 RuntimeOnly:0 HLODRelevant:1
 |   |   |- [+] [ 69]
 |   |   |   |- Guid:7D5E06B849269423DA98C184154CDB9B BaseClass: NativeClass:/Script/Engine.StaticMeshActor Name:StaticMeshActor_UAID_74563CCA2621FF6802_1966647269 Label:Floorgrate41 SpatiallyLoaded:1 Bounds:IsValid=true, Min=(X=300.000 Y=600.000 Z=0.000), Max=(X=400.000 Y=700.000 Z=5.000) RuntimeGrid:None EditorOnly:0 RuntimeOnly:0 HLODRelevant:1
 |   |   |- [+] [ 70]
 |   |   |   |- Guid:66895FFD40D9CBE93184DE9BC0105024 BaseClass: NativeClass:/Script/Engine.StaticMeshActor Name:StaticMeshActor_UAID_74563CCA2621FF6802_1966650274 Label:Floorgrate46 SpatiallyLoaded:1 Bounds:IsValid=true, Min=(X=400.000 Y=800.000 Z=0.000), Max=(X=500.000 Y=900.000 Z=5.000) RuntimeGrid:None EditorOnly:0 RuntimeOnly:0 HLODRelevant:1
 |   |   |- [+] [ 71]
 |   |   |   |- Guid:BC08B79C4EA3C961CFF75EBBE83B367D BaseClass: NativeClass:/Script/Engine.StaticMeshActor Name:StaticMeshActor_5 Label:SM_Cube2 SpatiallyLoaded:1 Bounds:IsValid=true, Min=(X=0.000 Y=0.000 Z=0.000), Max=(X=3000.000 Y=100.000 Z=400.000) RuntimeGrid:None EditorOnly:0 RuntimeOnly:0 HLODRelevant:1 FolderPath:Playground FolderGuid:C73F09FC4215536B1DCE2A9E0A830C70
 |   |   |- [+] [ 72]
 |   |   |   |- Guid:A0220D964032CCA929A81D994F1599D4 BaseClass: NativeClass:/Script/Engine.StaticMeshActor Name:StaticMeshActor_UAID_74563CCA2621FF6802_1966661289 Label:Floorgrate61 SpatiallyLoaded:1 Bounds:IsValid=true, Min=(X=300.000 Y=1200.000 Z=0.000), Max=(X=400.000 Y=1300.000 Z=5.000) RuntimeGrid:None EditorOnly:0 RuntimeOnly:0 HLODRelevant:1
 |   |   |- [+] [ 73]
 |   |   |   |- Guid:FF698C67459ADB4982D7759C0905EE9F BaseClass: NativeClass:/Script/Engine.StaticMeshActor Name:StaticMeshActor_6 Label:SM_Cube3 SpatiallyLoaded:1 Bounds:IsValid=true, Min=(X=0.000 Y=3400.000 Z=0.000), Max=(X=3000.000 Y=3500.000 Z=400.000) RuntimeGrid:None EditorOnly:0 RuntimeOnly:0 HLODRelevant:1 FolderPath:Playground FolderGuid:C73F09FC4215536B1DCE2A9E0A830C70
 |   |   |- [+] [ 74]
 |   |   |   |- Guid:297CE46A4DA7E28E4D4674915CCB9653 BaseClass: NativeClass:/Script/Engine.StaticMeshActor Name:StaticMeshActor_UAID_74563CCA2621FF6802_1949178255 Label:Floorgrate27 SpatiallyLoaded:1 Bounds:IsValid=true, Min=(X=700.000 Y=1100.000 Z=0.000), Max=(X=800.000 Y=1200.000 Z=5.000) RuntimeGrid:None EditorOnly:0 RuntimeOnly:0 HLODRelevant:1
 |   |   |- [+] [ 75]
 |   |   |   |- Guid:653021B74DA2CA594467ED8B947ECAB9 BaseClass: NativeClass:/Script/Engine.StaticMeshActor Name:StaticMeshActor_UAID_74563CCA2621FF6802_1753211233 Label:Floorgrate9 SpatiallyLoaded:1 Bounds:IsValid=true, Min=(X=700.000 Y=600.000 Z=0.000), Max=(X=800.000 Y=700.000 Z=5.000) RuntimeGrid:None EditorOnly:0 RuntimeOnly:0 HLODRelevant:1
 |   |   |- [+] [ 76]
 |   |   |   |- Guid:550A93004D8E3A7754D710AFC7DF3DB4 BaseClass: NativeClass:/Script/Engine.StaticMeshActor Name:StaticMeshActor_UAID_74563CCA2621FF6802_1966647270 Label:Floorgrate42 SpatiallyLoaded:1 Bounds:IsValid=true, Min=(X=400.000 Y=600.000 Z=0.000), Max=(X=500.000 Y=700.000 Z=5.000) RuntimeGrid:None EditorOnly:0 RuntimeOnly:0 HLODRelevant:1
 |   |   |- [+] [ 77]
 |   |   |   |- Guid:3A00AA1C422CE54C0BDB60BAF471BFBB BaseClass: NativeClass:/Script/Engine.PlayerStart Name:PlayerStart_0 Label:PlayerStart SpatiallyLoaded:0 Bounds:IsValid=true, Min=(X=818.356 Y=1594.922 Z=5.013), Max=(X=898.356 Y=1674.922 Z=189.013) RuntimeGrid:None EditorOnly:0 RuntimeOnly:0 HLODRelevant:0
 |   |   |- [+] [ 78]
 |   |   |   |- Guid:B6A5DE7846E1F0CF293C4AABE84D22B7 BaseClass: NativeClass:/Script/Engine.StaticMeshActor Name:StaticMeshActor_UAID_74563CCA2621FF6802_1966648271 Label:Floorgrate43 SpatiallyLoaded:1 Bounds:IsValid=true, Min=(X=300.000 Y=700.000 Z=0.000), Max=(X=400.000 Y=800.000 Z=5.000) RuntimeGrid:None EditorOnly:0 RuntimeOnly:0 HLODRelevant:1
 |   |   |- [+] [ 79]
 |   |   |   |- Guid:59C0B96847D9FB374D464CA5E83522D4 BaseClass: NativeClass:/Script/Engine.StaticMeshActor Name:StaticMeshActor_UAID_74563CCA2621FF6802_1966642263 Label:Floorgrate35 SpatiallyLoaded:1 Bounds:IsValid=true, Min=(X=100.000 Y=700.000 Z=0.000), Max=(X=200.000 Y=800.000 Z=5.000) RuntimeGrid:None EditorOnly:0 RuntimeOnly:0 HLODRelevant:1
 |   |   |- [+] [ 80]
 |   |   |   |- Guid:3CC3ED6D4AB16DB6B395F49F2B8B60CA BaseClass: NativeClass:/Script/Engine.StaticMeshActor Name:StaticMeshActor_UAID_74563CCA2621FF6802_1966641262 Label:Floorgrate34 SpatiallyLoaded:1 Bounds:IsValid=true, Min=(X=200.000 Y=600.000 Z=0.000), Max=(X=300.000 Y=700.000 Z=5.000) RuntimeGrid:None EditorOnly:0 RuntimeOnly:0 HLODRelevant:1
 |   |   |- [+] [ 81]
 |   |   |   |- Guid:951D1EA342055F661EF43FB953358D9E BaseClass: NativeClass:/Script/Engine.StaticMeshActor Name:StaticMeshActor_UAID_74563CCA2621FF6802_1753214237 Label:Floorgrate13 SpatiallyLoaded:1 Bounds:IsValid=true, Min=(X=700.000 Y=800.000 Z=0.000), Max=(X=800.000 Y=900.000 Z=5.000) RuntimeGrid:None EditorOnly:0 RuntimeOnly:0 HLODRelevant:1
 |   |   |- [+] [ 82]
 |   |   |   |- Guid:6BEE83054CB4225AE3DC7D960A7AA608 BaseClass: NativeClass:/Script/Engine.StaticMeshActor Name:StaticMeshActor_UAID_74563CCA2621FF6802_1966644265 Label:Floorgrate37 SpatiallyLoaded:1 Bounds:IsValid=true, Min=(X=100.000 Y=800.000 Z=0.000), Max=(X=200.000 Y=900.000 Z=5.000) RuntimeGrid:None EditorOnly:0 RuntimeOnly:0 HLODRelevant:1
 |   |   |- [+] [ 83]
 |   |   |   |- Guid:44E2C1834E1C0EA41212429BE2738770 BaseClass: NativeClass:/Script/Engine.StaticMeshActor Name:StaticMeshActor_UAID_74563CCA2621FF6802_1966646268 Label:Floorgrate40 SpatiallyLoaded:1 Bounds:IsValid=true, Min=(X=200.000 Y=900.000 Z=0.000), Max=(X=300.000 Y=1000.000 Z=5.000) RuntimeGrid:None EditorOnly:0 RuntimeOnly:0 HLODRelevant:1
 |- ContainerInstances:
 |- [+] MainContainer:
 |   |-        ID: 0x0000000000000000
 |   |-    Bounds: IsValid=false, Min=(X=0.000 Y=0.000 Z=0.000), Max=(X=0.000 Y=0.000 Z=0.000)
 |   |- Transform: 0.000000,0.000000,0.000000|0.000000,0.000000,-0.000000|1.000000,1.000000,1.000000
 |   |- Container: /Game/ThirdPerson/Maps/ThirdPersonMap
----------------------------------------------------------------------------------------------------------------
ThirdPersonMap - Persistent Level
----------------------------------------------------------------------------------------------------------------
Always loaded Actor Count: 94 

----------------------------------------------------------------------------------------------------------------
ThirdPersonMap - Runtime Spatial Hash - Streaming Grid - MainGrid
----------------------------------------------------------------------------------------------------------------
            Origin: X=0.000 Y=0.000 Z=0.000
         Cell Size: 12800
      World Bounds: IsValid=false, Min=(X=0.000 Y=0.000 Z=0.000), Max=(X=0.000 Y=0.000 Z=0.000)
     Loading Range: 25600.00
Block Slow Loading: No
 ClientOnlyVisible: No

[+] Grid Levels: 1
 |- Level  0: Cell Count    0 | Cell Size   12800 | Actor Count    0 (0.0%)

[+] Content of Grid Level 0

