[+] Containers:
 |- [+] Container: /Game/ThirdPerson/Maps/Ship_Map
 |   |- [+] ActorDescs:
 |   |   |- Guid:04B2008844B375C064E2A49E142704E4 BaseClass: NativeClass:/Script/Engine.SkyAtmosphere Name:SkyAtmosphere_0 Label:SkyAtmosphere SpatiallyLoaded:0 Bounds:IsValid=true, Min=(X=0.000 Y=0.000 Z=1020.000), Max=(X=0.000 Y=0.000 Z=1020.000) RuntimeGrid:None EditorOnly:0 RuntimeOnly:0 HLODRelevant:0 FolderPath:Lighting FolderGuid:963EC3EB4002CCE9759E2EBA541A873A
 |   |   |- Guid:097104044EF275307E4859A2EC5BA87A BaseClass:/Game/ThirdPerson/Blueprints/BP_Asteroid.BP_Asteroid_C NativeClass:/Script/Engine.Actor Name:StaticMeshActor_UAID_74563CCA2621E06A02_1930902879 Label:Asteroid_16 SpatiallyLoaded:1 Bounds:IsValid=true, Min=(X=-514.375 Y=-514.375 Z=-529.375), Max=(X=544.375 Y=544.375 Z=529.375) RuntimeGrid:None EditorOnly:0 RuntimeOnly:0 HLODRelevant:0 FolderPath:Asteroids FolderGuid:684FF81C43B75CE1F3C664A1ABCD2FD8
 |   |   |- Guid:13EB62CE4F0B5EC3C78814A20748D010 BaseClass:/Game/ThirdPerson/Blueprints/BP_Asteroid.BP_Asteroid_C NativeClass:/Script/Engine.Actor Name:StaticMeshActor_UAID_74563CCA2621D06A02_1929245045 Label:Asteroid_1 SpatiallyLoaded:1 Bounds:IsValid=true, Min=(X=-529.375 Y=-529.375 Z=-529.375), Max=(X=529.375 Y=529.375 Z=529.375) RuntimeGrid:None EditorOnly:0 RuntimeOnly:0 HLODRelevant:0 FolderPath:Asteroids FolderGuid:684FF81C43B75CE1F3C664A1ABCD2FD8
 |   |   |- Guid:176B42684EBDF50212EBBAA0FDA937B1 BaseClass:/Game/ThirdPerson/Blueprints/BP_Fish.BP_Fish_C NativeClass:/Script/Engine.Pawn Name:BP_Fish_C_UAID_74563CCA26210B4B02_1950236632 Label:BP_Fish SpatiallyLoaded:1 Bounds:IsValid=true, Min=(X=1006.990 Y=1021.662 Z=1322.063), Max=(X=1802.580 Y=1501.662 Z=1802.063) RuntimeGrid:None EditorOnly:0 RuntimeOnly:0 HLODRelevant:0
 |   |   |- Guid:1C8364A943EC81DB8F36B8800A65000F BaseClass:/Game/ThirdPerson/Blueprints/BP_Asteroid.BP_Asteroid_C NativeClass:/Script/Engine.Actor Name:StaticMeshActor_UAID_74563CCA2621E06A02_1929952873 Label:Asteroid_10 SpatiallyLoaded:1 Bounds:IsValid=true, Min=(X=-520.375 Y=-520.375 Z=-529.375), Max=(X=538.375 Y=538.375 Z=529.375) RuntimeGrid:None EditorOnly:0 RuntimeOnly:0 HLODRelevant:0 FolderPath:Asteroids FolderGuid:684FF81C43B75CE1F3C664A1ABCD2FD8
 |   |   |- Guid:1F6555F74D95D91BF194F0AF9E52122E BaseClass:/Game/ThirdPerson/Blueprints/BP_Asteroid.BP_Asteroid_C NativeClass:/Script/Engine.Actor Name:StaticMeshActor_UAID_74563CCA2621E06A02_1929466870 Label:Asteroid_7 SpatiallyLoaded:1 Bounds:IsValid=true, Min=(X=-523.375 Y=-523.375 Z=-529.375), Max=(X=535.375 Y=535.375 Z=529.375) RuntimeGrid:None EditorOnly:0 RuntimeOnly:0 HLODRelevant:0 FolderPath:Asteroids FolderGuid:684FF81C43B75CE1F3C664A1ABCD2FD8
 |   |   |- Guid:200E369E46D88B6C13037BA2B9280ED2 BaseClass: NativeClass:/Script/Engine.StaticMeshActor Name:StaticMeshActor_UAID_A4AE111137DC5EFB00_1110535423 Label:SM_SkySphere SpatiallyLoaded:0 Bounds:IsValid=true, Min=(X=-1638400.000 Y=-1638400.000 Z=-1638400.000), Max=(X=1638400.000 Y=1638400.000 Z=1638400.000) RuntimeGrid:None EditorOnly:0 RuntimeOnly:0 HLODRelevant:1 FolderPath:Lighting FolderGuid:963EC3EB4002CCE9759E2EBA541A873A
 |   |   |- Guid:2514FC154FFA6790864503BAF70E9F77 BaseClass:/Game/ThirdPerson/Blueprints/BP_Asteroid.BP_Asteroid_C NativeClass:/Script/Engine.Actor Name:StaticMeshActor_UAID_74563CCA2621E06A02_1930756878 Label:Asteroid_15 SpatiallyLoaded:1 Bounds:IsValid=true, Min=(X=-515.375 Y=-515.375 Z=-529.375), Max=(X=543.375 Y=543.375 Z=529.375) RuntimeGrid:None EditorOnly:0 RuntimeOnly:0 HLODRelevant:0 FolderPath:Asteroids FolderGuid:684FF81C43B75CE1F3C664A1ABCD2FD8
 |   |   |- Guid:28C6D18A4D13A0B834F213BEC5E021FE BaseClass:/Game/ThirdPerson/Blueprints/BP_Asteroid.BP_Asteroid_C NativeClass:/Script/Engine.Actor Name:StaticMeshActor_UAID_74563CCA2621E06A02_1933865888 Label:Asteroid_25 SpatiallyLoaded:1 Bounds:IsValid=true, Min=(X=-505.375 Y=-505.375 Z=-529.375), Max=(X=553.375 Y=553.375 Z=529.375) RuntimeGrid:None EditorOnly:0 RuntimeOnly:0 HLODRelevant:0 FolderPath:Asteroids FolderGuid:684FF81C43B75CE1F3C664A1ABCD2FD8
 |   |   |- Guid:3487E5104CB5FE56193E9D9279CD94B1 BaseClass:/Game/ThirdPerson/Blueprints/BP_Asteroid.BP_Asteroid_C NativeClass:/Script/Engine.Actor Name:StaticMeshActor_UAID_74563CCA2621E06A02_1929781872 Label:Asteroid_9 SpatiallyLoaded:1 Bounds:IsValid=true, Min=(X=-521.375 Y=-521.375 Z=-529.375), Max=(X=537.375 Y=537.375 Z=529.375) RuntimeGrid:None EditorOnly:0 RuntimeOnly:0 HLODRelevant:0 FolderPath:Asteroids FolderGuid:684FF81C43B75CE1F3C664A1ABCD2FD8
 |   |   |- Guid:383E102845A7A053A545CA95BEBA4C24 BaseClass:/Game/ThirdPerson/Blueprints/BP_Asteroid.BP_Asteroid_C NativeClass:/Script/Engine.Actor Name:StaticMeshActor_UAID_74563CCA2621E06A02_1930267875 Label:Asteroid_12 SpatiallyLoaded:1 Bounds:IsValid=true, Min=(X=-518.375 Y=-518.375 Z=-529.375), Max=(X=540.375 Y=540.375 Z=529.375) RuntimeGrid:None EditorOnly:0 RuntimeOnly:0 HLODRelevant:0 FolderPath:Asteroids FolderGuid:684FF81C43B75CE1F3C664A1ABCD2FD8
 |   |   |- Guid:499B9CFC4A9B78623B2FB1AF98E6B374 BaseClass:/Game/ThirdPerson/Blueprints/BP_Ship.BP_Ship_C NativeClass:/Script/ChaosVehicles.WheeledVehiclePawn Name:BP_Ship_C_UAID_74563CCA2621E06902_1458456802 Label:BP_Ship SpatiallyLoaded:1 Bounds:IsValid=true, Min=(X=1452.598 Y=718.543 Z=1077.580), Max=(X=2308.000 Y=1821.912 Z=1765.299) RuntimeGrid:None EditorOnly:0 RuntimeOnly:0 HLODRelevant:0
 |   |   |- Guid:56F86A55469F9C3CD682E29B3BAE09EA BaseClass: NativeClass:/Script/Engine.DirectionalLight Name:DirectionalLight_0 Label:DirectionalLight SpatiallyLoaded:0 Bounds:IsValid=true, Min=(X=-4398046511104.000 Y=-4398046511104.000 Z=-4398046511104.000), Max=(X=4398046511104.000 Y=4398046511104.000 Z=4398046511104.000) RuntimeGrid:None EditorOnly:0 RuntimeOnly:0 HLODRelevant:0 FolderPath:Lighting FolderGuid:963EC3EB4002CCE9759E2EBA541A873A
 |   |   |- Guid:5C2DB6414A2845DB524529B4B091D1B5 BaseClass:/Game/ThirdPerson/Blueprints/BP_Asteroid.BP_Asteroid_C NativeClass:/Script/Engine.Actor Name:StaticMeshActor_UAID_74563CCA2621E06A02_1933294886 Label:Asteroid_23 SpatiallyLoaded:1 Bounds:IsValid=true, Min=(X=-507.375 Y=-507.375 Z=-529.375), Max=(X=551.375 Y=551.375 Z=529.375) RuntimeGrid:None EditorOnly:0 RuntimeOnly:0 HLODRelevant:0 FolderPath:Asteroids FolderGuid:684FF81C43B75CE1F3C664A1ABCD2FD8
 |   |   |- Guid:5DEFE9F94387B5B54F7FC59168672118 BaseClass:/Game/ThirdPerson/Blueprints/BP_Asteroid.BP_Asteroid_C NativeClass:/Script/Engine.Actor Name:StaticMeshActor_UAID_74563CCA2621E06A02_1931640881 Label:Asteroid_18 SpatiallyLoaded:1 Bounds:IsValid=true, Min=(X=-512.375 Y=-512.375 Z=-529.375), Max=(X=546.375 Y=546.375 Z=529.375) RuntimeGrid:None EditorOnly:0 RuntimeOnly:0 HLODRelevant:0 FolderPath:Asteroids FolderGuid:684FF81C43B75CE1F3C664A1ABCD2FD8
 |   |   |- Guid:7063E6714B4FA73F95FF4181BB13B224 BaseClass:/Game/ThirdPerson/Blueprints/BP_Asteroid.BP_Asteroid_C NativeClass:/Script/Engine.Actor Name:StaticMeshActor_UAID_74563CCA2621E06A02_1929298869 Label:Asteroid_6 SpatiallyLoaded:1 Bounds:IsValid=true, Min=(X=-524.375 Y=-524.375 Z=-529.375), Max=(X=534.375 Y=534.375 Z=529.375) RuntimeGrid:None EditorOnly:0 RuntimeOnly:0 HLODRelevant:0 FolderPath:Asteroids FolderGuid:684FF81C43B75CE1F3C664A1ABCD2FD8
 |   |   |- Guid:740753704FFE51A19B180CAC59E01C77 BaseClass:/Game/ThirdPerson/Blueprints/BP_Asteroid.BP_Asteroid_C NativeClass:/Script/Engine.Actor Name:StaticMeshActor_UAID_74563CCA2621E06A02_1929155868 Label:Asteroid_5 SpatiallyLoaded:1 Bounds:IsValid=true, Min=(X=-525.375 Y=-525.375 Z=-529.375), Max=(X=533.375 Y=533.375 Z=529.375) RuntimeGrid:None EditorOnly:0 RuntimeOnly:0 HLODRelevant:0 FolderPath:Asteroids FolderGuid:684FF81C43B75CE1F3C664A1ABCD2FD8
 |   |   |- Guid:7A2107E54FB4BDE4A182E9A20B1883BF BaseClass: NativeClass:/Script/Engine.SkyLight Name:SkyLight_1 Label:SkyLight SpatiallyLoaded:0 Bounds:IsValid=true, Min=(X=0.000 Y=0.000 Z=690.000), Max=(X=0.000 Y=0.000 Z=690.000) RuntimeGrid:None EditorOnly:0 RuntimeOnly:0 HLODRelevant:0 FolderPath:Lighting FolderGuid:963EC3EB4002CCE9759E2EBA541A873A
 |   |   |- Guid:7DA98D41480D3B9E4359D38EFECEDB0D BaseClass: NativeClass:/Script/Engine.PostProcessVolume Name:PostProcessVolume_0 Label:PostProcessVolume SpatiallyLoaded:0 Bounds:IsValid=true, Min=(X=0.000 Y=0.000 Z=400.000), Max=(X=200.000 Y=200.000 Z=600.000) RuntimeGrid:None EditorOnly:0 RuntimeOnly:0 HLODRelevant:0 FolderPath:Lighting FolderGuid:963EC3EB4002CCE9759E2EBA541A873A
 |   |   |- Guid:801271AA4B613408574B17AA1F220F64 BaseClass:/Game/ThirdPerson/Blueprints/BP_Asteroid.BP_Asteroid_C NativeClass:/Script/Engine.Actor Name:StaticMeshActor_UAID_74563CCA2621E06A02_1928987867 Label:Asteroid_4 SpatiallyLoaded:1 Bounds:IsValid=true, Min=(X=-526.375 Y=-526.375 Z=-529.375), Max=(X=532.375 Y=532.375 Z=529.375) RuntimeGrid:None EditorOnly:0 RuntimeOnly:0 HLODRelevant:0 FolderPath:Asteroids FolderGuid:684FF81C43B75CE1F3C664A1ABCD2FD8
 |   |   |- Guid:801460034EF70F7DD3C4D59D8B993938 BaseClass:/Game/ThirdPerson/Blueprints/BP_Asteroid.BP_Asteroid_C NativeClass:/Script/Engine.Actor Name:StaticMeshActor_UAID_74563CCA2621E06A02_1928624865 Label:Asteroid_2 SpatiallyLoaded:1 Bounds:IsValid=true, Min=(X=-528.375 Y=-528.375 Z=-529.375), Max=(X=530.375 Y=530.375 Z=529.375) RuntimeGrid:None EditorOnly:0 RuntimeOnly:0 HLODRelevant:0 FolderPath:Asteroids FolderGuid:684FF81C43B75CE1F3C664A1ABCD2FD8
 |   |   |- Guid:85982F634D946C446AB7228990D13281 BaseClass:/Game/ThirdPerson/Blueprints/BP_Asteroid.BP_Asteroid_C NativeClass:/Script/Engine.Actor Name:StaticMeshActor_UAID_74563CCA2621E06A02_1930438876 Label:Asteroid_13 SpatiallyLoaded:1 Bounds:IsValid=true, Min=(X=-517.375 Y=-517.375 Z=-529.375), Max=(X=541.375 Y=541.375 Z=529.375) RuntimeGrid:None EditorOnly:0 RuntimeOnly:0 HLODRelevant:0 FolderPath:Asteroids FolderGuid:684FF81C43B75CE1F3C664A1ABCD2FD8
 |   |   |- Guid:89D06C024031E7DAFA7B42ABBC5727E3 BaseClass: NativeClass:/Script/Engine.ExponentialHeightFog Name:ExponentialHeightFog_0 Label:ExponentialHeightFog SpatiallyLoaded:0 Bounds:IsValid=true, Min=(X=-5600.000 Y=-50.000 Z=-6850.000), Max=(X=-5600.000 Y=-50.000 Z=-6850.000) RuntimeGrid:None EditorOnly:0 RuntimeOnly:0 HLODRelevant:0 FolderPath:Lighting FolderGuid:963EC3EB4002CCE9759E2EBA541A873A
 |   |   |- Guid:AB40775E4ADC76879546D4B3AE193D3B BaseClass:/Game/ThirdPerson/Blueprints/BP_Asteroid.BP_Asteroid_C NativeClass:/Script/Engine.Actor Name:StaticMeshActor_UAID_74563CCA2621E06A02_1931801882 Label:Asteroid_19 SpatiallyLoaded:1 Bounds:IsValid=true, Min=(X=-511.375 Y=-511.375 Z=-529.375), Max=(X=547.375 Y=547.375 Z=529.375) RuntimeGrid:None EditorOnly:0 RuntimeOnly:0 HLODRelevant:0 FolderPath:Asteroids FolderGuid:684FF81C43B75CE1F3C664A1ABCD2FD8
 |   |   |- Guid:AE2B09304E69F74185EE558E60BE531F BaseClass:/Game/ThirdPerson/Blueprints/BP_Asteroid.BP_Asteroid_C NativeClass:/Script/Engine.Actor Name:StaticMeshActor_UAID_74563CCA2621E06A02_1930587877 Label:Asteroid_14 SpatiallyLoaded:1 Bounds:IsValid=true, Min=(X=-516.375 Y=-516.375 Z=-529.375), Max=(X=542.375 Y=542.375 Z=529.375) RuntimeGrid:None EditorOnly:0 RuntimeOnly:0 HLODRelevant:0 FolderPath:Asteroids FolderGuid:684FF81C43B75CE1F3C664A1ABCD2FD8
 |   |   |- Guid:B14679844BC9E3855F30A18328CB9C9C BaseClass: NativeClass:/Script/Engine.PlayerStart Name:PlayerStart_0 Label:PlayerStart SpatiallyLoaded:0 Bounds:IsValid=true, Min=(X=617.356 Y=1781.922 Z=1614.063), Max=(X=697.356 Y=1861.922 Z=1798.063) RuntimeGrid:None EditorOnly:0 RuntimeOnly:0 HLODRelevant:0
 |   |   |- Guid:B36EFDD84C811B7AF740EDB118E47556 BaseClass:/Game/ThirdPerson/Blueprints/BP_Asteroid.BP_Asteroid_C NativeClass:/Script/Engine.Actor Name:StaticMeshActor_UAID_74563CCA2621E06A02_1933064885 Label:Asteroid_22 SpatiallyLoaded:1 Bounds:IsValid=true, Min=(X=-508.375 Y=-508.375 Z=-529.375), Max=(X=550.375 Y=550.375 Z=529.375) RuntimeGrid:None EditorOnly:0 RuntimeOnly:0 HLODRelevant:0 FolderPath:Asteroids FolderGuid:684FF81C43B75CE1F3C664A1ABCD2FD8
 |   |   |- Guid:B3EACD3048C35122C5EF05B2D2B3030E BaseClass:/Game/ThirdPerson/Blueprints/BP_Asteroid.BP_Asteroid_C NativeClass:/Script/Engine.Actor Name:StaticMeshActor_UAID_74563CCA2621E06A02_1931098880 Label:Asteroid_17 SpatiallyLoaded:1 Bounds:IsValid=true, Min=(X=-513.375 Y=-513.375 Z=-529.375), Max=(X=545.375 Y=545.375 Z=529.375) RuntimeGrid:None EditorOnly:0 RuntimeOnly:0 HLODRelevant:0 FolderPath:Asteroids FolderGuid:684FF81C43B75CE1F3C664A1ABCD2FD8
 |   |   |- Guid:B9D0FCB24E03C178FE4A4F86B5C4C1F7 BaseClass: NativeClass:/Script/Engine.WorldDataLayers Name:WorldDataLayers Label:WorldDataLayers SpatiallyLoaded:0 Bounds:IsValid=true, Min=(X=0.000 Y=0.000 Z=0.000), Max=(X=0.000 Y=0.000 Z=0.000) RuntimeGrid:None EditorOnly:0 RuntimeOnly:0 HLODRelevant:0
 |   |   |- Guid:BF67443E48102494B47F60B69C0E474F BaseClass:/Game/ThirdPerson/Blueprints/BP_Asteroid.BP_Asteroid_C NativeClass:/Script/Engine.Actor Name:StaticMeshActor_UAID_74563CCA2621E06A02_1932863884 Label:Asteroid_21 SpatiallyLoaded:1 Bounds:IsValid=true, Min=(X=-509.375 Y=-509.375 Z=-529.375), Max=(X=549.375 Y=549.375 Z=529.375) RuntimeGrid:None EditorOnly:0 RuntimeOnly:0 HLODRelevant:0 FolderPath:Asteroids FolderGuid:684FF81C43B75CE1F3C664A1ABCD2FD8
 |   |   |- Guid:C563782C4D56ED6F8947A4ACB9F4B048 BaseClass:/Game/ThirdPerson/Blueprints/BP_Asteroid.BP_Asteroid_C NativeClass:/Script/Engine.Actor Name:StaticMeshActor_UAID_74563CCA2621E06A02_1928818866 Label:Asteroid_3 SpatiallyLoaded:1 Bounds:IsValid=true, Min=(X=-527.375 Y=-527.375 Z=-529.375), Max=(X=531.375 Y=531.375 Z=529.375) RuntimeGrid:None EditorOnly:0 RuntimeOnly:0 HLODRelevant:0 FolderPath:Asteroids FolderGuid:684FF81C43B75CE1F3C664A1ABCD2FD8
 |   |   |- Guid:C6FF414A4232BD3D1A217D9381BA073F BaseClass:/Game/ThirdPerson/Blueprints/BP_Asteroid.BP_Asteroid_C NativeClass:/Script/Engine.Actor Name:StaticMeshActor_UAID_74563CCA2621E06A02_1929619871 Label:Asteroid_8 SpatiallyLoaded:1 Bounds:IsValid=true, Min=(X=-522.375 Y=-522.375 Z=-529.375), Max=(X=536.375 Y=536.375 Z=529.375) RuntimeGrid:None EditorOnly:0 RuntimeOnly:0 HLODRelevant:0 FolderPath:Asteroids FolderGuid:684FF81C43B75CE1F3C664A1ABCD2FD8
 |   |   |- Guid:E905EDDC467B25EC8CE4999762D03A9C BaseClass:/Game/ThirdPerson/Blueprints/BP_Asteroid.BP_Asteroid_C NativeClass:/Script/Engine.Actor Name:StaticMeshActor_UAID_74563CCA2621E06A02_1932002883 Label:Asteroid_20 SpatiallyLoaded:1 Bounds:IsValid=true, Min=(X=-510.375 Y=-510.375 Z=-529.375), Max=(X=548.375 Y=548.375 Z=529.375) RuntimeGrid:None EditorOnly:0 RuntimeOnly:0 HLODRelevant:0 FolderPath:Asteroids FolderGuid:684FF81C43B75CE1F3C664A1ABCD2FD8
 |   |   |- Guid:EAAD264A44F8C5FFD05DA8A78FBCF96E BaseClass:/Game/ThirdPerson/Blueprints/BP_Asteroid.BP_Asteroid_C NativeClass:/Script/Engine.Actor Name:StaticMeshActor_UAID_74563CCA2621E06A02_1933524887 Label:Asteroid_24 SpatiallyLoaded:1 Bounds:IsValid=true, Min=(X=-506.375 Y=-506.375 Z=-529.375), Max=(X=552.375 Y=552.375 Z=529.375) RuntimeGrid:None EditorOnly:0 RuntimeOnly:0 HLODRelevant:0 FolderPath:Asteroids FolderGuid:684FF81C43B75CE1F3C664A1ABCD2FD8
 |   |   |- Guid:F6162644478AF88079366EA90E2C8C64 BaseClass:/Game/ThirdPerson/Blueprints/BP_Asteroid.BP_Asteroid_C NativeClass:/Script/Engine.Actor Name:StaticMeshActor_UAID_74563CCA2621E06A02_1930099874 Label:Asteroid_11 SpatiallyLoaded:1 Bounds:IsValid=true, Min=(X=-519.375 Y=-519.375 Z=-529.375), Max=(X=539.375 Y=539.375 Z=529.375) RuntimeGrid:None EditorOnly:0 RuntimeOnly:0 HLODRelevant:0 FolderPath:Asteroids FolderGuid:684FF81C43B75CE1F3C664A1ABCD2FD8
 |   |   |- Guid:FECAD7D44BFE884C1AD5CE8BFFD3E26C BaseClass: NativeClass:/Script/Engine.VolumetricCloud Name:VolumetricCloud_0 Label:VolumetricCloud SpatiallyLoaded:0 Bounds:IsValid=true, Min=(X=0.000 Y=0.000 Z=820.000), Max=(X=0.000 Y=0.000 Z=820.000) RuntimeGrid:None EditorOnly:0 RuntimeOnly:0 HLODRelevant:0 FolderPath:Lighting FolderGuid:963EC3EB4002CCE9759E2EBA541A873A
 |   |- [+] Clusters:
 |   |   |- [+] [  0]
 |   |   |   |- Guid:85982F634D946C446AB7228990D13281 BaseClass:/Game/ThirdPerson/Blueprints/BP_Asteroid.BP_Asteroid_C NativeClass:/Script/Engine.Actor Name:StaticMeshActor_UAID_74563CCA2621E06A02_1930438876 Label:Asteroid_13 SpatiallyLoaded:1 Bounds:IsValid=true, Min=(X=-517.375 Y=-517.375 Z=-529.375), Max=(X=541.375 Y=541.375 Z=529.375) RuntimeGrid:None EditorOnly:0 RuntimeOnly:0 HLODRelevant:0 FolderPath:Asteroids FolderGuid:684FF81C43B75CE1F3C664A1ABCD2FD8
 |   |   |- [+] [  1]
 |   |   |   |- Guid:383E102845A7A053A545CA95BEBA4C24 BaseClass:/Game/ThirdPerson/Blueprints/BP_Asteroid.BP_Asteroid_C NativeClass:/Script/Engine.Actor Name:StaticMeshActor_UAID_74563CCA2621E06A02_1930267875 Label:Asteroid_12 SpatiallyLoaded:1 Bounds:IsValid=true, Min=(X=-518.375 Y=-518.375 Z=-529.375), Max=(X=540.375 Y=540.375 Z=529.375) RuntimeGrid:None EditorOnly:0 RuntimeOnly:0 HLODRelevant:0 FolderPath:Asteroids FolderGuid:684FF81C43B75CE1F3C664A1ABCD2FD8
 |   |   |- [+] [  2]
 |   |   |   |- Guid:F6162644478AF88079366EA90E2C8C64 BaseClass:/Game/ThirdPerson/Blueprints/BP_Asteroid.BP_Asteroid_C NativeClass:/Script/Engine.Actor Name:StaticMeshActor_UAID_74563CCA2621E06A02_1930099874 Label:Asteroid_11 SpatiallyLoaded:1 Bounds:IsValid=true, Min=(X=-519.375 Y=-519.375 Z=-529.375), Max=(X=539.375 Y=539.375 Z=529.375) RuntimeGrid:None EditorOnly:0 RuntimeOnly:0 HLODRelevant:0 FolderPath:Asteroids FolderGuid:684FF81C43B75CE1F3C664A1ABCD2FD8
 |   |   |- [+] [  3]
 |   |   |   |- Guid:13EB62CE4F0B5EC3C78814A20748D010 BaseClass:/Game/ThirdPerson/Blueprints/BP_Asteroid.BP_Asteroid_C NativeClass:/Script/Engine.Actor Name:StaticMeshActor_UAID_74563CCA2621D06A02_1929245045 Label:Asteroid_1 SpatiallyLoaded:1 Bounds:IsValid=true, Min=(X=-529.375 Y=-529.375 Z=-529.375), Max=(X=529.375 Y=529.375 Z=529.375) RuntimeGrid:None EditorOnly:0 RuntimeOnly:0 HLODRelevant:0 FolderPath:Asteroids FolderGuid:684FF81C43B75CE1F3C664A1ABCD2FD8
 |   |   |- [+] [  4]
 |   |   |   |- Guid:1C8364A943EC81DB8F36B8800A65000F BaseClass:/Game/ThirdPerson/Blueprints/BP_Asteroid.BP_Asteroid_C NativeClass:/Script/Engine.Actor Name:StaticMeshActor_UAID_74563CCA2621E06A02_1929952873 Label:Asteroid_10 SpatiallyLoaded:1 Bounds:IsValid=true, Min=(X=-520.375 Y=-520.375 Z=-529.375), Max=(X=538.375 Y=538.375 Z=529.375) RuntimeGrid:None EditorOnly:0 RuntimeOnly:0 HLODRelevant:0 FolderPath:Asteroids FolderGuid:684FF81C43B75CE1F3C664A1ABCD2FD8
 |   |   |- [+] [  5]
 |   |   |   |- Guid:89D06C024031E7DAFA7B42ABBC5727E3 BaseClass: NativeClass:/Script/Engine.ExponentialHeightFog Name:ExponentialHeightFog_0 Label:ExponentialHeightFog SpatiallyLoaded:0 Bounds:IsValid=true, Min=(X=-5600.000 Y=-50.000 Z=-6850.000), Max=(X=-5600.000 Y=-50.000 Z=-6850.000) RuntimeGrid:None EditorOnly:0 RuntimeOnly:0 HLODRelevant:0 FolderPath:Lighting FolderGuid:963EC3EB4002CCE9759E2EBA541A873A
 |   |   |- [+] [  6]
 |   |   |   |- Guid:176B42684EBDF50212EBBAA0FDA937B1 BaseClass:/Game/ThirdPerson/Blueprints/BP_Fish.BP_Fish_C NativeClass:/Script/Engine.Pawn Name:BP_Fish_C_UAID_74563CCA26210B4B02_1950236632 Label:BP_Fish SpatiallyLoaded:1 Bounds:IsValid=true, Min=(X=1006.990 Y=1021.662 Z=1322.063), Max=(X=1802.580 Y=1501.662 Z=1802.063) RuntimeGrid:None EditorOnly:0 RuntimeOnly:0 HLODRelevant:0
 |   |   |- [+] [  7]
 |   |   |   |- Guid:3487E5104CB5FE56193E9D9279CD94B1 BaseClass:/Game/ThirdPerson/Blueprints/BP_Asteroid.BP_Asteroid_C NativeClass:/Script/Engine.Actor Name:StaticMeshActor_UAID_74563CCA2621E06A02_1929781872 Label:Asteroid_9 SpatiallyLoaded:1 Bounds:IsValid=true, Min=(X=-521.375 Y=-521.375 Z=-529.375), Max=(X=537.375 Y=537.375 Z=529.375) RuntimeGrid:None EditorOnly:0 RuntimeOnly:0 HLODRelevant:0 FolderPath:Asteroids FolderGuid:684FF81C43B75CE1F3C664A1ABCD2FD8
 |   |   |- [+] [  8]
 |   |   |   |- Guid:56F86A55469F9C3CD682E29B3BAE09EA BaseClass: NativeClass:/Script/Engine.DirectionalLight Name:DirectionalLight_0 Label:DirectionalLight SpatiallyLoaded:0 Bounds:IsValid=true, Min=(X=-4398046511104.000 Y=-4398046511104.000 Z=-4398046511104.000), Max=(X=4398046511104.000 Y=4398046511104.000 Z=4398046511104.000) RuntimeGrid:None EditorOnly:0 RuntimeOnly:0 HLODRelevant:0 FolderPath:Lighting FolderGuid:963EC3EB4002CCE9759E2EBA541A873A
 |   |   |- [+] [  9]
 |   |   |   |- Guid:FECAD7D44BFE884C1AD5CE8BFFD3E26C BaseClass: NativeClass:/Script/Engine.VolumetricCloud Name:VolumetricCloud_0 Label:VolumetricCloud SpatiallyLoaded:0 Bounds:IsValid=true, Min=(X=0.000 Y=0.000 Z=820.000), Max=(X=0.000 Y=0.000 Z=820.000) RuntimeGrid:None EditorOnly:0 RuntimeOnly:0 HLODRelevant:0 FolderPath:Lighting FolderGuid:963EC3EB4002CCE9759E2EBA541A873A
 |   |   |- [+] [ 10]
 |   |   |   |- Guid:C6FF414A4232BD3D1A217D9381BA073F BaseClass:/Game/ThirdPerson/Blueprints/BP_Asteroid.BP_Asteroid_C NativeClass:/Script/Engine.Actor Name:StaticMeshActor_UAID_74563CCA2621E06A02_1929619871 Label:Asteroid_8 SpatiallyLoaded:1 Bounds:IsValid=true, Min=(X=-522.375 Y=-522.375 Z=-529.375), Max=(X=536.375 Y=536.375 Z=529.375) RuntimeGrid:None EditorOnly:0 RuntimeOnly:0 HLODRelevant:0 FolderPath:Asteroids FolderGuid:684FF81C43B75CE1F3C664A1ABCD2FD8
 |   |   |- [+] [ 11]
 |   |   |   |- Guid:1F6555F74D95D91BF194F0AF9E52122E BaseClass:/Game/ThirdPerson/Blueprints/BP_Asteroid.BP_Asteroid_C NativeClass:/Script/Engine.Actor Name:StaticMeshActor_UAID_74563CCA2621E06A02_1929466870 Label:Asteroid_7 SpatiallyLoaded:1 Bounds:IsValid=true, Min=(X=-523.375 Y=-523.375 Z=-529.375), Max=(X=535.375 Y=535.375 Z=529.375) RuntimeGrid:None EditorOnly:0 RuntimeOnly:0 HLODRelevant:0 FolderPath:Asteroids FolderGuid:684FF81C43B75CE1F3C664A1ABCD2FD8
 |   |   |- [+] [ 12]
 |   |   |   |- Guid:7063E6714B4FA73F95FF4181BB13B224 BaseClass:/Game/ThirdPerson/Blueprints/BP_Asteroid.BP_Asteroid_C NativeClass:/Script/Engine.Actor Name:StaticMeshActor_UAID_74563CCA2621E06A02_1929298869 Label:Asteroid_6 SpatiallyLoaded:1 Bounds:IsValid=true, Min=(X=-524.375 Y=-524.375 Z=-529.375), Max=(X=534.375 Y=534.375 Z=529.375) RuntimeGrid:None EditorOnly:0 RuntimeOnly:0 HLODRelevant:0 FolderPath:Asteroids FolderGuid:684FF81C43B75CE1F3C664A1ABCD2FD8
 |   |   |- [+] [ 13]
 |   |   |   |- Guid:7DA98D41480D3B9E4359D38EFECEDB0D BaseClass: NativeClass:/Script/Engine.PostProcessVolume Name:PostProcessVolume_0 Label:PostProcessVolume SpatiallyLoaded:0 Bounds:IsValid=true, Min=(X=0.000 Y=0.000 Z=400.000), Max=(X=200.000 Y=200.000 Z=600.000) RuntimeGrid:None EditorOnly:0 RuntimeOnly:0 HLODRelevant:0 FolderPath:Lighting FolderGuid:963EC3EB4002CCE9759E2EBA541A873A
 |   |   |- [+] [ 14]
 |   |   |   |- Guid:7A2107E54FB4BDE4A182E9A20B1883BF BaseClass: NativeClass:/Script/Engine.SkyLight Name:SkyLight_1 Label:SkyLight SpatiallyLoaded:0 Bounds:IsValid=true, Min=(X=0.000 Y=0.000 Z=690.000), Max=(X=0.000 Y=0.000 Z=690.000) RuntimeGrid:None EditorOnly:0 RuntimeOnly:0 HLODRelevant:0 FolderPath:Lighting FolderGuid:963EC3EB4002CCE9759E2EBA541A873A
 |   |   |- [+] [ 15]
 |   |   |   |- Guid:200E369E46D88B6C13037BA2B9280ED2 BaseClass: NativeClass:/Script/Engine.StaticMeshActor Name:StaticMeshActor_UAID_A4AE111137DC5EFB00_1110535423 Label:SM_SkySphere SpatiallyLoaded:0 Bounds:IsValid=true, Min=(X=-1638400.000 Y=-1638400.000 Z=-1638400.000), Max=(X=1638400.000 Y=1638400.000 Z=1638400.000) RuntimeGrid:None EditorOnly:0 RuntimeOnly:0 HLODRelevant:1 FolderPath:Lighting FolderGuid:963EC3EB4002CCE9759E2EBA541A873A
 |   |   |- [+] [ 16]
 |   |   |   |- Guid:740753704FFE51A19B180CAC59E01C77 BaseClass:/Game/ThirdPerson/Blueprints/BP_Asteroid.BP_Asteroid_C NativeClass:/Script/Engine.Actor Name:StaticMeshActor_UAID_74563CCA2621E06A02_1929155868 Label:Asteroid_5 SpatiallyLoaded:1 Bounds:IsValid=true, Min=(X=-525.375 Y=-525.375 Z=-529.375), Max=(X=533.375 Y=533.375 Z=529.375) RuntimeGrid:None EditorOnly:0 RuntimeOnly:0 HLODRelevant:0 FolderPath:Asteroids FolderGuid:684FF81C43B75CE1F3C664A1ABCD2FD8
 |   |   |- [+] [ 17]
 |   |   |   |- Guid:801271AA4B613408574B17AA1F220F64 BaseClass:/Game/ThirdPerson/Blueprints/BP_Asteroid.BP_Asteroid_C NativeClass:/Script/Engine.Actor Name:StaticMeshActor_UAID_74563CCA2621E06A02_1928987867 Label:Asteroid_4 SpatiallyLoaded:1 Bounds:IsValid=true, Min=(X=-526.375 Y=-526.375 Z=-529.375), Max=(X=532.375 Y=532.375 Z=529.375) RuntimeGrid:None EditorOnly:0 RuntimeOnly:0 HLODRelevant:0 FolderPath:Asteroids FolderGuid:684FF81C43B75CE1F3C664A1ABCD2FD8
 |   |   |- [+] [ 18]
 |   |   |   |- Guid:04B2008844B375C064E2A49E142704E4 BaseClass: NativeClass:/Script/Engine.SkyAtmosphere Name:SkyAtmosphere_0 Label:SkyAtmosphere SpatiallyLoaded:0 Bounds:IsValid=true, Min=(X=0.000 Y=0.000 Z=1020.000), Max=(X=0.000 Y=0.000 Z=1020.000) RuntimeGrid:None EditorOnly:0 RuntimeOnly:0 HLODRelevant:0 FolderPath:Lighting FolderGuid:963EC3EB4002CCE9759E2EBA541A873A
 |   |   |- [+] [ 19]
 |   |   |   |- Guid:499B9CFC4A9B78623B2FB1AF98E6B374 BaseClass:/Game/ThirdPerson/Blueprints/BP_Ship.BP_Ship_C NativeClass:/Script/ChaosVehicles.WheeledVehiclePawn Name:BP_Ship_C_UAID_74563CCA2621E06902_1458456802 Label:BP_Ship SpatiallyLoaded:1 Bounds:IsValid=true, Min=(X=1452.598 Y=718.543 Z=1077.580), Max=(X=2308.000 Y=1821.912 Z=1765.299) RuntimeGrid:None EditorOnly:0 RuntimeOnly:0 HLODRelevant:0
 |   |   |- [+] [ 20]
 |   |   |   |- Guid:C563782C4D56ED6F8947A4ACB9F4B048 BaseClass:/Game/ThirdPerson/Blueprints/BP_Asteroid.BP_Asteroid_C NativeClass:/Script/Engine.Actor Name:StaticMeshActor_UAID_74563CCA2621E06A02_1928818866 Label:Asteroid_3 SpatiallyLoaded:1 Bounds:IsValid=true, Min=(X=-527.375 Y=-527.375 Z=-529.375), Max=(X=531.375 Y=531.375 Z=529.375) RuntimeGrid:None EditorOnly:0 RuntimeOnly:0 HLODRelevant:0 FolderPath:Asteroids FolderGuid:684FF81C43B75CE1F3C664A1ABCD2FD8
 |   |   |- [+] [ 21]
 |   |   |   |- Guid:B9D0FCB24E03C178FE4A4F86B5C4C1F7 BaseClass: NativeClass:/Script/Engine.WorldDataLayers Name:WorldDataLayers Label:WorldDataLayers SpatiallyLoaded:0 Bounds:IsValid=true, Min=(X=0.000 Y=0.000 Z=0.000), Max=(X=0.000 Y=0.000 Z=0.000) RuntimeGrid:None EditorOnly:0 RuntimeOnly:0 HLODRelevant:0
 |   |   |- [+] [ 22]
 |   |   |   |- Guid:801460034EF70F7DD3C4D59D8B993938 BaseClass:/Game/ThirdPerson/Blueprints/BP_Asteroid.BP_Asteroid_C NativeClass:/Script/Engine.Actor Name:StaticMeshActor_UAID_74563CCA2621E06A02_1928624865 Label:Asteroid_2 SpatiallyLoaded:1 Bounds:IsValid=true, Min=(X=-528.375 Y=-528.375 Z=-529.375), Max=(X=530.375 Y=530.375 Z=529.375) RuntimeGrid:None EditorOnly:0 RuntimeOnly:0 HLODRelevant:0 FolderPath:Asteroids FolderGuid:684FF81C43B75CE1F3C664A1ABCD2FD8
 |   |   |- [+] [ 23]
 |   |   |   |- Guid:B14679844BC9E3855F30A18328CB9C9C BaseClass: NativeClass:/Script/Engine.PlayerStart Name:PlayerStart_0 Label:PlayerStart SpatiallyLoaded:0 Bounds:IsValid=true, Min=(X=617.356 Y=1781.922 Z=1614.063), Max=(X=697.356 Y=1861.922 Z=1798.063) RuntimeGrid:None EditorOnly:0 RuntimeOnly:0 HLODRelevant:0
 |   |   |- [+] [ 24]
 |   |   |   |- Guid:AE2B09304E69F74185EE558E60BE531F BaseClass:/Game/ThirdPerson/Blueprints/BP_Asteroid.BP_Asteroid_C NativeClass:/Script/Engine.Actor Name:StaticMeshActor_UAID_74563CCA2621E06A02_1930587877 Label:Asteroid_14 SpatiallyLoaded:1 Bounds:IsValid=true, Min=(X=-516.375 Y=-516.375 Z=-529.375), Max=(X=542.375 Y=542.375 Z=529.375) RuntimeGrid:None EditorOnly:0 RuntimeOnly:0 HLODRelevant:0 FolderPath:Asteroids FolderGuid:684FF81C43B75CE1F3C664A1ABCD2FD8
 |   |   |- [+] [ 25]
 |   |   |   |- Guid:2514FC154FFA6790864503BAF70E9F77 BaseClass:/Game/ThirdPerson/Blueprints/BP_Asteroid.BP_Asteroid_C NativeClass:/Script/Engine.Actor Name:StaticMeshActor_UAID_74563CCA2621E06A02_1930756878 Label:Asteroid_15 SpatiallyLoaded:1 Bounds:IsValid=true, Min=(X=-515.375 Y=-515.375 Z=-529.375), Max=(X=543.375 Y=543.375 Z=529.375) RuntimeGrid:None EditorOnly:0 RuntimeOnly:0 HLODRelevant:0 FolderPath:Asteroids FolderGuid:684FF81C43B75CE1F3C664A1ABCD2FD8
 |   |   |- [+] [ 26]
 |   |   |   |- Guid:097104044EF275307E4859A2EC5BA87A BaseClass:/Game/ThirdPerson/Blueprints/BP_Asteroid.BP_Asteroid_C NativeClass:/Script/Engine.Actor Name:StaticMeshActor_UAID_74563CCA2621E06A02_1930902879 Label:Asteroid_16 SpatiallyLoaded:1 Bounds:IsValid=true, Min=(X=-514.375 Y=-514.375 Z=-529.375), Max=(X=544.375 Y=544.375 Z=529.375) RuntimeGrid:None EditorOnly:0 RuntimeOnly:0 HLODRelevant:0 FolderPath:Asteroids FolderGuid:684FF81C43B75CE1F3C664A1ABCD2FD8
 |   |   |- [+] [ 27]
 |   |   |   |- Guid:B3EACD3048C35122C5EF05B2D2B3030E BaseClass:/Game/ThirdPerson/Blueprints/BP_Asteroid.BP_Asteroid_C NativeClass:/Script/Engine.Actor Name:StaticMeshActor_UAID_74563CCA2621E06A02_1931098880 Label:Asteroid_17 SpatiallyLoaded:1 Bounds:IsValid=true, Min=(X=-513.375 Y=-513.375 Z=-529.375), Max=(X=545.375 Y=545.375 Z=529.375) RuntimeGrid:None EditorOnly:0 RuntimeOnly:0 HLODRelevant:0 FolderPath:Asteroids FolderGuid:684FF81C43B75CE1F3C664A1ABCD2FD8
 |   |   |- [+] [ 28]
 |   |   |   |- Guid:5DEFE9F94387B5B54F7FC59168672118 BaseClass:/Game/ThirdPerson/Blueprints/BP_Asteroid.BP_Asteroid_C NativeClass:/Script/Engine.Actor Name:StaticMeshActor_UAID_74563CCA2621E06A02_1931640881 Label:Asteroid_18 SpatiallyLoaded:1 Bounds:IsValid=true, Min=(X=-512.375 Y=-512.375 Z=-529.375), Max=(X=546.375 Y=546.375 Z=529.375) RuntimeGrid:None EditorOnly:0 RuntimeOnly:0 HLODRelevant:0 FolderPath:Asteroids FolderGuid:684FF81C43B75CE1F3C664A1ABCD2FD8
 |   |   |- [+] [ 29]
 |   |   |   |- Guid:AB40775E4ADC76879546D4B3AE193D3B BaseClass:/Game/ThirdPerson/Blueprints/BP_Asteroid.BP_Asteroid_C NativeClass:/Script/Engine.Actor Name:StaticMeshActor_UAID_74563CCA2621E06A02_1931801882 Label:Asteroid_19 SpatiallyLoaded:1 Bounds:IsValid=true, Min=(X=-511.375 Y=-511.375 Z=-529.375), Max=(X=547.375 Y=547.375 Z=529.375) RuntimeGrid:None EditorOnly:0 RuntimeOnly:0 HLODRelevant:0 FolderPath:Asteroids FolderGuid:684FF81C43B75CE1F3C664A1ABCD2FD8
 |   |   |- [+] [ 30]
 |   |   |   |- Guid:E905EDDC467B25EC8CE4999762D03A9C BaseClass:/Game/ThirdPerson/Blueprints/BP_Asteroid.BP_Asteroid_C NativeClass:/Script/Engine.Actor Name:StaticMeshActor_UAID_74563CCA2621E06A02_1932002883 Label:Asteroid_20 SpatiallyLoaded:1 Bounds:IsValid=true, Min=(X=-510.375 Y=-510.375 Z=-529.375), Max=(X=548.375 Y=548.375 Z=529.375) RuntimeGrid:None EditorOnly:0 RuntimeOnly:0 HLODRelevant:0 FolderPath:Asteroids FolderGuid:684FF81C43B75CE1F3C664A1ABCD2FD8
 |   |   |- [+] [ 31]
 |   |   |   |- Guid:BF67443E48102494B47F60B69C0E474F BaseClass:/Game/ThirdPerson/Blueprints/BP_Asteroid.BP_Asteroid_C NativeClass:/Script/Engine.Actor Name:StaticMeshActor_UAID_74563CCA2621E06A02_1932863884 Label:Asteroid_21 SpatiallyLoaded:1 Bounds:IsValid=true, Min=(X=-509.375 Y=-509.375 Z=-529.375), Max=(X=549.375 Y=549.375 Z=529.375) RuntimeGrid:None EditorOnly:0 RuntimeOnly:0 HLODRelevant:0 FolderPath:Asteroids FolderGuid:684FF81C43B75CE1F3C664A1ABCD2FD8
 |   |   |- [+] [ 32]
 |   |   |   |- Guid:B36EFDD84C811B7AF740EDB118E47556 BaseClass:/Game/ThirdPerson/Blueprints/BP_Asteroid.BP_Asteroid_C NativeClass:/Script/Engine.Actor Name:StaticMeshActor_UAID_74563CCA2621E06A02_1933064885 Label:Asteroid_22 SpatiallyLoaded:1 Bounds:IsValid=true, Min=(X=-508.375 Y=-508.375 Z=-529.375), Max=(X=550.375 Y=550.375 Z=529.375) RuntimeGrid:None EditorOnly:0 RuntimeOnly:0 HLODRelevant:0 FolderPath:Asteroids FolderGuid:684FF81C43B75CE1F3C664A1ABCD2FD8
 |   |   |- [+] [ 33]
 |   |   |   |- Guid:5C2DB6414A2845DB524529B4B091D1B5 BaseClass:/Game/ThirdPerson/Blueprints/BP_Asteroid.BP_Asteroid_C NativeClass:/Script/Engine.Actor Name:StaticMeshActor_UAID_74563CCA2621E06A02_1933294886 Label:Asteroid_23 SpatiallyLoaded:1 Bounds:IsValid=true, Min=(X=-507.375 Y=-507.375 Z=-529.375), Max=(X=551.375 Y=551.375 Z=529.375) RuntimeGrid:None EditorOnly:0 RuntimeOnly:0 HLODRelevant:0 FolderPath:Asteroids FolderGuid:684FF81C43B75CE1F3C664A1ABCD2FD8
 |   |   |- [+] [ 34]
 |   |   |   |- Guid:EAAD264A44F8C5FFD05DA8A78FBCF96E BaseClass:/Game/ThirdPerson/Blueprints/BP_Asteroid.BP_Asteroid_C NativeClass:/Script/Engine.Actor Name:StaticMeshActor_UAID_74563CCA2621E06A02_1933524887 Label:Asteroid_24 SpatiallyLoaded:1 Bounds:IsValid=true, Min=(X=-506.375 Y=-506.375 Z=-529.375), Max=(X=552.375 Y=552.375 Z=529.375) RuntimeGrid:None EditorOnly:0 RuntimeOnly:0 HLODRelevant:0 FolderPath:Asteroids FolderGuid:684FF81C43B75CE1F3C664A1ABCD2FD8
 |   |   |- [+] [ 35]
 |   |   |   |- Guid:28C6D18A4D13A0B834F213BEC5E021FE BaseClass:/Game/ThirdPerson/Blueprints/BP_Asteroid.BP_Asteroid_C NativeClass:/Script/Engine.Actor Name:StaticMeshActor_UAID_74563CCA2621E06A02_1933865888 Label:Asteroid_25 SpatiallyLoaded:1 Bounds:IsValid=true, Min=(X=-505.375 Y=-505.375 Z=-529.375), Max=(X=553.375 Y=553.375 Z=529.375) RuntimeGrid:None EditorOnly:0 RuntimeOnly:0 HLODRelevant:0 FolderPath:Asteroids FolderGuid:684FF81C43B75CE1F3C664A1ABCD2FD8
 |- ContainerInstances:
 |- [+] MainContainer:
 |   |-        ID: 0x0000000000000000
 |   |-    Bounds: IsValid=false, Min=(X=0.000 Y=0.000 Z=0.000), Max=(X=0.000 Y=0.000 Z=0.000)
 |   |- Transform: 0.000000,0.000000,0.000000|0.000000,0.000000,-0.000000|1.000000,1.000000,1.000000
 |   |- Container: /Game/ThirdPerson/Maps/Ship_Map
----------------------------------------------------------------------------------------------------------------
Ship_Map - Persistent Level
----------------------------------------------------------------------------------------------------------------
Always loaded Actor Count: 68 

----------------------------------------------------------------------------------------------------------------
Ship_Map - Runtime Spatial Hash - Streaming Grid - MainGrid
----------------------------------------------------------------------------------------------------------------
            Origin: X=0.000 Y=0.000 Z=0.000
         Cell Size: 12800
      World Bounds: IsValid=false, Min=(X=0.000 Y=0.000 Z=0.000), Max=(X=0.000 Y=0.000 Z=0.000)
     Loading Range: 25600.00
Block Slow Loading: No
 ClientOnlyVisible: No

[+] Grid Levels: 1
 |- Level  0: Cell Count    0 | Cell Size   12800 | Actor Count    0 (0.0%)

[+] Content of Grid Level 0

