[+] Containers:
 |- [+] Container: /Game/ThirdPerson/Maps/Harpoon_Map
 |   |- [+] ActorDescs:
 |   |   |- Guid:0BC3ADE44247894CAEDCE5A770A993A5 BaseClass:/Game/ThirdPerson/Blueprints/BP_Asteroid.BP_Asteroid_C NativeClass:/Script/Engine.Actor Name:BP_Asteroid_C_UAID_74563CCA2621E86A02_1613197281 Label:BP_Asteroid18 SpatiallyLoaded:1 Bounds:IsValid=true, Min=(X=-468.567 Y=-444.061 Z=-440.000), Max=(X=505.840 Y=523.643 Z=440.000) RuntimeGrid:None EditorOnly:0 RuntimeOnly:0 HLODRelevant:0 FolderPath:Asteroids FolderGuid:41F48B084CD7C2289F8FE0881BF25793
 |   |   |- Guid:1610E4C54C709020EAA2FFB62BCD14F1 BaseClass:/Game/ThirdPerson/Blueprints/BP_Asteroid.BP_Asteroid_C NativeClass:/Script/Engine.Actor Name:BP_Asteroid_C_UAID_74563CCA2621E86A02_1612651279 Label:BP_Asteroid16 SpatiallyLoaded:1 Bounds:IsValid=true, Min=(X=-468.567 Y=-444.061 Z=-440.000), Max=(X=505.840 Y=523.643 Z=440.000) RuntimeGrid:None EditorOnly:0 RuntimeOnly:0 HLODRelevant:0 FolderPath:Asteroids FolderGuid:41F48B084CD7C2289F8FE0881BF25793
 |   |   |- Guid:21BEA1AD4F9710CEAF313597E1441125 BaseClass:/Game/ThirdPerson/Blueprints/BP_Asteroid.BP_Asteroid_C NativeClass:/Script/Engine.Actor Name:BP_Asteroid_C_UAID_74563CCA2621E86A02_1613842284 Label:BP_Asteroid21 SpatiallyLoaded:1 Bounds:IsValid=true, Min=(X=-468.567 Y=-444.061 Z=-440.000), Max=(X=505.840 Y=523.643 Z=440.000) RuntimeGrid:None EditorOnly:0 RuntimeOnly:0 HLODRelevant:0 FolderPath:Asteroids FolderGuid:41F48B084CD7C2289F8FE0881BF25793
 |   |   |- Guid:2D142F7C4B1816EDD9C3B2B6A276EE10 BaseClass:/Game/ThirdPerson/Blueprints/BP_Asteroid.BP_Asteroid_C NativeClass:/Script/Engine.Actor Name:BP_Asteroid_C_UAID_74563CCA2621E86A02_1608754265 Label:BP_Asteroid2 SpatiallyLoaded:1 Bounds:IsValid=true, Min=(X=-468.567 Y=-444.061 Z=-440.000), Max=(X=505.840 Y=523.643 Z=440.000) RuntimeGrid:None EditorOnly:0 RuntimeOnly:0 HLODRelevant:0 FolderPath:Asteroids FolderGuid:41F48B084CD7C2289F8FE0881BF25793
 |   |   |- Guid:35908037492168077C22E98F82C737C6 BaseClass: NativeClass:/Script/Engine.StaticMeshActor Name:StaticMeshActor_UAID_A4AE111137DC5EFB00_1110535423 Label:SM_SkySphere SpatiallyLoaded:0 Bounds:IsValid=true, Min=(X=-1638400.000 Y=-1638400.000 Z=-1638400.000), Max=(X=1638400.000 Y=1638400.000 Z=1638400.000) RuntimeGrid:None EditorOnly:0 RuntimeOnly:0 HLODRelevant:1 FolderPath:Lighting FolderGuid:963EC3EB4002CCE9759E2EBA541A873A
 |   |   |- Guid:3634ED20481B1A43E3DBDCA0677EB703 BaseClass:/Game/ThirdPerson/Blueprints/BP_Asteroid.BP_Asteroid_C NativeClass:/Script/Engine.Actor Name:BP_Asteroid_C_UAID_74563CCA2621E86A02_1614035285 Label:BP_Asteroid22 SpatiallyLoaded:1 Bounds:IsValid=true, Min=(X=-468.567 Y=-444.061 Z=-440.000), Max=(X=505.840 Y=523.643 Z=440.000) RuntimeGrid:None EditorOnly:0 RuntimeOnly:0 HLODRelevant:0 FolderPath:Asteroids FolderGuid:41F48B084CD7C2289F8FE0881BF25793
 |   |   |- Guid:3B10EC3F4CF201FF381327940F07A9F5 BaseClass:/Game/ThirdPerson/Blueprints/BP_Asteroid.BP_Asteroid_C NativeClass:/Script/Engine.Actor Name:BP_Asteroid_C_UAID_74563CCA2621E86A02_1615208288 Label:BP_Asteroid25 SpatiallyLoaded:1 Bounds:IsValid=true, Min=(X=-468.567 Y=-444.061 Z=-440.000), Max=(X=505.840 Y=523.643 Z=440.000) RuntimeGrid:None EditorOnly:0 RuntimeOnly:0 HLODRelevant:0 FolderPath:Asteroids FolderGuid:41F48B084CD7C2289F8FE0881BF25793
 |   |   |- Guid:48EBD096407EB7F4006896B00E62BE83 BaseClass: NativeClass:/Script/Engine.DirectionalLight Name:DirectionalLight_0 Label:DirectionalLight SpatiallyLoaded:0 Bounds:IsValid=true, Min=(X=-4398046511104.000 Y=-4398046511104.000 Z=-4398046511104.000), Max=(X=4398046511104.000 Y=4398046511104.000 Z=4398046511104.000) RuntimeGrid:None EditorOnly:0 RuntimeOnly:0 HLODRelevant:0 FolderPath:Lighting FolderGuid:963EC3EB4002CCE9759E2EBA541A873A
 |   |   |- Guid:4B4EC90A4FCE388585C6C4827DC2B33F BaseClass:/Game/ThirdPerson/Blueprints/BP_Asteroid.BP_Asteroid_C NativeClass:/Script/Engine.Actor Name:BP_Asteroid_C_UAID_74563CCA2621E86A02_1610371274 Label:BP_Asteroid11 SpatiallyLoaded:1 Bounds:IsValid=true, Min=(X=-468.567 Y=-444.061 Z=-440.000), Max=(X=505.840 Y=523.643 Z=440.000) RuntimeGrid:None EditorOnly:0 RuntimeOnly:0 HLODRelevant:0 FolderPath:Asteroids FolderGuid:41F48B084CD7C2289F8FE0881BF25793
 |   |   |- Guid:4C2AC4654124068C98E9408664229C00 BaseClass:/Game/ThirdPerson/Blueprints/BP_Asteroid.BP_Asteroid_C NativeClass:/Script/Engine.Actor Name:BP_Asteroid_C_UAID_74563CCA2621E86A02_1612065278 Label:BP_Asteroid15 SpatiallyLoaded:1 Bounds:IsValid=true, Min=(X=-468.567 Y=-444.061 Z=-440.000), Max=(X=505.840 Y=523.643 Z=440.000) RuntimeGrid:None EditorOnly:0 RuntimeOnly:0 HLODRelevant:0 FolderPath:Asteroids FolderGuid:41F48B084CD7C2289F8FE0881BF25793
 |   |   |- Guid:51FA9E4343FCEDED482DD99EE3F78850 BaseClass: NativeClass:/Script/Engine.ExponentialHeightFog Name:ExponentialHeightFog_0 Label:ExponentialHeightFog SpatiallyLoaded:0 Bounds:IsValid=true, Min=(X=-5600.000 Y=-50.000 Z=-6850.000), Max=(X=-5600.000 Y=-50.000 Z=-6850.000) RuntimeGrid:None EditorOnly:0 RuntimeOnly:0 HLODRelevant:0 FolderPath:Lighting FolderGuid:963EC3EB4002CCE9759E2EBA541A873A
 |   |   |- Guid:5CC93A0341629711751CE7A2E1CBDF66 BaseClass: NativeClass:/Script/Engine.StaticMeshActor Name:StaticMeshActor_UAID_74563CCA2621E76A02_1514801440 Label:Ship_Base SpatiallyLoaded:1 Bounds:IsValid=true, Min=(X=-2143.828 Y=813.141 Z=-906.394), Max=(X=2128.977 Y=2512.156 Z=607.993) RuntimeGrid:None EditorOnly:0 RuntimeOnly:0 HLODRelevant:1
 |   |   |- Guid:6C44FC83477FA824FF7F94B23E72D2C2 BaseClass:/Game/ThirdPerson/Blueprints/BP_Asteroid.BP_Asteroid_C NativeClass:/Script/Engine.Actor Name:BP_Asteroid_C_UAID_74563CCA2621E86A02_1612821280 Label:BP_Asteroid17 SpatiallyLoaded:1 Bounds:IsValid=true, Min=(X=-468.567 Y=-444.061 Z=-440.000), Max=(X=505.840 Y=523.643 Z=440.000) RuntimeGrid:None EditorOnly:0 RuntimeOnly:0 HLODRelevant:0 FolderPath:Asteroids FolderGuid:41F48B084CD7C2289F8FE0881BF25793
 |   |   |- Guid:76F52E4D4739453B892AE89DBFAD2FA1 BaseClass:/Game/ThirdPerson/Blueprints/BP_Asteroid.BP_Asteroid_C NativeClass:/Script/Engine.Actor Name:BP_Asteroid_C_UAID_74563CCA2621E86A02_1609295268 Label:BP_Asteroid5 SpatiallyLoaded:1 Bounds:IsValid=true, Min=(X=-468.567 Y=-444.061 Z=-440.000), Max=(X=505.840 Y=523.643 Z=440.000) RuntimeGrid:None EditorOnly:0 RuntimeOnly:0 HLODRelevant:0 FolderPath:Asteroids FolderGuid:41F48B084CD7C2289F8FE0881BF25793
 |   |   |- Guid:7898003B4BD8A8A314E1EC969B6E6058 BaseClass: NativeClass:/Script/Engine.WorldDataLayers Name:WorldDataLayers Label:WorldDataLayers SpatiallyLoaded:0 Bounds:IsValid=true, Min=(X=0.000 Y=0.000 Z=0.000), Max=(X=0.000 Y=0.000 Z=0.000) RuntimeGrid:None EditorOnly:0 RuntimeOnly:0 HLODRelevant:0
 |   |   |- Guid:8CF8D99A4408B2D0238C7D8FAAC45453 BaseClass: NativeClass:/Script/Engine.PlayerStart Name:PlayerStart_0 Label:PlayerStart SpatiallyLoaded:0 Bounds:IsValid=true, Min=(X=483.356 Y=1929.922 Z=-48.942), Max=(X=563.356 Y=2009.922 Z=135.058) RuntimeGrid:None EditorOnly:0 RuntimeOnly:0 HLODRelevant:0
 |   |   |- Guid:9199E6014C5A47AAC8D699A437DF866F BaseClass:/Game/ThirdPerson/Blueprints/BP_Asteroid.BP_Asteroid_C NativeClass:/Script/Engine.Actor Name:BP_Asteroid_C_UAID_74563CCA2621E86A02_1610624275 Label:BP_Asteroid12 SpatiallyLoaded:1 Bounds:IsValid=true, Min=(X=-468.567 Y=-444.061 Z=-440.000), Max=(X=505.840 Y=523.643 Z=440.000) RuntimeGrid:None EditorOnly:0 RuntimeOnly:0 HLODRelevant:0 FolderPath:Asteroids FolderGuid:41F48B084CD7C2289F8FE0881BF25793
 |   |   |- Guid:940A5EE5476FDA6AFD633F9DEB812E0B BaseClass:/Game/ThirdPerson/Blueprints/BP_Asteroid.BP_Asteroid_C NativeClass:/Script/Engine.Actor Name:BP_Asteroid_C_UAID_74563CCA2621E86A02_1605592264 Label:BP_Asteroid SpatiallyLoaded:1 Bounds:IsValid=true, Min=(X=-468.567 Y=-444.061 Z=-440.000), Max=(X=505.840 Y=523.643 Z=440.000) RuntimeGrid:None EditorOnly:0 RuntimeOnly:0 HLODRelevant:0 FolderPath:Asteroids FolderGuid:41F48B084CD7C2289F8FE0881BF25793
 |   |   |- Guid:A34804924C3C66F1042B1D880BE0412D BaseClass:/Game/ThirdPerson/Blueprints/BP_Asteroid.BP_Asteroid_C NativeClass:/Script/Engine.Actor Name:BP_Asteroid_C_UAID_74563CCA2621E86A02_1613650283 Label:BP_Asteroid20 SpatiallyLoaded:1 Bounds:IsValid=true, Min=(X=-468.567 Y=-444.061 Z=-440.000), Max=(X=505.840 Y=523.643 Z=440.000) RuntimeGrid:None EditorOnly:0 RuntimeOnly:0 HLODRelevant:0 FolderPath:Asteroids FolderGuid:41F48B084CD7C2289F8FE0881BF25793
 |   |   |- Guid:B4F7038A45D2598A244FEF81D2983421 BaseClass: NativeClass:/Script/Engine.PostProcessVolume Name:PostProcessVolume_0 Label:PostProcessVolume SpatiallyLoaded:0 Bounds:IsValid=true, Min=(X=0.000 Y=0.000 Z=400.000), Max=(X=200.000 Y=200.000 Z=600.000) RuntimeGrid:None EditorOnly:0 RuntimeOnly:0 HLODRelevant:0 FolderPath:Lighting FolderGuid:963EC3EB4002CCE9759E2EBA541A873A
 |   |   |- Guid:B5CE6AB94E191B3CE88B8FB6BD8A0D39 BaseClass:/Game/ThirdPerson/Blueprints/BP_Asteroid.BP_Asteroid_C NativeClass:/Script/Engine.Actor Name:BP_Asteroid_C_UAID_74563CCA2621E86A02_1609628270 Label:BP_Asteroid7 SpatiallyLoaded:1 Bounds:IsValid=true, Min=(X=-468.567 Y=-444.061 Z=-440.000), Max=(X=505.840 Y=523.643 Z=440.000) RuntimeGrid:None EditorOnly:0 RuntimeOnly:0 HLODRelevant:0 FolderPath:Asteroids FolderGuid:41F48B084CD7C2289F8FE0881BF25793
 |   |   |- Guid:B81AA1D4495F79C5BD60CCADBC72FB2A BaseClass:/Game/ThirdPerson/Blueprints/BP_Asteroid.BP_Asteroid_C NativeClass:/Script/Engine.Actor Name:BP_Asteroid_C_UAID_74563CCA2621E86A02_1611431276 Label:BP_Asteroid13 SpatiallyLoaded:1 Bounds:IsValid=true, Min=(X=-468.567 Y=-444.061 Z=-440.000), Max=(X=505.840 Y=523.643 Z=440.000) RuntimeGrid:None EditorOnly:0 RuntimeOnly:0 HLODRelevant:0 FolderPath:Asteroids FolderGuid:41F48B084CD7C2289F8FE0881BF25793
 |   |   |- Guid:C750FEB248B54C5C79FC71AC0BF9C7AF BaseClass: NativeClass:/Script/Engine.VolumetricCloud Name:VolumetricCloud_0 Label:VolumetricCloud SpatiallyLoaded:0 Bounds:IsValid=true, Min=(X=0.000 Y=0.000 Z=820.000), Max=(X=0.000 Y=0.000 Z=820.000) RuntimeGrid:None EditorOnly:0 RuntimeOnly:0 HLODRelevant:0 FolderPath:Lighting FolderGuid:963EC3EB4002CCE9759E2EBA541A873A
 |   |   |- Guid:C8E181C34CF1C426408583A58B2DC5A9 BaseClass: NativeClass:/Script/Engine.SkyLight Name:SkyLight_1 Label:SkyLight SpatiallyLoaded:0 Bounds:IsValid=true, Min=(X=0.000 Y=0.000 Z=690.000), Max=(X=0.000 Y=0.000 Z=690.000) RuntimeGrid:None EditorOnly:0 RuntimeOnly:0 HLODRelevant:0 FolderPath:Lighting FolderGuid:963EC3EB4002CCE9759E2EBA541A873A
 |   |   |- Guid:C939B47D487CAB6371E71BBF4221B4A7 BaseClass:/Game/ThirdPerson/Blueprints/BP_Asteroid.BP_Asteroid_C NativeClass:/Script/Engine.Actor Name:BP_Asteroid_C_UAID_74563CCA2621E86A02_1611575277 Label:BP_Asteroid14 SpatiallyLoaded:1 Bounds:IsValid=true, Min=(X=-468.567 Y=-444.061 Z=-440.000), Max=(X=505.840 Y=523.643 Z=440.000) RuntimeGrid:None EditorOnly:0 RuntimeOnly:0 HLODRelevant:0 FolderPath:Asteroids FolderGuid:41F48B084CD7C2289F8FE0881BF25793
 |   |   |- Guid:CA43099C440EF8C03F4CB6AD91F3CAE6 BaseClass:/Game/ThirdPerson/Blueprints/BP_Asteroid.BP_Asteroid_C NativeClass:/Script/Engine.Actor Name:BP_Asteroid_C_UAID_74563CCA2621E86A02_1609480269 Label:BP_Asteroid6 SpatiallyLoaded:1 Bounds:IsValid=true, Min=(X=-468.567 Y=-444.061 Z=-440.000), Max=(X=505.840 Y=523.643 Z=440.000) RuntimeGrid:None EditorOnly:0 RuntimeOnly:0 HLODRelevant:0 FolderPath:Asteroids FolderGuid:41F48B084CD7C2289F8FE0881BF25793
 |   |   |- Guid:D394FA90495F06719F110886717E3D81 BaseClass:/Game/ThirdPerson/Blueprints/BP_Asteroid.BP_Asteroid_C NativeClass:/Script/Engine.Actor Name:BP_Asteroid_C_UAID_74563CCA2621E86A02_1609820271 Label:BP_Asteroid8 SpatiallyLoaded:1 Bounds:IsValid=true, Min=(X=-468.567 Y=-444.061 Z=-440.000), Max=(X=505.840 Y=523.643 Z=440.000) RuntimeGrid:None EditorOnly:0 RuntimeOnly:0 HLODRelevant:0 FolderPath:Asteroids FolderGuid:41F48B084CD7C2289F8FE0881BF25793
 |   |   |- Guid:D50899B54E1776E5C1817281A3EB0800 BaseClass:/Game/ThirdPerson/Blueprints/BP_Asteroid.BP_Asteroid_C NativeClass:/Script/Engine.Actor Name:BP_Asteroid_C_UAID_74563CCA2621E86A02_1608968266 Label:BP_Asteroid3 SpatiallyLoaded:1 Bounds:IsValid=true, Min=(X=-468.567 Y=-444.061 Z=-440.000), Max=(X=505.840 Y=523.643 Z=440.000) RuntimeGrid:None EditorOnly:0 RuntimeOnly:0 HLODRelevant:0 FolderPath:Asteroids FolderGuid:41F48B084CD7C2289F8FE0881BF25793
 |   |   |- Guid:D7B799A641A39DA9E72EA894A171ADCB BaseClass:/Game/ThirdPerson/Blueprints/BP_Asteroid.BP_Asteroid_C NativeClass:/Script/Engine.Actor Name:BP_Asteroid_C_UAID_74563CCA2621E86A02_1610158273 Label:BP_Asteroid10 SpatiallyLoaded:1 Bounds:IsValid=true, Min=(X=-468.567 Y=-444.061 Z=-440.000), Max=(X=505.840 Y=523.643 Z=440.000) RuntimeGrid:None EditorOnly:0 RuntimeOnly:0 HLODRelevant:0 FolderPath:Asteroids FolderGuid:41F48B084CD7C2289F8FE0881BF25793
 |   |   |- Guid:E3B77C87431907ABB6FB1FA02172CEDC BaseClass: NativeClass:/Script/Engine.SkyAtmosphere Name:SkyAtmosphere_0 Label:SkyAtmosphere SpatiallyLoaded:0 Bounds:IsValid=true, Min=(X=0.000 Y=0.000 Z=1020.000), Max=(X=0.000 Y=0.000 Z=1020.000) RuntimeGrid:None EditorOnly:0 RuntimeOnly:0 HLODRelevant:0 FolderPath:Lighting FolderGuid:963EC3EB4002CCE9759E2EBA541A873A
 |   |   |- Guid:EFA4822B4999ED8AB37DE8BBF4526BEE BaseClass:/Game/ThirdPerson/Blueprints/BP_Asteroid.BP_Asteroid_C NativeClass:/Script/Engine.Actor Name:BP_Asteroid_C_UAID_74563CCA2621E86A02_1614806287 Label:BP_Asteroid24 SpatiallyLoaded:1 Bounds:IsValid=true, Min=(X=-468.567 Y=-444.061 Z=-440.000), Max=(X=505.840 Y=523.643 Z=440.000) RuntimeGrid:None EditorOnly:0 RuntimeOnly:0 HLODRelevant:0 FolderPath:Asteroids FolderGuid:41F48B084CD7C2289F8FE0881BF25793
 |   |   |- Guid:F46B2E13464AB480DB0FB891483F5BA9 BaseClass:/Game/ThirdPerson/Blueprints/BP_Asteroid.BP_Asteroid_C NativeClass:/Script/Engine.Actor Name:BP_Asteroid_C_UAID_74563CCA2621E86A02_1614636286 Label:BP_Asteroid23 SpatiallyLoaded:1 Bounds:IsValid=true, Min=(X=-468.567 Y=-444.061 Z=-440.000), Max=(X=505.840 Y=523.643 Z=440.000) RuntimeGrid:None EditorOnly:0 RuntimeOnly:0 HLODRelevant:0 FolderPath:Asteroids FolderGuid:41F48B084CD7C2289F8FE0881BF25793
 |   |   |- Guid:F531FACF4AF86328892C679046ED57BC BaseClass:/Game/ThirdPerson/Blueprints/BP_Asteroid.BP_Asteroid_C NativeClass:/Script/Engine.Actor Name:BP_Asteroid_C_UAID_74563CCA2621E86A02_1613457282 Label:BP_Asteroid19 SpatiallyLoaded:1 Bounds:IsValid=true, Min=(X=-468.567 Y=-444.061 Z=-440.000), Max=(X=505.840 Y=523.643 Z=440.000) RuntimeGrid:None EditorOnly:0 RuntimeOnly:0 HLODRelevant:0 FolderPath:Asteroids FolderGuid:41F48B084CD7C2289F8FE0881BF25793
 |   |   |- Guid:F941E31C4381069F39C6D3BA0F074C3D BaseClass:/Game/ThirdPerson/Blueprints/BP_Asteroid.BP_Asteroid_C NativeClass:/Script/Engine.Actor Name:BP_Asteroid_C_UAID_74563CCA2621E86A02_1609120267 Label:BP_Asteroid4 SpatiallyLoaded:1 Bounds:IsValid=true, Min=(X=-468.567 Y=-444.061 Z=-440.000), Max=(X=505.840 Y=523.643 Z=440.000) RuntimeGrid:None EditorOnly:0 RuntimeOnly:0 HLODRelevant:0 FolderPath:Asteroids FolderGuid:41F48B084CD7C2289F8FE0881BF25793
 |   |   |- Guid:F9A71B79422A7FDB2ECDD880FACAF85E BaseClass:/Game/ThirdPerson/Blueprints/BP_Target.BP_Target_C NativeClass:/Script/Engine.Actor Name:BP_Target_C_UAID_74563CCA2621E86A02_1428504263 Label:BP_Target SpatiallyLoaded:1 Bounds:IsValid=true, Min=(X=2450.000 Y=-1183.755 Z=265.292), Max=(X=2650.000 Y=-850.000 Z=609.870) RuntimeGrid:None EditorOnly:0 RuntimeOnly:0 HLODRelevant:0
 |   |   |- Guid:FC648D2440746637322E129EFAA320BE BaseClass:/Game/ThirdPerson/Blueprints/BP_Asteroid.BP_Asteroid_C NativeClass:/Script/Engine.Actor Name:BP_Asteroid_C_UAID_74563CCA2621E86A02_1609988272 Label:BP_Asteroid9 SpatiallyLoaded:1 Bounds:IsValid=true, Min=(X=-468.567 Y=-444.061 Z=-440.000), Max=(X=505.840 Y=523.643 Z=440.000) RuntimeGrid:None EditorOnly:0 RuntimeOnly:0 HLODRelevant:0 FolderPath:Asteroids FolderGuid:41F48B084CD7C2289F8FE0881BF25793
 |   |- [+] Clusters:
 |   |   |- [+] [  0]
 |   |   |   |- Guid:CA43099C440EF8C03F4CB6AD91F3CAE6 BaseClass:/Game/ThirdPerson/Blueprints/BP_Asteroid.BP_Asteroid_C NativeClass:/Script/Engine.Actor Name:BP_Asteroid_C_UAID_74563CCA2621E86A02_1609480269 Label:BP_Asteroid6 SpatiallyLoaded:1 Bounds:IsValid=true, Min=(X=-468.567 Y=-444.061 Z=-440.000), Max=(X=505.840 Y=523.643 Z=440.000) RuntimeGrid:None EditorOnly:0 RuntimeOnly:0 HLODRelevant:0 FolderPath:Asteroids FolderGuid:41F48B084CD7C2289F8FE0881BF25793
 |   |   |- [+] [  1]
 |   |   |   |- Guid:5CC93A0341629711751CE7A2E1CBDF66 BaseClass: NativeClass:/Script/Engine.StaticMeshActor Name:StaticMeshActor_UAID_74563CCA2621E76A02_1514801440 Label:Ship_Base SpatiallyLoaded:1 Bounds:IsValid=true, Min=(X=-2143.828 Y=813.141 Z=-906.394), Max=(X=2128.977 Y=2512.156 Z=607.993) RuntimeGrid:None EditorOnly:0 RuntimeOnly:0 HLODRelevant:1
 |   |   |- [+] [  2]
 |   |   |   |- Guid:76F52E4D4739453B892AE89DBFAD2FA1 BaseClass:/Game/ThirdPerson/Blueprints/BP_Asteroid.BP_Asteroid_C NativeClass:/Script/Engine.Actor Name:BP_Asteroid_C_UAID_74563CCA2621E86A02_1609295268 Label:BP_Asteroid5 SpatiallyLoaded:1 Bounds:IsValid=true, Min=(X=-468.567 Y=-444.061 Z=-440.000), Max=(X=505.840 Y=523.643 Z=440.000) RuntimeGrid:None EditorOnly:0 RuntimeOnly:0 HLODRelevant:0 FolderPath:Asteroids FolderGuid:41F48B084CD7C2289F8FE0881BF25793
 |   |   |- [+] [  3]
 |   |   |   |- Guid:F531FACF4AF86328892C679046ED57BC BaseClass:/Game/ThirdPerson/Blueprints/BP_Asteroid.BP_Asteroid_C NativeClass:/Script/Engine.Actor Name:BP_Asteroid_C_UAID_74563CCA2621E86A02_1613457282 Label:BP_Asteroid19 SpatiallyLoaded:1 Bounds:IsValid=true, Min=(X=-468.567 Y=-444.061 Z=-440.000), Max=(X=505.840 Y=523.643 Z=440.000) RuntimeGrid:None EditorOnly:0 RuntimeOnly:0 HLODRelevant:0 FolderPath:Asteroids FolderGuid:41F48B084CD7C2289F8FE0881BF25793
 |   |   |- [+] [  4]
 |   |   |   |- Guid:4C2AC4654124068C98E9408664229C00 BaseClass:/Game/ThirdPerson/Blueprints/BP_Asteroid.BP_Asteroid_C NativeClass:/Script/Engine.Actor Name:BP_Asteroid_C_UAID_74563CCA2621E86A02_1612065278 Label:BP_Asteroid15 SpatiallyLoaded:1 Bounds:IsValid=true, Min=(X=-468.567 Y=-444.061 Z=-440.000), Max=(X=505.840 Y=523.643 Z=440.000) RuntimeGrid:None EditorOnly:0 RuntimeOnly:0 HLODRelevant:0 FolderPath:Asteroids FolderGuid:41F48B084CD7C2289F8FE0881BF25793
 |   |   |- [+] [  5]
 |   |   |   |- Guid:C8E181C34CF1C426408583A58B2DC5A9 BaseClass: NativeClass:/Script/Engine.SkyLight Name:SkyLight_1 Label:SkyLight SpatiallyLoaded:0 Bounds:IsValid=true, Min=(X=0.000 Y=0.000 Z=690.000), Max=(X=0.000 Y=0.000 Z=690.000) RuntimeGrid:None EditorOnly:0 RuntimeOnly:0 HLODRelevant:0 FolderPath:Lighting FolderGuid:963EC3EB4002CCE9759E2EBA541A873A
 |   |   |- [+] [  6]
 |   |   |   |- Guid:21BEA1AD4F9710CEAF313597E1441125 BaseClass:/Game/ThirdPerson/Blueprints/BP_Asteroid.BP_Asteroid_C NativeClass:/Script/Engine.Actor Name:BP_Asteroid_C_UAID_74563CCA2621E86A02_1613842284 Label:BP_Asteroid21 SpatiallyLoaded:1 Bounds:IsValid=true, Min=(X=-468.567 Y=-444.061 Z=-440.000), Max=(X=505.840 Y=523.643 Z=440.000) RuntimeGrid:None EditorOnly:0 RuntimeOnly:0 HLODRelevant:0 FolderPath:Asteroids FolderGuid:41F48B084CD7C2289F8FE0881BF25793
 |   |   |- [+] [  7]
 |   |   |   |- Guid:2D142F7C4B1816EDD9C3B2B6A276EE10 BaseClass:/Game/ThirdPerson/Blueprints/BP_Asteroid.BP_Asteroid_C NativeClass:/Script/Engine.Actor Name:BP_Asteroid_C_UAID_74563CCA2621E86A02_1608754265 Label:BP_Asteroid2 SpatiallyLoaded:1 Bounds:IsValid=true, Min=(X=-468.567 Y=-444.061 Z=-440.000), Max=(X=505.840 Y=523.643 Z=440.000) RuntimeGrid:None EditorOnly:0 RuntimeOnly:0 HLODRelevant:0 FolderPath:Asteroids FolderGuid:41F48B084CD7C2289F8FE0881BF25793
 |   |   |- [+] [  8]
 |   |   |   |- Guid:D7B799A641A39DA9E72EA894A171ADCB BaseClass:/Game/ThirdPerson/Blueprints/BP_Asteroid.BP_Asteroid_C NativeClass:/Script/Engine.Actor Name:BP_Asteroid_C_UAID_74563CCA2621E86A02_1610158273 Label:BP_Asteroid10 SpatiallyLoaded:1 Bounds:IsValid=true, Min=(X=-468.567 Y=-444.061 Z=-440.000), Max=(X=505.840 Y=523.643 Z=440.000) RuntimeGrid:None EditorOnly:0 RuntimeOnly:0 HLODRelevant:0 FolderPath:Asteroids FolderGuid:41F48B084CD7C2289F8FE0881BF25793
 |   |   |- [+] [  9]
 |   |   |   |- Guid:F9A71B79422A7FDB2ECDD880FACAF85E BaseClass:/Game/ThirdPerson/Blueprints/BP_Target.BP_Target_C NativeClass:/Script/Engine.Actor Name:BP_Target_C_UAID_74563CCA2621E86A02_1428504263 Label:BP_Target SpatiallyLoaded:1 Bounds:IsValid=true, Min=(X=2450.000 Y=-1183.755 Z=265.292), Max=(X=2650.000 Y=-850.000 Z=609.870) RuntimeGrid:None EditorOnly:0 RuntimeOnly:0 HLODRelevant:0
 |   |   |- [+] [ 10]
 |   |   |   |- Guid:0BC3ADE44247894CAEDCE5A770A993A5 BaseClass:/Game/ThirdPerson/Blueprints/BP_Asteroid.BP_Asteroid_C NativeClass:/Script/Engine.Actor Name:BP_Asteroid_C_UAID_74563CCA2621E86A02_1613197281 Label:BP_Asteroid18 SpatiallyLoaded:1 Bounds:IsValid=true, Min=(X=-468.567 Y=-444.061 Z=-440.000), Max=(X=505.840 Y=523.643 Z=440.000) RuntimeGrid:None EditorOnly:0 RuntimeOnly:0 HLODRelevant:0 FolderPath:Asteroids FolderGuid:41F48B084CD7C2289F8FE0881BF25793
 |   |   |- [+] [ 11]
 |   |   |   |- Guid:7898003B4BD8A8A314E1EC969B6E6058 BaseClass: NativeClass:/Script/Engine.WorldDataLayers Name:WorldDataLayers Label:WorldDataLayers SpatiallyLoaded:0 Bounds:IsValid=true, Min=(X=0.000 Y=0.000 Z=0.000), Max=(X=0.000 Y=0.000 Z=0.000) RuntimeGrid:None EditorOnly:0 RuntimeOnly:0 HLODRelevant:0
 |   |   |- [+] [ 12]
 |   |   |   |- Guid:F46B2E13464AB480DB0FB891483F5BA9 BaseClass:/Game/ThirdPerson/Blueprints/BP_Asteroid.BP_Asteroid_C NativeClass:/Script/Engine.Actor Name:BP_Asteroid_C_UAID_74563CCA2621E86A02_1614636286 Label:BP_Asteroid23 SpatiallyLoaded:1 Bounds:IsValid=true, Min=(X=-468.567 Y=-444.061 Z=-440.000), Max=(X=505.840 Y=523.643 Z=440.000) RuntimeGrid:None EditorOnly:0 RuntimeOnly:0 HLODRelevant:0 FolderPath:Asteroids FolderGuid:41F48B084CD7C2289F8FE0881BF25793
 |   |   |- [+] [ 13]
 |   |   |   |- Guid:940A5EE5476FDA6AFD633F9DEB812E0B BaseClass:/Game/ThirdPerson/Blueprints/BP_Asteroid.BP_Asteroid_C NativeClass:/Script/Engine.Actor Name:BP_Asteroid_C_UAID_74563CCA2621E86A02_1605592264 Label:BP_Asteroid SpatiallyLoaded:1 Bounds:IsValid=true, Min=(X=-468.567 Y=-444.061 Z=-440.000), Max=(X=505.840 Y=523.643 Z=440.000) RuntimeGrid:None EditorOnly:0 RuntimeOnly:0 HLODRelevant:0 FolderPath:Asteroids FolderGuid:41F48B084CD7C2289F8FE0881BF25793
 |   |   |- [+] [ 14]
 |   |   |   |- Guid:B81AA1D4495F79C5BD60CCADBC72FB2A BaseClass:/Game/ThirdPerson/Blueprints/BP_Asteroid.BP_Asteroid_C NativeClass:/Script/Engine.Actor Name:BP_Asteroid_C_UAID_74563CCA2621E86A02_1611431276 Label:BP_Asteroid13 SpatiallyLoaded:1 Bounds:IsValid=true, Min=(X=-468.567 Y=-444.061 Z=-440.000), Max=(X=505.840 Y=523.643 Z=440.000) RuntimeGrid:None EditorOnly:0 RuntimeOnly:0 HLODRelevant:0 FolderPath:Asteroids FolderGuid:41F48B084CD7C2289F8FE0881BF25793
 |   |   |- [+] [ 15]
 |   |   |   |- Guid:4B4EC90A4FCE388585C6C4827DC2B33F BaseClass:/Game/ThirdPerson/Blueprints/BP_Asteroid.BP_Asteroid_C NativeClass:/Script/Engine.Actor Name:BP_Asteroid_C_UAID_74563CCA2621E86A02_1610371274 Label:BP_Asteroid11 SpatiallyLoaded:1 Bounds:IsValid=true, Min=(X=-468.567 Y=-444.061 Z=-440.000), Max=(X=505.840 Y=523.643 Z=440.000) RuntimeGrid:None EditorOnly:0 RuntimeOnly:0 HLODRelevant:0 FolderPath:Asteroids FolderGuid:41F48B084CD7C2289F8FE0881BF25793
 |   |   |- [+] [ 16]
 |   |   |   |- Guid:A34804924C3C66F1042B1D880BE0412D BaseClass:/Game/ThirdPerson/Blueprints/BP_Asteroid.BP_Asteroid_C NativeClass:/Script/Engine.Actor Name:BP_Asteroid_C_UAID_74563CCA2621E86A02_1613650283 Label:BP_Asteroid20 SpatiallyLoaded:1 Bounds:IsValid=true, Min=(X=-468.567 Y=-444.061 Z=-440.000), Max=(X=505.840 Y=523.643 Z=440.000) RuntimeGrid:None EditorOnly:0 RuntimeOnly:0 HLODRelevant:0 FolderPath:Asteroids FolderGuid:41F48B084CD7C2289F8FE0881BF25793
 |   |   |- [+] [ 17]
 |   |   |   |- Guid:B4F7038A45D2598A244FEF81D2983421 BaseClass: NativeClass:/Script/Engine.PostProcessVolume Name:PostProcessVolume_0 Label:PostProcessVolume SpatiallyLoaded:0 Bounds:IsValid=true, Min=(X=0.000 Y=0.000 Z=400.000), Max=(X=200.000 Y=200.000 Z=600.000) RuntimeGrid:None EditorOnly:0 RuntimeOnly:0 HLODRelevant:0 FolderPath:Lighting FolderGuid:963EC3EB4002CCE9759E2EBA541A873A
 |   |   |- [+] [ 18]
 |   |   |   |- Guid:D394FA90495F06719F110886717E3D81 BaseClass:/Game/ThirdPerson/Blueprints/BP_Asteroid.BP_Asteroid_C NativeClass:/Script/Engine.Actor Name:BP_Asteroid_C_UAID_74563CCA2621E86A02_1609820271 Label:BP_Asteroid8 SpatiallyLoaded:1 Bounds:IsValid=true, Min=(X=-468.567 Y=-444.061 Z=-440.000), Max=(X=505.840 Y=523.643 Z=440.000) RuntimeGrid:None EditorOnly:0 RuntimeOnly:0 HLODRelevant:0 FolderPath:Asteroids FolderGuid:41F48B084CD7C2289F8FE0881BF25793
 |   |   |- [+] [ 19]
 |   |   |   |- Guid:1610E4C54C709020EAA2FFB62BCD14F1 BaseClass:/Game/ThirdPerson/Blueprints/BP_Asteroid.BP_Asteroid_C NativeClass:/Script/Engine.Actor Name:BP_Asteroid_C_UAID_74563CCA2621E86A02_1612651279 Label:BP_Asteroid16 SpatiallyLoaded:1 Bounds:IsValid=true, Min=(X=-468.567 Y=-444.061 Z=-440.000), Max=(X=505.840 Y=523.643 Z=440.000) RuntimeGrid:None EditorOnly:0 RuntimeOnly:0 HLODRelevant:0 FolderPath:Asteroids FolderGuid:41F48B084CD7C2289F8FE0881BF25793
 |   |   |- [+] [ 20]
 |   |   |   |- Guid:35908037492168077C22E98F82C737C6 BaseClass: NativeClass:/Script/Engine.StaticMeshActor Name:StaticMeshActor_UAID_A4AE111137DC5EFB00_1110535423 Label:SM_SkySphere SpatiallyLoaded:0 Bounds:IsValid=true, Min=(X=-1638400.000 Y=-1638400.000 Z=-1638400.000), Max=(X=1638400.000 Y=1638400.000 Z=1638400.000) RuntimeGrid:None EditorOnly:0 RuntimeOnly:0 HLODRelevant:1 FolderPath:Lighting FolderGuid:963EC3EB4002CCE9759E2EBA541A873A
 |   |   |- [+] [ 21]
 |   |   |   |- Guid:51FA9E4343FCEDED482DD99EE3F78850 BaseClass: NativeClass:/Script/Engine.ExponentialHeightFog Name:ExponentialHeightFog_0 Label:ExponentialHeightFog SpatiallyLoaded:0 Bounds:IsValid=true, Min=(X=-5600.000 Y=-50.000 Z=-6850.000), Max=(X=-5600.000 Y=-50.000 Z=-6850.000) RuntimeGrid:None EditorOnly:0 RuntimeOnly:0 HLODRelevant:0 FolderPath:Lighting FolderGuid:963EC3EB4002CCE9759E2EBA541A873A
 |   |   |- [+] [ 22]
 |   |   |   |- Guid:3634ED20481B1A43E3DBDCA0677EB703 BaseClass:/Game/ThirdPerson/Blueprints/BP_Asteroid.BP_Asteroid_C NativeClass:/Script/Engine.Actor Name:BP_Asteroid_C_UAID_74563CCA2621E86A02_1614035285 Label:BP_Asteroid22 SpatiallyLoaded:1 Bounds:IsValid=true, Min=(X=-468.567 Y=-444.061 Z=-440.000), Max=(X=505.840 Y=523.643 Z=440.000) RuntimeGrid:None EditorOnly:0 RuntimeOnly:0 HLODRelevant:0 FolderPath:Asteroids FolderGuid:41F48B084CD7C2289F8FE0881BF25793
 |   |   |- [+] [ 23]
 |   |   |   |- Guid:FC648D2440746637322E129EFAA320BE BaseClass:/Game/ThirdPerson/Blueprints/BP_Asteroid.BP_Asteroid_C NativeClass:/Script/Engine.Actor Name:BP_Asteroid_C_UAID_74563CCA2621E86A02_1609988272 Label:BP_Asteroid9 SpatiallyLoaded:1 Bounds:IsValid=true, Min=(X=-468.567 Y=-444.061 Z=-440.000), Max=(X=505.840 Y=523.643 Z=440.000) RuntimeGrid:None EditorOnly:0 RuntimeOnly:0 HLODRelevant:0 FolderPath:Asteroids FolderGuid:41F48B084CD7C2289F8FE0881BF25793
 |   |   |- [+] [ 24]
 |   |   |   |- Guid:3B10EC3F4CF201FF381327940F07A9F5 BaseClass:/Game/ThirdPerson/Blueprints/BP_Asteroid.BP_Asteroid_C NativeClass:/Script/Engine.Actor Name:BP_Asteroid_C_UAID_74563CCA2621E86A02_1615208288 Label:BP_Asteroid25 SpatiallyLoaded:1 Bounds:IsValid=true, Min=(X=-468.567 Y=-444.061 Z=-440.000), Max=(X=505.840 Y=523.643 Z=440.000) RuntimeGrid:None EditorOnly:0 RuntimeOnly:0 HLODRelevant:0 FolderPath:Asteroids FolderGuid:41F48B084CD7C2289F8FE0881BF25793
 |   |   |- [+] [ 25]
 |   |   |   |- Guid:6C44FC83477FA824FF7F94B23E72D2C2 BaseClass:/Game/ThirdPerson/Blueprints/BP_Asteroid.BP_Asteroid_C NativeClass:/Script/Engine.Actor Name:BP_Asteroid_C_UAID_74563CCA2621E86A02_1612821280 Label:BP_Asteroid17 SpatiallyLoaded:1 Bounds:IsValid=true, Min=(X=-468.567 Y=-444.061 Z=-440.000), Max=(X=505.840 Y=523.643 Z=440.000) RuntimeGrid:None EditorOnly:0 RuntimeOnly:0 HLODRelevant:0 FolderPath:Asteroids FolderGuid:41F48B084CD7C2289F8FE0881BF25793
 |   |   |- [+] [ 26]
 |   |   |   |- Guid:8CF8D99A4408B2D0238C7D8FAAC45453 BaseClass: NativeClass:/Script/Engine.PlayerStart Name:PlayerStart_0 Label:PlayerStart SpatiallyLoaded:0 Bounds:IsValid=true, Min=(X=483.356 Y=1929.922 Z=-48.942), Max=(X=563.356 Y=2009.922 Z=135.058) RuntimeGrid:None EditorOnly:0 RuntimeOnly:0 HLODRelevant:0
 |   |   |- [+] [ 27]
 |   |   |   |- Guid:48EBD096407EB7F4006896B00E62BE83 BaseClass: NativeClass:/Script/Engine.DirectionalLight Name:DirectionalLight_0 Label:DirectionalLight SpatiallyLoaded:0 Bounds:IsValid=true, Min=(X=-4398046511104.000 Y=-4398046511104.000 Z=-4398046511104.000), Max=(X=4398046511104.000 Y=4398046511104.000 Z=4398046511104.000) RuntimeGrid:None EditorOnly:0 RuntimeOnly:0 HLODRelevant:0 FolderPath:Lighting FolderGuid:963EC3EB4002CCE9759E2EBA541A873A
 |   |   |- [+] [ 28]
 |   |   |   |- Guid:C939B47D487CAB6371E71BBF4221B4A7 BaseClass:/Game/ThirdPerson/Blueprints/BP_Asteroid.BP_Asteroid_C NativeClass:/Script/Engine.Actor Name:BP_Asteroid_C_UAID_74563CCA2621E86A02_1611575277 Label:BP_Asteroid14 SpatiallyLoaded:1 Bounds:IsValid=true, Min=(X=-468.567 Y=-444.061 Z=-440.000), Max=(X=505.840 Y=523.643 Z=440.000) RuntimeGrid:None EditorOnly:0 RuntimeOnly:0 HLODRelevant:0 FolderPath:Asteroids FolderGuid:41F48B084CD7C2289F8FE0881BF25793
 |   |   |- [+] [ 29]
 |   |   |   |- Guid:E3B77C87431907ABB6FB1FA02172CEDC BaseClass: NativeClass:/Script/Engine.SkyAtmosphere Name:SkyAtmosphere_0 Label:SkyAtmosphere SpatiallyLoaded:0 Bounds:IsValid=true, Min=(X=0.000 Y=0.000 Z=1020.000), Max=(X=0.000 Y=0.000 Z=1020.000) RuntimeGrid:None EditorOnly:0 RuntimeOnly:0 HLODRelevant:0 FolderPath:Lighting FolderGuid:963EC3EB4002CCE9759E2EBA541A873A
 |   |   |- [+] [ 30]
 |   |   |   |- Guid:F941E31C4381069F39C6D3BA0F074C3D BaseClass:/Game/ThirdPerson/Blueprints/BP_Asteroid.BP_Asteroid_C NativeClass:/Script/Engine.Actor Name:BP_Asteroid_C_UAID_74563CCA2621E86A02_1609120267 Label:BP_Asteroid4 SpatiallyLoaded:1 Bounds:IsValid=true, Min=(X=-468.567 Y=-444.061 Z=-440.000), Max=(X=505.840 Y=523.643 Z=440.000) RuntimeGrid:None EditorOnly:0 RuntimeOnly:0 HLODRelevant:0 FolderPath:Asteroids FolderGuid:41F48B084CD7C2289F8FE0881BF25793
 |   |   |- [+] [ 31]
 |   |   |   |- Guid:9199E6014C5A47AAC8D699A437DF866F BaseClass:/Game/ThirdPerson/Blueprints/BP_Asteroid.BP_Asteroid_C NativeClass:/Script/Engine.Actor Name:BP_Asteroid_C_UAID_74563CCA2621E86A02_1610624275 Label:BP_Asteroid12 SpatiallyLoaded:1 Bounds:IsValid=true, Min=(X=-468.567 Y=-444.061 Z=-440.000), Max=(X=505.840 Y=523.643 Z=440.000) RuntimeGrid:None EditorOnly:0 RuntimeOnly:0 HLODRelevant:0 FolderPath:Asteroids FolderGuid:41F48B084CD7C2289F8FE0881BF25793
 |   |   |- [+] [ 32]
 |   |   |   |- Guid:D50899B54E1776E5C1817281A3EB0800 BaseClass:/Game/ThirdPerson/Blueprints/BP_Asteroid.BP_Asteroid_C NativeClass:/Script/Engine.Actor Name:BP_Asteroid_C_UAID_74563CCA2621E86A02_1608968266 Label:BP_Asteroid3 SpatiallyLoaded:1 Bounds:IsValid=true, Min=(X=-468.567 Y=-444.061 Z=-440.000), Max=(X=505.840 Y=523.643 Z=440.000) RuntimeGrid:None EditorOnly:0 RuntimeOnly:0 HLODRelevant:0 FolderPath:Asteroids FolderGuid:41F48B084CD7C2289F8FE0881BF25793
 |   |   |- [+] [ 33]
 |   |   |   |- Guid:B5CE6AB94E191B3CE88B8FB6BD8A0D39 BaseClass:/Game/ThirdPerson/Blueprints/BP_Asteroid.BP_Asteroid_C NativeClass:/Script/Engine.Actor Name:BP_Asteroid_C_UAID_74563CCA2621E86A02_1609628270 Label:BP_Asteroid7 SpatiallyLoaded:1 Bounds:IsValid=true, Min=(X=-468.567 Y=-444.061 Z=-440.000), Max=(X=505.840 Y=523.643 Z=440.000) RuntimeGrid:None EditorOnly:0 RuntimeOnly:0 HLODRelevant:0 FolderPath:Asteroids FolderGuid:41F48B084CD7C2289F8FE0881BF25793
 |   |   |- [+] [ 34]
 |   |   |   |- Guid:C750FEB248B54C5C79FC71AC0BF9C7AF BaseClass: NativeClass:/Script/Engine.VolumetricCloud Name:VolumetricCloud_0 Label:VolumetricCloud SpatiallyLoaded:0 Bounds:IsValid=true, Min=(X=0.000 Y=0.000 Z=820.000), Max=(X=0.000 Y=0.000 Z=820.000) RuntimeGrid:None EditorOnly:0 RuntimeOnly:0 HLODRelevant:0 FolderPath:Lighting FolderGuid:963EC3EB4002CCE9759E2EBA541A873A
 |   |   |- [+] [ 35]
 |   |   |   |- Guid:EFA4822B4999ED8AB37DE8BBF4526BEE BaseClass:/Game/ThirdPerson/Blueprints/BP_Asteroid.BP_Asteroid_C NativeClass:/Script/Engine.Actor Name:BP_Asteroid_C_UAID_74563CCA2621E86A02_1614806287 Label:BP_Asteroid24 SpatiallyLoaded:1 Bounds:IsValid=true, Min=(X=-468.567 Y=-444.061 Z=-440.000), Max=(X=505.840 Y=523.643 Z=440.000) RuntimeGrid:None EditorOnly:0 RuntimeOnly:0 HLODRelevant:0 FolderPath:Asteroids FolderGuid:41F48B084CD7C2289F8FE0881BF25793
 |- ContainerInstances:
 |- [+] MainContainer:
 |   |-        ID: 0x0000000000000000
 |   |-    Bounds: IsValid=false, Min=(X=0.000 Y=0.000 Z=0.000), Max=(X=0.000 Y=0.000 Z=0.000)
 |   |- Transform: 0.000000,0.000000,0.000000|0.000000,0.000000,-0.000000|1.000000,1.000000,1.000000
 |   |- Container: /Game/ThirdPerson/Maps/Harpoon_Map
----------------------------------------------------------------------------------------------------------------
Harpoon_Map - Persistent Level
----------------------------------------------------------------------------------------------------------------
Always loaded Actor Count: 51 

----------------------------------------------------------------------------------------------------------------
Harpoon_Map - Runtime Spatial Hash - Streaming Grid - MainGrid
----------------------------------------------------------------------------------------------------------------
            Origin: X=0.000 Y=0.000 Z=0.000
         Cell Size: 12800
      World Bounds: IsValid=false, Min=(X=0.000 Y=0.000 Z=0.000), Max=(X=0.000 Y=0.000 Z=0.000)
     Loading Range: 25600.00
Block Slow Loading: No
 ClientOnlyVisible: No

[+] Grid Levels: 1
 |- Level  0: Cell Count    0 | Cell Size   12800 | Actor Count    0 (0.0%)

[+] Content of Grid Level 0

