[+] Containers:
 |- [+] Container: /Game/ThirdPerson/Maps/Menu_Map
 |   |- [+] ActorDescs:
 |   |   |- Guid:0CFA69F74A76556752B2BA888FFDF4B6 BaseClass:/Game/ThirdPerson/Blueprints/BP_Asteroid.BP_Asteroid_C NativeClass:/Script/Engine.Actor Name:BP_Asteroid_C_UAID_74563CCA2621E86A02_1614806287 Label:BP_Asteroid24 SpatiallyLoaded:1 Bounds:IsValid=true, Min=(X=-468.567 Y=-444.061 Z=-440.000), Max=(X=505.840 Y=523.643 Z=440.000) RuntimeGrid:None EditorOnly:0 RuntimeOnly:0 HLODRelevant:0 FolderPath:Asteroids FolderGuid:41F48B084CD7C2289F8FE0881BF25793
 |   |   |- Guid:0E184F6D4A5A29D75D14BBB8039D89C1 BaseClass: NativeClass:/Script/Engine.PostProcessVolume Name:PostProcessVolume_UAID_74563CCA2621ED6A02_1914086146 Label:PostProcessVolume SpatiallyLoaded:0 Bounds:IsValid=true, Min=(X=0.000 Y=0.000 Z=400.000), Max=(X=200.000 Y=200.000 Z=600.000) RuntimeGrid:None EditorOnly:0 RuntimeOnly:0 HLODRelevant:0 FolderPath:Lighting FolderGuid:963EC3EB4002CCE9759E2EBA541A873A
 |   |   |- Guid:0EE9F6664DA5047BF2A57EA204070146 BaseClass:/Game/ThirdPerson/Blueprints/BP_Asteroid.BP_Asteroid_C NativeClass:/Script/Engine.Actor Name:BP_Asteroid_C_UAID_74563CCA2621E86A02_1614035285 Label:BP_Asteroid22 SpatiallyLoaded:1 Bounds:IsValid=true, Min=(X=-468.567 Y=-444.061 Z=-440.000), Max=(X=505.840 Y=523.643 Z=440.000) RuntimeGrid:None EditorOnly:0 RuntimeOnly:0 HLODRelevant:0 FolderPath:Asteroids FolderGuid:41F48B084CD7C2289F8FE0881BF25793
 |   |   |- Guid:0F7AC14C4A1F49F62E44439D09AF6DDD BaseClass:/Game/ThirdPerson/Blueprints/BP_Asteroid.BP_Asteroid_C NativeClass:/Script/Engine.Actor Name:BP_Asteroid_C_UAID_74563CCA2621E86A02_1609295268 Label:BP_Asteroid5 SpatiallyLoaded:1 Bounds:IsValid=true, Min=(X=-468.567 Y=-444.061 Z=-440.000), Max=(X=505.840 Y=523.643 Z=440.000) RuntimeGrid:None EditorOnly:0 RuntimeOnly:0 HLODRelevant:0 FolderPath:Asteroids FolderGuid:41F48B084CD7C2289F8FE0881BF25793
 |   |   |- Guid:0FF1E72746A60BDDFE737F93B9D7A1D3 BaseClass:/Game/ThirdPerson/Blueprints/BP_Asteroid.BP_Asteroid_C NativeClass:/Script/Engine.Actor Name:BP_Asteroid_C_UAID_74563CCA2621E86A02_1611575277 Label:BP_Asteroid14 SpatiallyLoaded:1 Bounds:IsValid=true, Min=(X=-468.567 Y=-444.061 Z=-440.000), Max=(X=505.840 Y=523.643 Z=440.000) RuntimeGrid:None EditorOnly:0 RuntimeOnly:0 HLODRelevant:0 FolderPath:Asteroids FolderGuid:41F48B084CD7C2289F8FE0881BF25793
 |   |   |- Guid:10A6EC47487D743B8AC956B0B539CAF7 BaseClass: NativeClass:/Script/Engine.DirectionalLight Name:DirectionalLight_UAID_74563CCA2621ED6A02_1914089150 Label:DirectionalLight SpatiallyLoaded:0 Bounds:IsValid=true, Min=(X=-4398046511104.000 Y=-4398046511104.000 Z=-4398046511104.000), Max=(X=4398046511104.000 Y=4398046511104.000 Z=4398046511104.000) RuntimeGrid:None EditorOnly:0 RuntimeOnly:0 HLODRelevant:0 FolderPath:Lighting FolderGuid:963EC3EB4002CCE9759E2EBA541A873A
 |   |   |- Guid:13C7A9014C8854B80B11F18A9FC882FB BaseClass:/Game/ThirdPerson/Blueprints/BP_Asteroid.BP_Asteroid_C NativeClass:/Script/Engine.Actor Name:BP_Asteroid_C_UAID_74563CCA2621E86A02_1609988272 Label:BP_Asteroid9 SpatiallyLoaded:1 Bounds:IsValid=true, Min=(X=-468.567 Y=-444.061 Z=-440.000), Max=(X=505.840 Y=523.643 Z=440.000) RuntimeGrid:None EditorOnly:0 RuntimeOnly:0 HLODRelevant:0 FolderPath:Asteroids FolderGuid:41F48B084CD7C2289F8FE0881BF25793
 |   |   |- Guid:163C79BB46C4A32C45FEC2B9C93F5740 BaseClass:/Game/ThirdPerson/Blueprints/BP_Asteroid.BP_Asteroid_C NativeClass:/Script/Engine.Actor Name:BP_Asteroid_C_UAID_74563CCA2621E86A02_1612821280 Label:BP_Asteroid17 SpatiallyLoaded:1 Bounds:IsValid=true, Min=(X=-468.567 Y=-444.061 Z=-440.000), Max=(X=505.840 Y=523.643 Z=440.000) RuntimeGrid:None EditorOnly:0 RuntimeOnly:0 HLODRelevant:0 FolderPath:Asteroids FolderGuid:41F48B084CD7C2289F8FE0881BF25793
 |   |   |- Guid:1A94A1B64E31652ED069D0A1B110A204 BaseClass: NativeClass:/Script/Engine.SkyAtmosphere Name:SkyAtmosphere_UAID_74563CCA2621ED6A02_1914088149 Label:SkyAtmosphere SpatiallyLoaded:0 Bounds:IsValid=true, Min=(X=0.000 Y=0.000 Z=1020.000), Max=(X=0.000 Y=0.000 Z=1020.000) RuntimeGrid:None EditorOnly:0 RuntimeOnly:0 HLODRelevant:0 FolderPath:Lighting FolderGuid:963EC3EB4002CCE9759E2EBA541A873A
 |   |   |- Guid:21CF42FF4B8564D928A80CA71DADE2DB BaseClass:/Game/ThirdPerson/Blueprints/BP_Asteroid.BP_Asteroid_C NativeClass:/Script/Engine.Actor Name:BP_Asteroid_C_UAID_74563CCA2621E86A02_1609120267 Label:BP_Asteroid4 SpatiallyLoaded:1 Bounds:IsValid=true, Min=(X=-468.567 Y=-444.061 Z=-440.000), Max=(X=505.840 Y=523.643 Z=440.000) RuntimeGrid:None EditorOnly:0 RuntimeOnly:0 HLODRelevant:0 FolderPath:Asteroids FolderGuid:41F48B084CD7C2289F8FE0881BF25793
 |   |   |- Guid:22FEB9DD4EA4CB83669FA9A7D851983A BaseClass: NativeClass:/Script/Engine.ExponentialHeightFog Name:ExponentialHeightFog_UAID_74563CCA2621ED6A02_1914085145 Label:ExponentialHeightFog SpatiallyLoaded:0 Bounds:IsValid=true, Min=(X=-5600.000 Y=-50.000 Z=-6850.000), Max=(X=-5600.000 Y=-50.000 Z=-6850.000) RuntimeGrid:None EditorOnly:0 RuntimeOnly:0 HLODRelevant:0 FolderPath:Lighting FolderGuid:963EC3EB4002CCE9759E2EBA541A873A
 |   |   |- Guid:25F9ACA84C4732B280BF8DBC600D8ED9 BaseClass:/Game/ThirdPerson/Blueprints/BP_Asteroid.BP_Asteroid_C NativeClass:/Script/Engine.Actor Name:BP_Asteroid_C_UAID_74563CCA2621E86A02_1610624275 Label:BP_Asteroid12 SpatiallyLoaded:1 Bounds:IsValid=true, Min=(X=-468.567 Y=-444.061 Z=-440.000), Max=(X=505.840 Y=523.643 Z=440.000) RuntimeGrid:None EditorOnly:0 RuntimeOnly:0 HLODRelevant:0 FolderPath:Asteroids FolderGuid:41F48B084CD7C2289F8FE0881BF25793
 |   |   |- Guid:3DE123804A53DF9DE13E6998C1F98828 BaseClass:/Game/ThirdPerson/Blueprints/BP_Asteroid.BP_Asteroid_C NativeClass:/Script/Engine.Actor Name:BP_Asteroid_C_UAID_74563CCA2621E86A02_1610371274 Label:BP_Asteroid11 SpatiallyLoaded:1 Bounds:IsValid=true, Min=(X=-468.567 Y=-444.061 Z=-440.000), Max=(X=505.840 Y=523.643 Z=440.000) RuntimeGrid:None EditorOnly:0 RuntimeOnly:0 HLODRelevant:0 FolderPath:Asteroids FolderGuid:41F48B084CD7C2289F8FE0881BF25793
 |   |   |- Guid:42B15751445A977AC75D10AB5685A9A3 BaseClass: NativeClass:/Script/Engine.VolumetricCloud Name:VolumetricCloud_UAID_74563CCA2621ED6A02_1914082144 Label:VolumetricCloud SpatiallyLoaded:0 Bounds:IsValid=true, Min=(X=0.000 Y=0.000 Z=820.000), Max=(X=0.000 Y=0.000 Z=820.000) RuntimeGrid:None EditorOnly:0 RuntimeOnly:0 HLODRelevant:0 FolderPath:Lighting FolderGuid:963EC3EB4002CCE9759E2EBA541A873A
 |   |   |- Guid:4B72D3D74C3BAEA9ACC380B072E73E6C BaseClass:/Game/ThirdPerson/Blueprints/BP_Asteroid.BP_Asteroid_C NativeClass:/Script/Engine.Actor Name:BP_Asteroid_C_UAID_74563CCA2621E86A02_1609628270 Label:BP_Asteroid7 SpatiallyLoaded:1 Bounds:IsValid=true, Min=(X=-468.567 Y=-444.061 Z=-440.000), Max=(X=505.840 Y=523.643 Z=440.000) RuntimeGrid:None EditorOnly:0 RuntimeOnly:0 HLODRelevant:0 FolderPath:Asteroids FolderGuid:41F48B084CD7C2289F8FE0881BF25793
 |   |   |- Guid:555FD3264A3B5AB3A5B530B1C329A52D BaseClass: NativeClass:/Script/Engine.WorldDataLayers Name:WorldDataLayers Label:WorldDataLayers SpatiallyLoaded:0 Bounds:IsValid=true, Min=(X=0.000 Y=0.000 Z=0.000), Max=(X=0.000 Y=0.000 Z=0.000) RuntimeGrid:None EditorOnly:0 RuntimeOnly:0 HLODRelevant:0
 |   |   |- Guid:5952CF984E021036CE5C7FB990DB3CB1 BaseClass:/Game/ThirdPerson/Blueprints/BP_Asteroid.BP_Asteroid_C NativeClass:/Script/Engine.Actor Name:BP_Asteroid_C_UAID_74563CCA2621E86A02_1613457282 Label:BP_Asteroid19 SpatiallyLoaded:1 Bounds:IsValid=true, Min=(X=-468.567 Y=-444.061 Z=-440.000), Max=(X=505.840 Y=523.643 Z=440.000) RuntimeGrid:None EditorOnly:0 RuntimeOnly:0 HLODRelevant:0 FolderPath:Asteroids FolderGuid:41F48B084CD7C2289F8FE0881BF25793
 |   |   |- Guid:5A78D466457D9486948E48856101E796 BaseClass:/Game/ThirdPerson/Blueprints/BP_Asteroid.BP_Asteroid_C NativeClass:/Script/Engine.Actor Name:BP_Asteroid_C_UAID_74563CCA2621E86A02_1609820271 Label:BP_Asteroid8 SpatiallyLoaded:1 Bounds:IsValid=true, Min=(X=-468.567 Y=-444.061 Z=-440.000), Max=(X=505.840 Y=523.643 Z=440.000) RuntimeGrid:None EditorOnly:0 RuntimeOnly:0 HLODRelevant:0 FolderPath:Asteroids FolderGuid:41F48B084CD7C2289F8FE0881BF25793
 |   |   |- Guid:6069D9D14A38AF5F5C792EBE9826AFBA BaseClass:/Game/ThirdPerson/Blueprints/BP_Asteroid.BP_Asteroid_C NativeClass:/Script/Engine.Actor Name:BP_Asteroid_C_UAID_74563CCA2621E86A02_1613650283 Label:BP_Asteroid20 SpatiallyLoaded:1 Bounds:IsValid=true, Min=(X=-468.567 Y=-444.061 Z=-440.000), Max=(X=505.840 Y=523.643 Z=440.000) RuntimeGrid:None EditorOnly:0 RuntimeOnly:0 HLODRelevant:0 FolderPath:Asteroids FolderGuid:41F48B084CD7C2289F8FE0881BF25793
 |   |   |- Guid:6E4926A240111C0614009BAF4DD061CC BaseClass: NativeClass:/Script/Engine.StaticMeshActor Name:StaticMeshActor_UAID_74563CCA2621ED6A02_1914088148 Label:SM_SkySphere SpatiallyLoaded:0 Bounds:IsValid=true, Min=(X=-1638400.000 Y=-1638400.000 Z=-1638400.000), Max=(X=1638400.000 Y=1638400.000 Z=1638400.000) RuntimeGrid:None EditorOnly:0 RuntimeOnly:0 HLODRelevant:1 FolderPath:Lighting FolderGuid:963EC3EB4002CCE9759E2EBA541A873A
 |   |   |- Guid:780FB9DB4EABC1536051E6B335E1A7CB BaseClass:/Game/ThirdPerson/Blueprints/BP_Asteroid.BP_Asteroid_C NativeClass:/Script/Engine.Actor Name:BP_Asteroid_C_UAID_74563CCA2621E86A02_1614636286 Label:BP_Asteroid23 SpatiallyLoaded:1 Bounds:IsValid=true, Min=(X=-468.567 Y=-444.061 Z=-440.000), Max=(X=505.840 Y=523.643 Z=440.000) RuntimeGrid:None EditorOnly:0 RuntimeOnly:0 HLODRelevant:0 FolderPath:Asteroids FolderGuid:41F48B084CD7C2289F8FE0881BF25793
 |   |   |- Guid:7952818943C2F8FA530B14A12C6DED6A BaseClass: NativeClass:/Script/Engine.SkyLight Name:SkyLight_UAID_74563CCA2621ED6A02_1914087147 Label:SkyLight SpatiallyLoaded:0 Bounds:IsValid=true, Min=(X=0.000 Y=0.000 Z=690.000), Max=(X=0.000 Y=0.000 Z=690.000) RuntimeGrid:None EditorOnly:0 RuntimeOnly:0 HLODRelevant:0 FolderPath:Lighting FolderGuid:963EC3EB4002CCE9759E2EBA541A873A
 |   |   |- Guid:7F15E30B4985336798715E9FFBCD3135 BaseClass:/Game/ThirdPerson/Blueprints/BP_Asteroid.BP_Asteroid_C NativeClass:/Script/Engine.Actor Name:BP_Asteroid_C_UAID_74563CCA2621E86A02_1613197281 Label:BP_Asteroid18 SpatiallyLoaded:1 Bounds:IsValid=true, Min=(X=-468.567 Y=-444.061 Z=-440.000), Max=(X=505.840 Y=523.643 Z=440.000) RuntimeGrid:None EditorOnly:0 RuntimeOnly:0 HLODRelevant:0 FolderPath:Asteroids FolderGuid:41F48B084CD7C2289F8FE0881BF25793
 |   |   |- Guid:97E7787546090E97306F2E94396021D2 BaseClass:/Game/ThirdPerson/Blueprints/BP_Asteroid.BP_Asteroid_C NativeClass:/Script/Engine.Actor Name:BP_Asteroid_C_UAID_74563CCA2621E86A02_1613842284 Label:BP_Asteroid21 SpatiallyLoaded:1 Bounds:IsValid=true, Min=(X=-468.567 Y=-444.061 Z=-440.000), Max=(X=505.840 Y=523.643 Z=440.000) RuntimeGrid:None EditorOnly:0 RuntimeOnly:0 HLODRelevant:0 FolderPath:Asteroids FolderGuid:41F48B084CD7C2289F8FE0881BF25793
 |   |   |- Guid:9C6846204DB690D6721FFF9E7A05D5D3 BaseClass:/Game/ThirdPerson/Blueprints/BP_Asteroid.BP_Asteroid_C NativeClass:/Script/Engine.Actor Name:BP_Asteroid_C_UAID_74563CCA2621E86A02_1612065278 Label:BP_Asteroid15 SpatiallyLoaded:1 Bounds:IsValid=true, Min=(X=-468.567 Y=-444.061 Z=-440.000), Max=(X=505.840 Y=523.643 Z=440.000) RuntimeGrid:None EditorOnly:0 RuntimeOnly:0 HLODRelevant:0 FolderPath:Asteroids FolderGuid:41F48B084CD7C2289F8FE0881BF25793
 |   |   |- Guid:9DA8FA624FC0B2717E042F802688BFD7 BaseClass:/Game/ThirdPerson/Blueprints/BP_Asteroid.BP_Asteroid_C NativeClass:/Script/Engine.Actor Name:BP_Asteroid_C_UAID_74563CCA2621E86A02_1612651279 Label:BP_Asteroid16 SpatiallyLoaded:1 Bounds:IsValid=true, Min=(X=-468.567 Y=-444.061 Z=-440.000), Max=(X=505.840 Y=523.643 Z=440.000) RuntimeGrid:None EditorOnly:0 RuntimeOnly:0 HLODRelevant:0 FolderPath:Asteroids FolderGuid:41F48B084CD7C2289F8FE0881BF25793
 |   |   |- Guid:A35B5E714153CB7C70A394A47E8D3399 BaseClass:/Game/ThirdPerson/Blueprints/BP_Asteroid.BP_Asteroid_C NativeClass:/Script/Engine.Actor Name:BP_Asteroid_C_UAID_74563CCA2621E86A02_1611431276 Label:BP_Asteroid13 SpatiallyLoaded:1 Bounds:IsValid=true, Min=(X=-468.567 Y=-444.061 Z=-440.000), Max=(X=505.840 Y=523.643 Z=440.000) RuntimeGrid:None EditorOnly:0 RuntimeOnly:0 HLODRelevant:0 FolderPath:Asteroids FolderGuid:41F48B084CD7C2289F8FE0881BF25793
 |   |   |- Guid:A627128741DF77DE30E5FFA593248EBF BaseClass:/Game/ThirdPerson/Blueprints/BP_Asteroid.BP_Asteroid_C NativeClass:/Script/Engine.Actor Name:BP_Asteroid_C_UAID_74563CCA2621E86A02_1615208288 Label:BP_Asteroid25 SpatiallyLoaded:1 Bounds:IsValid=true, Min=(X=-468.567 Y=-444.061 Z=-440.000), Max=(X=505.840 Y=523.643 Z=440.000) RuntimeGrid:None EditorOnly:0 RuntimeOnly:0 HLODRelevant:0 FolderPath:Asteroids FolderGuid:41F48B084CD7C2289F8FE0881BF25793
 |   |   |- Guid:AD38CAEF49C04CA13C736AA135D7E312 BaseClass:/Game/ThirdPerson/Blueprints/BP_Asteroid.BP_Asteroid_C NativeClass:/Script/Engine.Actor Name:BP_Asteroid_C_UAID_74563CCA2621E86A02_1608754265 Label:BP_Asteroid2 SpatiallyLoaded:1 Bounds:IsValid=true, Min=(X=-468.567 Y=-444.061 Z=-440.000), Max=(X=505.840 Y=523.643 Z=440.000) RuntimeGrid:None EditorOnly:0 RuntimeOnly:0 HLODRelevant:0 FolderPath:Asteroids FolderGuid:41F48B084CD7C2289F8FE0881BF25793
 |   |   |- Guid:BCF188894A20CE3FCB69C7B986BF1A79 BaseClass:/Game/ThirdPerson/Blueprints/BP_Asteroid.BP_Asteroid_C NativeClass:/Script/Engine.Actor Name:BP_Asteroid_C_UAID_74563CCA2621E86A02_1608968266 Label:BP_Asteroid3 SpatiallyLoaded:1 Bounds:IsValid=true, Min=(X=-468.567 Y=-444.061 Z=-440.000), Max=(X=505.840 Y=523.643 Z=440.000) RuntimeGrid:None EditorOnly:0 RuntimeOnly:0 HLODRelevant:0 FolderPath:Asteroids FolderGuid:41F48B084CD7C2289F8FE0881BF25793
 |   |   |- Guid:D0A8C4A84ACB2EAEE6975ABD4B41748E BaseClass: NativeClass:/Script/Engine.StaticMeshActor Name:StaticMeshActor_UAID_74563CCA2621E76A02_1514801440 Label:Ship_Base SpatiallyLoaded:1 Bounds:IsValid=true, Min=(X=-2143.828 Y=813.141 Z=-906.394), Max=(X=2128.977 Y=2512.156 Z=607.993) RuntimeGrid:None EditorOnly:0 RuntimeOnly:0 HLODRelevant:1
 |   |   |- Guid:D570360942F31050FB2728B04D227AFF BaseClass:/Game/ThirdPerson/Blueprints/BP_Asteroid.BP_Asteroid_C NativeClass:/Script/Engine.Actor Name:BP_Asteroid_C_UAID_74563CCA2621E86A02_1610158273 Label:BP_Asteroid10 SpatiallyLoaded:1 Bounds:IsValid=true, Min=(X=-468.567 Y=-444.061 Z=-440.000), Max=(X=505.840 Y=523.643 Z=440.000) RuntimeGrid:None EditorOnly:0 RuntimeOnly:0 HLODRelevant:0 FolderPath:Asteroids FolderGuid:41F48B084CD7C2289F8FE0881BF25793
 |   |   |- Guid:DE5525A4424657488C7FCBA5698849B0 BaseClass:/Game/ThirdPerson/Blueprints/BP_Asteroid.BP_Asteroid_C NativeClass:/Script/Engine.Actor Name:BP_Asteroid_C_UAID_74563CCA2621E86A02_1609480269 Label:BP_Asteroid6 SpatiallyLoaded:1 Bounds:IsValid=true, Min=(X=-468.567 Y=-444.061 Z=-440.000), Max=(X=505.840 Y=523.643 Z=440.000) RuntimeGrid:None EditorOnly:0 RuntimeOnly:0 HLODRelevant:0 FolderPath:Asteroids FolderGuid:41F48B084CD7C2289F8FE0881BF25793
 |   |   |- Guid:F4218C4A40C0B8F0FF1718A43B7990F0 BaseClass:/Game/ThirdPerson/Blueprints/BP_Asteroid.BP_Asteroid_C NativeClass:/Script/Engine.Actor Name:BP_Asteroid_C_UAID_74563CCA2621E86A02_1605592264 Label:BP_Asteroid SpatiallyLoaded:1 Bounds:IsValid=true, Min=(X=-468.567 Y=-444.061 Z=-440.000), Max=(X=505.840 Y=523.643 Z=440.000) RuntimeGrid:None EditorOnly:0 RuntimeOnly:0 HLODRelevant:0 FolderPath:Asteroids FolderGuid:41F48B084CD7C2289F8FE0881BF25793
 |   |- [+] Clusters:
 |   |   |- [+] [  0]
 |   |   |   |- Guid:163C79BB46C4A32C45FEC2B9C93F5740 BaseClass:/Game/ThirdPerson/Blueprints/BP_Asteroid.BP_Asteroid_C NativeClass:/Script/Engine.Actor Name:BP_Asteroid_C_UAID_74563CCA2621E86A02_1612821280 Label:BP_Asteroid17 SpatiallyLoaded:1 Bounds:IsValid=true, Min=(X=-468.567 Y=-444.061 Z=-440.000), Max=(X=505.840 Y=523.643 Z=440.000) RuntimeGrid:None EditorOnly:0 RuntimeOnly:0 HLODRelevant:0 FolderPath:Asteroids FolderGuid:41F48B084CD7C2289F8FE0881BF25793
 |   |   |- [+] [  1]
 |   |   |   |- Guid:6E4926A240111C0614009BAF4DD061CC BaseClass: NativeClass:/Script/Engine.StaticMeshActor Name:StaticMeshActor_UAID_74563CCA2621ED6A02_1914088148 Label:SM_SkySphere SpatiallyLoaded:0 Bounds:IsValid=true, Min=(X=-1638400.000 Y=-1638400.000 Z=-1638400.000), Max=(X=1638400.000 Y=1638400.000 Z=1638400.000) RuntimeGrid:None EditorOnly:0 RuntimeOnly:0 HLODRelevant:1 FolderPath:Lighting FolderGuid:963EC3EB4002CCE9759E2EBA541A873A
 |   |   |- [+] [  2]
 |   |   |   |- Guid:D570360942F31050FB2728B04D227AFF BaseClass:/Game/ThirdPerson/Blueprints/BP_Asteroid.BP_Asteroid_C NativeClass:/Script/Engine.Actor Name:BP_Asteroid_C_UAID_74563CCA2621E86A02_1610158273 Label:BP_Asteroid10 SpatiallyLoaded:1 Bounds:IsValid=true, Min=(X=-468.567 Y=-444.061 Z=-440.000), Max=(X=505.840 Y=523.643 Z=440.000) RuntimeGrid:None EditorOnly:0 RuntimeOnly:0 HLODRelevant:0 FolderPath:Asteroids FolderGuid:41F48B084CD7C2289F8FE0881BF25793
 |   |   |- [+] [  3]
 |   |   |   |- Guid:0E184F6D4A5A29D75D14BBB8039D89C1 BaseClass: NativeClass:/Script/Engine.PostProcessVolume Name:PostProcessVolume_UAID_74563CCA2621ED6A02_1914086146 Label:PostProcessVolume SpatiallyLoaded:0 Bounds:IsValid=true, Min=(X=0.000 Y=0.000 Z=400.000), Max=(X=200.000 Y=200.000 Z=600.000) RuntimeGrid:None EditorOnly:0 RuntimeOnly:0 HLODRelevant:0 FolderPath:Lighting FolderGuid:963EC3EB4002CCE9759E2EBA541A873A
 |   |   |- [+] [  4]
 |   |   |   |- Guid:25F9ACA84C4732B280BF8DBC600D8ED9 BaseClass:/Game/ThirdPerson/Blueprints/BP_Asteroid.BP_Asteroid_C NativeClass:/Script/Engine.Actor Name:BP_Asteroid_C_UAID_74563CCA2621E86A02_1610624275 Label:BP_Asteroid12 SpatiallyLoaded:1 Bounds:IsValid=true, Min=(X=-468.567 Y=-444.061 Z=-440.000), Max=(X=505.840 Y=523.643 Z=440.000) RuntimeGrid:None EditorOnly:0 RuntimeOnly:0 HLODRelevant:0 FolderPath:Asteroids FolderGuid:41F48B084CD7C2289F8FE0881BF25793
 |   |   |- [+] [  5]
 |   |   |   |- Guid:22FEB9DD4EA4CB83669FA9A7D851983A BaseClass: NativeClass:/Script/Engine.ExponentialHeightFog Name:ExponentialHeightFog_UAID_74563CCA2621ED6A02_1914085145 Label:ExponentialHeightFog SpatiallyLoaded:0 Bounds:IsValid=true, Min=(X=-5600.000 Y=-50.000 Z=-6850.000), Max=(X=-5600.000 Y=-50.000 Z=-6850.000) RuntimeGrid:None EditorOnly:0 RuntimeOnly:0 HLODRelevant:0 FolderPath:Lighting FolderGuid:963EC3EB4002CCE9759E2EBA541A873A
 |   |   |- [+] [  6]
 |   |   |   |- Guid:21CF42FF4B8564D928A80CA71DADE2DB BaseClass:/Game/ThirdPerson/Blueprints/BP_Asteroid.BP_Asteroid_C NativeClass:/Script/Engine.Actor Name:BP_Asteroid_C_UAID_74563CCA2621E86A02_1609120267 Label:BP_Asteroid4 SpatiallyLoaded:1 Bounds:IsValid=true, Min=(X=-468.567 Y=-444.061 Z=-440.000), Max=(X=505.840 Y=523.643 Z=440.000) RuntimeGrid:None EditorOnly:0 RuntimeOnly:0 HLODRelevant:0 FolderPath:Asteroids FolderGuid:41F48B084CD7C2289F8FE0881BF25793
 |   |   |- [+] [  7]
 |   |   |   |- Guid:DE5525A4424657488C7FCBA5698849B0 BaseClass:/Game/ThirdPerson/Blueprints/BP_Asteroid.BP_Asteroid_C NativeClass:/Script/Engine.Actor Name:BP_Asteroid_C_UAID_74563CCA2621E86A02_1609480269 Label:BP_Asteroid6 SpatiallyLoaded:1 Bounds:IsValid=true, Min=(X=-468.567 Y=-444.061 Z=-440.000), Max=(X=505.840 Y=523.643 Z=440.000) RuntimeGrid:None EditorOnly:0 RuntimeOnly:0 HLODRelevant:0 FolderPath:Asteroids FolderGuid:41F48B084CD7C2289F8FE0881BF25793
 |   |   |- [+] [  8]
 |   |   |   |- Guid:5952CF984E021036CE5C7FB990DB3CB1 BaseClass:/Game/ThirdPerson/Blueprints/BP_Asteroid.BP_Asteroid_C NativeClass:/Script/Engine.Actor Name:BP_Asteroid_C_UAID_74563CCA2621E86A02_1613457282 Label:BP_Asteroid19 SpatiallyLoaded:1 Bounds:IsValid=true, Min=(X=-468.567 Y=-444.061 Z=-440.000), Max=(X=505.840 Y=523.643 Z=440.000) RuntimeGrid:None EditorOnly:0 RuntimeOnly:0 HLODRelevant:0 FolderPath:Asteroids FolderGuid:41F48B084CD7C2289F8FE0881BF25793
 |   |   |- [+] [  9]
 |   |   |   |- Guid:97E7787546090E97306F2E94396021D2 BaseClass:/Game/ThirdPerson/Blueprints/BP_Asteroid.BP_Asteroid_C NativeClass:/Script/Engine.Actor Name:BP_Asteroid_C_UAID_74563CCA2621E86A02_1613842284 Label:BP_Asteroid21 SpatiallyLoaded:1 Bounds:IsValid=true, Min=(X=-468.567 Y=-444.061 Z=-440.000), Max=(X=505.840 Y=523.643 Z=440.000) RuntimeGrid:None EditorOnly:0 RuntimeOnly:0 HLODRelevant:0 FolderPath:Asteroids FolderGuid:41F48B084CD7C2289F8FE0881BF25793
 |   |   |- [+] [ 10]
 |   |   |   |- Guid:BCF188894A20CE3FCB69C7B986BF1A79 BaseClass:/Game/ThirdPerson/Blueprints/BP_Asteroid.BP_Asteroid_C NativeClass:/Script/Engine.Actor Name:BP_Asteroid_C_UAID_74563CCA2621E86A02_1608968266 Label:BP_Asteroid3 SpatiallyLoaded:1 Bounds:IsValid=true, Min=(X=-468.567 Y=-444.061 Z=-440.000), Max=(X=505.840 Y=523.643 Z=440.000) RuntimeGrid:None EditorOnly:0 RuntimeOnly:0 HLODRelevant:0 FolderPath:Asteroids FolderGuid:41F48B084CD7C2289F8FE0881BF25793
 |   |   |- [+] [ 11]
 |   |   |   |- Guid:F4218C4A40C0B8F0FF1718A43B7990F0 BaseClass:/Game/ThirdPerson/Blueprints/BP_Asteroid.BP_Asteroid_C NativeClass:/Script/Engine.Actor Name:BP_Asteroid_C_UAID_74563CCA2621E86A02_1605592264 Label:BP_Asteroid SpatiallyLoaded:1 Bounds:IsValid=true, Min=(X=-468.567 Y=-444.061 Z=-440.000), Max=(X=505.840 Y=523.643 Z=440.000) RuntimeGrid:None EditorOnly:0 RuntimeOnly:0 HLODRelevant:0 FolderPath:Asteroids FolderGuid:41F48B084CD7C2289F8FE0881BF25793
 |   |   |- [+] [ 12]
 |   |   |   |- Guid:780FB9DB4EABC1536051E6B335E1A7CB BaseClass:/Game/ThirdPerson/Blueprints/BP_Asteroid.BP_Asteroid_C NativeClass:/Script/Engine.Actor Name:BP_Asteroid_C_UAID_74563CCA2621E86A02_1614636286 Label:BP_Asteroid23 SpatiallyLoaded:1 Bounds:IsValid=true, Min=(X=-468.567 Y=-444.061 Z=-440.000), Max=(X=505.840 Y=523.643 Z=440.000) RuntimeGrid:None EditorOnly:0 RuntimeOnly:0 HLODRelevant:0 FolderPath:Asteroids FolderGuid:41F48B084CD7C2289F8FE0881BF25793
 |   |   |- [+] [ 13]
 |   |   |   |- Guid:4B72D3D74C3BAEA9ACC380B072E73E6C BaseClass:/Game/ThirdPerson/Blueprints/BP_Asteroid.BP_Asteroid_C NativeClass:/Script/Engine.Actor Name:BP_Asteroid_C_UAID_74563CCA2621E86A02_1609628270 Label:BP_Asteroid7 SpatiallyLoaded:1 Bounds:IsValid=true, Min=(X=-468.567 Y=-444.061 Z=-440.000), Max=(X=505.840 Y=523.643 Z=440.000) RuntimeGrid:None EditorOnly:0 RuntimeOnly:0 HLODRelevant:0 FolderPath:Asteroids FolderGuid:41F48B084CD7C2289F8FE0881BF25793
 |   |   |- [+] [ 14]
 |   |   |   |- Guid:555FD3264A3B5AB3A5B530B1C329A52D BaseClass: NativeClass:/Script/Engine.WorldDataLayers Name:WorldDataLayers Label:WorldDataLayers SpatiallyLoaded:0 Bounds:IsValid=true, Min=(X=0.000 Y=0.000 Z=0.000), Max=(X=0.000 Y=0.000 Z=0.000) RuntimeGrid:None EditorOnly:0 RuntimeOnly:0 HLODRelevant:0
 |   |   |- [+] [ 15]
 |   |   |   |- Guid:D0A8C4A84ACB2EAEE6975ABD4B41748E BaseClass: NativeClass:/Script/Engine.StaticMeshActor Name:StaticMeshActor_UAID_74563CCA2621E76A02_1514801440 Label:Ship_Base SpatiallyLoaded:1 Bounds:IsValid=true, Min=(X=-2143.828 Y=813.141 Z=-906.394), Max=(X=2128.977 Y=2512.156 Z=607.993) RuntimeGrid:None EditorOnly:0 RuntimeOnly:0 HLODRelevant:1
 |   |   |- [+] [ 16]
 |   |   |   |- Guid:5A78D466457D9486948E48856101E796 BaseClass:/Game/ThirdPerson/Blueprints/BP_Asteroid.BP_Asteroid_C NativeClass:/Script/Engine.Actor Name:BP_Asteroid_C_UAID_74563CCA2621E86A02_1609820271 Label:BP_Asteroid8 SpatiallyLoaded:1 Bounds:IsValid=true, Min=(X=-468.567 Y=-444.061 Z=-440.000), Max=(X=505.840 Y=523.643 Z=440.000) RuntimeGrid:None EditorOnly:0 RuntimeOnly:0 HLODRelevant:0 FolderPath:Asteroids FolderGuid:41F48B084CD7C2289F8FE0881BF25793
 |   |   |- [+] [ 17]
 |   |   |   |- Guid:9C6846204DB690D6721FFF9E7A05D5D3 BaseClass:/Game/ThirdPerson/Blueprints/BP_Asteroid.BP_Asteroid_C NativeClass:/Script/Engine.Actor Name:BP_Asteroid_C_UAID_74563CCA2621E86A02_1612065278 Label:BP_Asteroid15 SpatiallyLoaded:1 Bounds:IsValid=true, Min=(X=-468.567 Y=-444.061 Z=-440.000), Max=(X=505.840 Y=523.643 Z=440.000) RuntimeGrid:None EditorOnly:0 RuntimeOnly:0 HLODRelevant:0 FolderPath:Asteroids FolderGuid:41F48B084CD7C2289F8FE0881BF25793
 |   |   |- [+] [ 18]
 |   |   |   |- Guid:A35B5E714153CB7C70A394A47E8D3399 BaseClass:/Game/ThirdPerson/Blueprints/BP_Asteroid.BP_Asteroid_C NativeClass:/Script/Engine.Actor Name:BP_Asteroid_C_UAID_74563CCA2621E86A02_1611431276 Label:BP_Asteroid13 SpatiallyLoaded:1 Bounds:IsValid=true, Min=(X=-468.567 Y=-444.061 Z=-440.000), Max=(X=505.840 Y=523.643 Z=440.000) RuntimeGrid:None EditorOnly:0 RuntimeOnly:0 HLODRelevant:0 FolderPath:Asteroids FolderGuid:41F48B084CD7C2289F8FE0881BF25793
 |   |   |- [+] [ 19]
 |   |   |   |- Guid:A627128741DF77DE30E5FFA593248EBF BaseClass:/Game/ThirdPerson/Blueprints/BP_Asteroid.BP_Asteroid_C NativeClass:/Script/Engine.Actor Name:BP_Asteroid_C_UAID_74563CCA2621E86A02_1615208288 Label:BP_Asteroid25 SpatiallyLoaded:1 Bounds:IsValid=true, Min=(X=-468.567 Y=-444.061 Z=-440.000), Max=(X=505.840 Y=523.643 Z=440.000) RuntimeGrid:None EditorOnly:0 RuntimeOnly:0 HLODRelevant:0 FolderPath:Asteroids FolderGuid:41F48B084CD7C2289F8FE0881BF25793
 |   |   |- [+] [ 20]
 |   |   |   |- Guid:0F7AC14C4A1F49F62E44439D09AF6DDD BaseClass:/Game/ThirdPerson/Blueprints/BP_Asteroid.BP_Asteroid_C NativeClass:/Script/Engine.Actor Name:BP_Asteroid_C_UAID_74563CCA2621E86A02_1609295268 Label:BP_Asteroid5 SpatiallyLoaded:1 Bounds:IsValid=true, Min=(X=-468.567 Y=-444.061 Z=-440.000), Max=(X=505.840 Y=523.643 Z=440.000) RuntimeGrid:None EditorOnly:0 RuntimeOnly:0 HLODRelevant:0 FolderPath:Asteroids FolderGuid:41F48B084CD7C2289F8FE0881BF25793
 |   |   |- [+] [ 21]
 |   |   |   |- Guid:6069D9D14A38AF5F5C792EBE9826AFBA BaseClass:/Game/ThirdPerson/Blueprints/BP_Asteroid.BP_Asteroid_C NativeClass:/Script/Engine.Actor Name:BP_Asteroid_C_UAID_74563CCA2621E86A02_1613650283 Label:BP_Asteroid20 SpatiallyLoaded:1 Bounds:IsValid=true, Min=(X=-468.567 Y=-444.061 Z=-440.000), Max=(X=505.840 Y=523.643 Z=440.000) RuntimeGrid:None EditorOnly:0 RuntimeOnly:0 HLODRelevant:0 FolderPath:Asteroids FolderGuid:41F48B084CD7C2289F8FE0881BF25793
 |   |   |- [+] [ 22]
 |   |   |   |- Guid:42B15751445A977AC75D10AB5685A9A3 BaseClass: NativeClass:/Script/Engine.VolumetricCloud Name:VolumetricCloud_UAID_74563CCA2621ED6A02_1914082144 Label:VolumetricCloud SpatiallyLoaded:0 Bounds:IsValid=true, Min=(X=0.000 Y=0.000 Z=820.000), Max=(X=0.000 Y=0.000 Z=820.000) RuntimeGrid:None EditorOnly:0 RuntimeOnly:0 HLODRelevant:0 FolderPath:Lighting FolderGuid:963EC3EB4002CCE9759E2EBA541A873A
 |   |   |- [+] [ 23]
 |   |   |   |- Guid:7952818943C2F8FA530B14A12C6DED6A BaseClass: NativeClass:/Script/Engine.SkyLight Name:SkyLight_UAID_74563CCA2621ED6A02_1914087147 Label:SkyLight SpatiallyLoaded:0 Bounds:IsValid=true, Min=(X=0.000 Y=0.000 Z=690.000), Max=(X=0.000 Y=0.000 Z=690.000) RuntimeGrid:None EditorOnly:0 RuntimeOnly:0 HLODRelevant:0 FolderPath:Lighting FolderGuid:963EC3EB4002CCE9759E2EBA541A873A
 |   |   |- [+] [ 24]
 |   |   |   |- Guid:7F15E30B4985336798715E9FFBCD3135 BaseClass:/Game/ThirdPerson/Blueprints/BP_Asteroid.BP_Asteroid_C NativeClass:/Script/Engine.Actor Name:BP_Asteroid_C_UAID_74563CCA2621E86A02_1613197281 Label:BP_Asteroid18 SpatiallyLoaded:1 Bounds:IsValid=true, Min=(X=-468.567 Y=-444.061 Z=-440.000), Max=(X=505.840 Y=523.643 Z=440.000) RuntimeGrid:None EditorOnly:0 RuntimeOnly:0 HLODRelevant:0 FolderPath:Asteroids FolderGuid:41F48B084CD7C2289F8FE0881BF25793
 |   |   |- [+] [ 25]
 |   |   |   |- Guid:0EE9F6664DA5047BF2A57EA204070146 BaseClass:/Game/ThirdPerson/Blueprints/BP_Asteroid.BP_Asteroid_C NativeClass:/Script/Engine.Actor Name:BP_Asteroid_C_UAID_74563CCA2621E86A02_1614035285 Label:BP_Asteroid22 SpatiallyLoaded:1 Bounds:IsValid=true, Min=(X=-468.567 Y=-444.061 Z=-440.000), Max=(X=505.840 Y=523.643 Z=440.000) RuntimeGrid:None EditorOnly:0 RuntimeOnly:0 HLODRelevant:0 FolderPath:Asteroids FolderGuid:41F48B084CD7C2289F8FE0881BF25793
 |   |   |- [+] [ 26]
 |   |   |   |- Guid:AD38CAEF49C04CA13C736AA135D7E312 BaseClass:/Game/ThirdPerson/Blueprints/BP_Asteroid.BP_Asteroid_C NativeClass:/Script/Engine.Actor Name:BP_Asteroid_C_UAID_74563CCA2621E86A02_1608754265 Label:BP_Asteroid2 SpatiallyLoaded:1 Bounds:IsValid=true, Min=(X=-468.567 Y=-444.061 Z=-440.000), Max=(X=505.840 Y=523.643 Z=440.000) RuntimeGrid:None EditorOnly:0 RuntimeOnly:0 HLODRelevant:0 FolderPath:Asteroids FolderGuid:41F48B084CD7C2289F8FE0881BF25793
 |   |   |- [+] [ 27]
 |   |   |   |- Guid:0FF1E72746A60BDDFE737F93B9D7A1D3 BaseClass:/Game/ThirdPerson/Blueprints/BP_Asteroid.BP_Asteroid_C NativeClass:/Script/Engine.Actor Name:BP_Asteroid_C_UAID_74563CCA2621E86A02_1611575277 Label:BP_Asteroid14 SpatiallyLoaded:1 Bounds:IsValid=true, Min=(X=-468.567 Y=-444.061 Z=-440.000), Max=(X=505.840 Y=523.643 Z=440.000) RuntimeGrid:None EditorOnly:0 RuntimeOnly:0 HLODRelevant:0 FolderPath:Asteroids FolderGuid:41F48B084CD7C2289F8FE0881BF25793
 |   |   |- [+] [ 28]
 |   |   |   |- Guid:9DA8FA624FC0B2717E042F802688BFD7 BaseClass:/Game/ThirdPerson/Blueprints/BP_Asteroid.BP_Asteroid_C NativeClass:/Script/Engine.Actor Name:BP_Asteroid_C_UAID_74563CCA2621E86A02_1612651279 Label:BP_Asteroid16 SpatiallyLoaded:1 Bounds:IsValid=true, Min=(X=-468.567 Y=-444.061 Z=-440.000), Max=(X=505.840 Y=523.643 Z=440.000) RuntimeGrid:None EditorOnly:0 RuntimeOnly:0 HLODRelevant:0 FolderPath:Asteroids FolderGuid:41F48B084CD7C2289F8FE0881BF25793
 |   |   |- [+] [ 29]
 |   |   |   |- Guid:3DE123804A53DF9DE13E6998C1F98828 BaseClass:/Game/ThirdPerson/Blueprints/BP_Asteroid.BP_Asteroid_C NativeClass:/Script/Engine.Actor Name:BP_Asteroid_C_UAID_74563CCA2621E86A02_1610371274 Label:BP_Asteroid11 SpatiallyLoaded:1 Bounds:IsValid=true, Min=(X=-468.567 Y=-444.061 Z=-440.000), Max=(X=505.840 Y=523.643 Z=440.000) RuntimeGrid:None EditorOnly:0 RuntimeOnly:0 HLODRelevant:0 FolderPath:Asteroids FolderGuid:41F48B084CD7C2289F8FE0881BF25793
 |   |   |- [+] [ 30]
 |   |   |   |- Guid:0CFA69F74A76556752B2BA888FFDF4B6 BaseClass:/Game/ThirdPerson/Blueprints/BP_Asteroid.BP_Asteroid_C NativeClass:/Script/Engine.Actor Name:BP_Asteroid_C_UAID_74563CCA2621E86A02_1614806287 Label:BP_Asteroid24 SpatiallyLoaded:1 Bounds:IsValid=true, Min=(X=-468.567 Y=-444.061 Z=-440.000), Max=(X=505.840 Y=523.643 Z=440.000) RuntimeGrid:None EditorOnly:0 RuntimeOnly:0 HLODRelevant:0 FolderPath:Asteroids FolderGuid:41F48B084CD7C2289F8FE0881BF25793
 |   |   |- [+] [ 31]
 |   |   |   |- Guid:1A94A1B64E31652ED069D0A1B110A204 BaseClass: NativeClass:/Script/Engine.SkyAtmosphere Name:SkyAtmosphere_UAID_74563CCA2621ED6A02_1914088149 Label:SkyAtmosphere SpatiallyLoaded:0 Bounds:IsValid=true, Min=(X=0.000 Y=0.000 Z=1020.000), Max=(X=0.000 Y=0.000 Z=1020.000) RuntimeGrid:None EditorOnly:0 RuntimeOnly:0 HLODRelevant:0 FolderPath:Lighting FolderGuid:963EC3EB4002CCE9759E2EBA541A873A
 |   |   |- [+] [ 32]
 |   |   |   |- Guid:13C7A9014C8854B80B11F18A9FC882FB BaseClass:/Game/ThirdPerson/Blueprints/BP_Asteroid.BP_Asteroid_C NativeClass:/Script/Engine.Actor Name:BP_Asteroid_C_UAID_74563CCA2621E86A02_1609988272 Label:BP_Asteroid9 SpatiallyLoaded:1 Bounds:IsValid=true, Min=(X=-468.567 Y=-444.061 Z=-440.000), Max=(X=505.840 Y=523.643 Z=440.000) RuntimeGrid:None EditorOnly:0 RuntimeOnly:0 HLODRelevant:0 FolderPath:Asteroids FolderGuid:41F48B084CD7C2289F8FE0881BF25793
 |   |   |- [+] [ 33]
 |   |   |   |- Guid:10A6EC47487D743B8AC956B0B539CAF7 BaseClass: NativeClass:/Script/Engine.DirectionalLight Name:DirectionalLight_UAID_74563CCA2621ED6A02_1914089150 Label:DirectionalLight SpatiallyLoaded:0 Bounds:IsValid=true, Min=(X=-4398046511104.000 Y=-4398046511104.000 Z=-4398046511104.000), Max=(X=4398046511104.000 Y=4398046511104.000 Z=4398046511104.000) RuntimeGrid:None EditorOnly:0 RuntimeOnly:0 HLODRelevant:0 FolderPath:Lighting FolderGuid:963EC3EB4002CCE9759E2EBA541A873A
 |- ContainerInstances:
 |- [+] MainContainer:
 |   |-        ID: 0x0000000000000000
 |   |-    Bounds: IsValid=false, Min=(X=0.000 Y=0.000 Z=0.000), Max=(X=0.000 Y=0.000 Z=0.000)
 |   |- Transform: 0.000000,0.000000,0.000000|0.000000,0.000000,-0.000000|1.000000,1.000000,1.000000
 |   |- Container: /Game/ThirdPerson/Maps/Menu_Map
----------------------------------------------------------------------------------------------------------------
Menu_Map - Persistent Level
----------------------------------------------------------------------------------------------------------------
Always loaded Actor Count: 68 

----------------------------------------------------------------------------------------------------------------
Menu_Map - Runtime Spatial Hash - Streaming Grid - MainGrid
----------------------------------------------------------------------------------------------------------------
            Origin: X=0.000 Y=0.000 Z=0.000
         Cell Size: 12800
      World Bounds: IsValid=false, Min=(X=0.000 Y=0.000 Z=0.000), Max=(X=0.000 Y=0.000 Z=0.000)
     Loading Range: 25600.00
Block Slow Loading: No
 ClientOnlyVisible: No

[+] Grid Levels: 1
 |- Level  0: Cell Count    0 | Cell Size   12800 | Actor Count    0 (0.0%)

[+] Content of Grid Level 0

